ARM GAS  C:\Users\Joon\AppData\Local\Temp\ccsy8znG.s 			page 1


   1              		.syntax unified
   2              		.cpu cortex-m3
   3              		.fpu softvfp
   4              		.eabi_attribute 20, 1
   5              		.eabi_attribute 21, 1
   6              		.eabi_attribute 23, 3
   7              		.eabi_attribute 24, 1
   8              		.eabi_attribute 25, 1
   9              		.eabi_attribute 26, 1
  10              		.eabi_attribute 30, 1
  11              		.eabi_attribute 34, 1
  12              		.eabi_attribute 18, 4
  13              		.thumb
  14              		.syntax unified
  15              		.file	"cymetadata.c"
  16              		.text
  17              	.Ltext0:
  18              		.cfi_sections	.debug_frame
  19              		.global	cy_metadata
  20              		.global	cy_meta_flashprotect
  21              		.global	cy_meta_wonvl
  22              		.global	cy_meta_custnvl
  23              		.global	cy_meta_configecc
  24              		.section	.cyconfigecc,"a",%progbits
  25              		.align	2
  26              		.type	cy_meta_configecc, %object
  27              		.size	cy_meta_configecc, 1772
  28              	cy_meta_configecc:
  29 0000 01       		.byte	1
  30 0001 52       		.byte	82
  31 0002 00       		.byte	0
  32 0003 40       		.byte	64
  33 0004 01       		.byte	1
  34 0005 5B       		.byte	91
  35 0006 00       		.byte	0
  36 0007 40       		.byte	64
  37 0008 02       		.byte	2
  38 0009 64       		.byte	100
  39 000a 00       		.byte	0
  40 000b 40       		.byte	64
  41 000c 01       		.byte	1
  42 000d 01       		.byte	1
  43 000e 01       		.byte	1
  44 000f 40       		.byte	64
  45 0010 01       		.byte	1
  46 0011 03       		.byte	3
  47 0012 01       		.byte	1
  48 0013 40       		.byte	64
  49 0014 01       		.byte	1
  50 0015 05       		.byte	5
  51 0016 01       		.byte	1
  52 0017 40       		.byte	64
  53 0018 08       		.byte	8
  54 0019 06       		.byte	6
  55 001a 01       		.byte	1
  56 001b 40       		.byte	64
  57 001c 23       		.byte	35
ARM GAS  C:\Users\Joon\AppData\Local\Temp\ccsy8znG.s 			page 2


  58 001d 07       		.byte	7
  59 001e 01       		.byte	1
  60 001f 40       		.byte	64
  61 0020 33       		.byte	51
  62 0021 08       		.byte	8
  63 0022 01       		.byte	1
  64 0023 40       		.byte	64
  65 0024 41       		.byte	65
  66 0025 09       		.byte	9
  67 0026 01       		.byte	1
  68 0027 40       		.byte	64
  69 0028 1E       		.byte	30
  70 0029 0A       		.byte	10
  71 002a 01       		.byte	1
  72 002b 40       		.byte	64
  73 002c 2F       		.byte	47
  74 002d 0B       		.byte	11
  75 002e 01       		.byte	1
  76 002f 40       		.byte	64
  77 0030 60       		.byte	96
  78 0031 0C       		.byte	12
  79 0032 01       		.byte	1
  80 0033 40       		.byte	64
  81 0034 41       		.byte	65
  82 0035 0D       		.byte	13
  83 0036 01       		.byte	1
  84 0037 40       		.byte	64
  85 0038 44       		.byte	68
  86 0039 0E       		.byte	14
  87 003a 01       		.byte	1
  88 003b 40       		.byte	64
  89 003c 2E       		.byte	46
  90 003d 0F       		.byte	15
  91 003e 01       		.byte	1
  92 003f 40       		.byte	64
  93 0040 08       		.byte	8
  94 0041 14       		.byte	20
  95 0042 01       		.byte	1
  96 0043 40       		.byte	64
  97 0044 2F       		.byte	47
  98 0045 15       		.byte	21
  99 0046 01       		.byte	1
 100 0047 40       		.byte	64
 101 0048 0F       		.byte	15
 102 0049 17       		.byte	23
 103 004a 01       		.byte	1
 104 004b 40       		.byte	64
 105 004c 1F       		.byte	31
 106 004d 18       		.byte	24
 107 004e 01       		.byte	1
 108 004f 40       		.byte	64
 109 0050 3D       		.byte	61
 110 0051 19       		.byte	25
 111 0052 01       		.byte	1
 112 0053 40       		.byte	64
 113 0054 0C       		.byte	12
 114 0055 1A       		.byte	26
ARM GAS  C:\Users\Joon\AppData\Local\Temp\ccsy8znG.s 			page 3


 115 0056 01       		.byte	1
 116 0057 40       		.byte	64
 117 0058 2E       		.byte	46
 118 0059 1B       		.byte	27
 119 005a 01       		.byte	1
 120 005b 40       		.byte	64
 121 005c 0B       		.byte	11
 122 005d 40       		.byte	64
 123 005e 01       		.byte	1
 124 005f 40       		.byte	64
 125 0060 05       		.byte	5
 126 0061 41       		.byte	65
 127 0062 01       		.byte	1
 128 0063 40       		.byte	64
 129 0064 04       		.byte	4
 130 0065 42       		.byte	66
 131 0066 01       		.byte	1
 132 0067 40       		.byte	64
 133 0068 01       		.byte	1
 134 0069 43       		.byte	67
 135 006a 01       		.byte	1
 136 006b 40       		.byte	64
 137 006c 03       		.byte	3
 138 006d 45       		.byte	69
 139 006e 01       		.byte	1
 140 006f 40       		.byte	64
 141 0070 04       		.byte	4
 142 0071 46       		.byte	70
 143 0072 01       		.byte	1
 144 0073 40       		.byte	64
 145 0074 04       		.byte	4
 146 0075 47       		.byte	71
 147 0076 01       		.byte	1
 148 0077 40       		.byte	64
 149 0078 04       		.byte	4
 150 0079 48       		.byte	72
 151 007a 01       		.byte	1
 152 007b 40       		.byte	64
 153 007c 01       		.byte	1
 154 007d 49       		.byte	73
 155 007e 01       		.byte	1
 156 007f 40       		.byte	64
 157 0080 0C       		.byte	12
 158 0081 4C       		.byte	76
 159 0082 01       		.byte	1
 160 0083 40       		.byte	64
 161 0084 04       		.byte	4
 162 0085 4D       		.byte	77
 163 0086 01       		.byte	1
 164 0087 40       		.byte	64
 165 0088 0B       		.byte	11
 166 0089 50       		.byte	80
 167 008a 01       		.byte	1
 168 008b 40       		.byte	64
 169 008c 02       		.byte	2
 170 008d 51       		.byte	81
 171 008e 01       		.byte	1
ARM GAS  C:\Users\Joon\AppData\Local\Temp\ccsy8znG.s 			page 4


 172 008f 40       		.byte	64
 173 0090 08       		.byte	8
 174 0091 10       		.byte	16
 175 0092 2F       		.byte	47
 176 0093 84       		.byte	-124
 177 0094 8D       		.byte	-115
 178 0095 6F       		.byte	111
 179 0096 8E       		.byte	-114
 180 0097 0F       		.byte	15
 181 0098 E2       		.byte	-30
 182 0099 04       		.byte	4
 183 009a E2       		.byte	-30
 184 009b 08       		.byte	8
 185 009c E6       		.byte	-26
 186 009d 01       		.byte	1
 187 009e 58       		.byte	88
 188 009f 04       		.byte	4
 189 00a0 59       		.byte	89
 190 00a1 04       		.byte	4
 191 00a2 5C       		.byte	92
 192 00a3 11       		.byte	17
 193 00a4 5F       		.byte	95
 194 00a5 01       		.byte	1
 195 00a6 D8       		.byte	-40
 196 00a7 04       		.byte	4
 197 00a8 D9       		.byte	-39
 198 00a9 04       		.byte	4
 199 00aa DC       		.byte	-36
 200 00ab 11       		.byte	17
 201 00ac DF       		.byte	-33
 202 00ad 01       		.byte	1
 203 00ae 00       		.byte	0
 204 00af 10       		.byte	16
 205 00b0 03       		.byte	3
 206 00b1 02       		.byte	2
 207 00b2 05       		.byte	5
 208 00b3 04       		.byte	4
 209 00b4 06       		.byte	6
 210 00b5 08       		.byte	8
 211 00b6 09       		.byte	9
 212 00b7 04       		.byte	4
 213 00b8 0B       		.byte	11
 214 00b9 09       		.byte	9
 215 00ba 0D       		.byte	13
 216 00bb 20       		.byte	32
 217 00bc 0F       		.byte	15
 218 00bd 01       		.byte	1
 219 00be 12       		.byte	18
 220 00bf 10       		.byte	16
 221 00c0 13       		.byte	19
 222 00c1 20       		.byte	32
 223 00c2 16       		.byte	22
 224 00c3 12       		.byte	18
 225 00c4 17       		.byte	23
 226 00c5 20       		.byte	32
 227 00c6 2F       		.byte	47
 228 00c7 02       		.byte	2
ARM GAS  C:\Users\Joon\AppData\Local\Temp\ccsy8znG.s 			page 5


 229 00c8 31       		.byte	49
 230 00c9 54       		.byte	84
 231 00ca 33       		.byte	51
 232 00cb 02       		.byte	2
 233 00cc 35       		.byte	53
 234 00cd 54       		.byte	84
 235 00ce 37       		.byte	55
 236 00cf 20       		.byte	32
 237 00d0 38       		.byte	56
 238 00d1 08       		.byte	8
 239 00d2 3A       		.byte	58
 240 00d3 98       		.byte	-104
 241 00d4 3B       		.byte	59
 242 00d5 14       		.byte	20
 243 00d6 3D       		.byte	61
 244 00d7 08       		.byte	8
 245 00d8 3F       		.byte	63
 246 00d9 15       		.byte	21
 247 00da 82       		.byte	-126
 248 00db 80       		.byte	-128
 249 00dc 83       		.byte	-125
 250 00dd 01       		.byte	1
 251 00de 85       		.byte	-123
 252 00df 40       		.byte	64
 253 00e0 86       		.byte	-122
 254 00e1 02       		.byte	2
 255 00e2 87       		.byte	-121
 256 00e3 04       		.byte	4
 257 00e4 C0       		.byte	-64
 258 00e5 63       		.byte	99
 259 00e6 C2       		.byte	-62
 260 00e7 C7       		.byte	-57
 261 00e8 C4       		.byte	-60
 262 00e9 E6       		.byte	-26
 263 00ea CA       		.byte	-54
 264 00eb 10       		.byte	16
 265 00ec CC       		.byte	-52
 266 00ed 7F       		.byte	127
 267 00ee CE       		.byte	-50
 268 00ef EE       		.byte	-18
 269 00f0 E2       		.byte	-30
 270 00f1 01       		.byte	1
 271 00f2 E6       		.byte	-26
 272 00f3 08       		.byte	8
 273 00f4 02       		.byte	2
 274 00f5 02       		.byte	2
 275 00f6 08       		.byte	8
 276 00f7 04       		.byte	4
 277 00f8 15       		.byte	21
 278 00f9 01       		.byte	1
 279 00fa 16       		.byte	22
 280 00fb 01       		.byte	1
 281 00fc 1B       		.byte	27
 282 00fd 03       		.byte	3
 283 00fe 28       		.byte	40
 284 00ff 01       		.byte	1
 285 0100 2C       		.byte	44
ARM GAS  C:\Users\Joon\AppData\Local\Temp\ccsy8znG.s 			page 6


 286 0101 04       		.byte	4
 287 0102 32       		.byte	50
 288 0103 03       		.byte	3
 289 0104 33       		.byte	51
 290 0105 01       		.byte	1
 291 0106 35       		.byte	53
 292 0107 02       		.byte	2
 293 0108 36       		.byte	54
 294 0109 04       		.byte	4
 295 010a 38       		.byte	56
 296 010b 80       		.byte	-128
 297 010c 3E       		.byte	62
 298 010d 40       		.byte	64
 299 010e 52       		.byte	82
 300 010f 03       		.byte	3
 301 0110 53       		.byte	83
 302 0111 02       		.byte	2
 303 0112 58       		.byte	88
 304 0113 04       		.byte	4
 305 0114 59       		.byte	89
 306 0115 0C       		.byte	12
 307 0116 5B       		.byte	91
 308 0117 04       		.byte	4
 309 0118 5C       		.byte	92
 310 0119 19       		.byte	25
 311 011a 5D       		.byte	93
 312 011b 10       		.byte	16
 313 011c 5F       		.byte	95
 314 011d 01       		.byte	1
 315 011e 80       		.byte	-128
 316 011f 10       		.byte	16
 317 0120 82       		.byte	-126
 318 0121 20       		.byte	32
 319 0122 86       		.byte	-122
 320 0123 08       		.byte	8
 321 0124 8A       		.byte	-118
 322 0125 04       		.byte	4
 323 0126 8B       		.byte	-117
 324 0127 01       		.byte	1
 325 0128 8E       		.byte	-114
 326 0129 02       		.byte	2
 327 012a 8F       		.byte	-113
 328 012b 02       		.byte	2
 329 012c 92       		.byte	-110
 330 012d 01       		.byte	1
 331 012e 94       		.byte	-108
 332 012f 40       		.byte	64
 333 0130 96       		.byte	-106
 334 0131 80       		.byte	-128
 335 0132 98       		.byte	-104
 336 0133 01       		.byte	1
 337 0134 9C       		.byte	-100
 338 0135 02       		.byte	2
 339 0136 A0       		.byte	-96
 340 0137 04       		.byte	4
 341 0138 A4       		.byte	-92
 342 0139 08       		.byte	8
ARM GAS  C:\Users\Joon\AppData\Local\Temp\ccsy8znG.s 			page 7


 343 013a A8       		.byte	-88
 344 013b 20       		.byte	32
 345 013c AA       		.byte	-86
 346 013d 10       		.byte	16
 347 013e AC       		.byte	-84
 348 013f 80       		.byte	-128
 349 0140 AE       		.byte	-82
 350 0141 40       		.byte	64
 351 0142 B3       		.byte	-77
 352 0143 02       		.byte	2
 353 0144 B6       		.byte	-74
 354 0145 FF       		.byte	-1
 355 0146 B7       		.byte	-73
 356 0147 01       		.byte	1
 357 0148 BE       		.byte	-66
 358 0149 40       		.byte	64
 359 014a D6       		.byte	-42
 360 014b 02       		.byte	2
 361 014c D7       		.byte	-41
 362 014d 32       		.byte	50
 363 014e D8       		.byte	-40
 364 014f 04       		.byte	4
 365 0150 D9       		.byte	-39
 366 0151 04       		.byte	4
 367 0152 DB       		.byte	-37
 368 0153 0C       		.byte	12
 369 0154 DC       		.byte	-36
 370 0155 10       		.byte	16
 371 0156 DD       		.byte	-35
 372 0157 10       		.byte	16
 373 0158 DF       		.byte	-33
 374 0159 01       		.byte	1
 375 015a 00       		.byte	0
 376 015b A8       		.byte	-88
 377 015c 01       		.byte	1
 378 015d 80       		.byte	-128
 379 015e 02       		.byte	2
 380 015f 80       		.byte	-128
 381 0160 03       		.byte	3
 382 0161 80       		.byte	-128
 383 0162 06       		.byte	6
 384 0163 80       		.byte	-128
 385 0164 07       		.byte	7
 386 0165 04       		.byte	4
 387 0166 08       		.byte	8
 388 0167 04       		.byte	4
 389 0168 09       		.byte	9
 390 0169 C8       		.byte	-56
 391 016a 0A       		.byte	10
 392 016b 84       		.byte	-124
 393 016c 0B       		.byte	11
 394 016d 80       		.byte	-128
 395 016e 0E       		.byte	14
 396 016f 20       		.byte	32
 397 0170 10       		.byte	16
 398 0171 2A       		.byte	42
 399 0172 11       		.byte	17
ARM GAS  C:\Users\Joon\AppData\Local\Temp\ccsy8znG.s 			page 8


 400 0173 01       		.byte	1
 401 0174 13       		.byte	19
 402 0175 40       		.byte	64
 403 0176 16       		.byte	22
 404 0177 0A       		.byte	10
 405 0178 17       		.byte	23
 406 0179 20       		.byte	32
 407 017a 1A       		.byte	26
 408 017b 01       		.byte	1
 409 017c 1D       		.byte	29
 410 017d 40       		.byte	64
 411 017e 1E       		.byte	30
 412 017f 20       		.byte	32
 413 0180 20       		.byte	32
 414 0181 10       		.byte	16
 415 0182 21       		.byte	33
 416 0183 08       		.byte	8
 417 0184 22       		.byte	34
 418 0185 80       		.byte	-128
 419 0186 27       		.byte	39
 420 0187 28       		.byte	40
 421 0188 28       		.byte	40
 422 0189 04       		.byte	4
 423 018a 29       		.byte	41
 424 018b 80       		.byte	-128
 425 018c 2B       		.byte	43
 426 018d 90       		.byte	-112
 427 018e 32       		.byte	50
 428 018f 08       		.byte	8
 429 0190 33       		.byte	51
 430 0191 40       		.byte	64
 431 0192 36       		.byte	54
 432 0193 10       		.byte	16
 433 0194 37       		.byte	55
 434 0195 08       		.byte	8
 435 0196 39       		.byte	57
 436 0197 10       		.byte	16
 437 0198 3B       		.byte	59
 438 0199 44       		.byte	68
 439 019a 5B       		.byte	91
 440 019b 04       		.byte	4
 441 019c 61       		.byte	97
 442 019d 40       		.byte	64
 443 019e 68       		.byte	104
 444 019f 2A       		.byte	42
 445 01a0 69       		.byte	105
 446 01a1 11       		.byte	17
 447 01a2 6D       		.byte	109
 448 01a3 40       		.byte	64
 449 01a4 6F       		.byte	111
 450 01a5 06       		.byte	6
 451 01a6 71       		.byte	113
 452 01a7 90       		.byte	-112
 453 01a8 72       		.byte	114
 454 01a9 04       		.byte	4
 455 01aa 79       		.byte	121
 456 01ab 40       		.byte	64
ARM GAS  C:\Users\Joon\AppData\Local\Temp\ccsy8znG.s 			page 9


 457 01ac 7F       		.byte	127
 458 01ad 02       		.byte	2
 459 01ae 81       		.byte	-127
 460 01af 08       		.byte	8
 461 01b0 86       		.byte	-122
 462 01b1 80       		.byte	-128
 463 01b2 88       		.byte	-120
 464 01b3 80       		.byte	-128
 465 01b4 8A       		.byte	-118
 466 01b5 08       		.byte	8
 467 01b6 8D       		.byte	-115
 468 01b7 10       		.byte	16
 469 01b8 94       		.byte	-108
 470 01b9 10       		.byte	16
 471 01ba 96       		.byte	-106
 472 01bb 80       		.byte	-128
 473 01bc 97       		.byte	-105
 474 01bd 80       		.byte	-128
 475 01be 9C       		.byte	-100
 476 01bf 80       		.byte	-128
 477 01c0 9D       		.byte	-99
 478 01c1 80       		.byte	-128
 479 01c2 A4       		.byte	-92
 480 01c3 04       		.byte	4
 481 01c4 A5       		.byte	-91
 482 01c5 18       		.byte	24
 483 01c6 A6       		.byte	-90
 484 01c7 88       		.byte	-120
 485 01c8 A7       		.byte	-89
 486 01c9 0A       		.byte	10
 487 01ca C0       		.byte	-64
 488 01cb 5F       		.byte	95
 489 01cc C2       		.byte	-62
 490 01cd 2F       		.byte	47
 491 01ce C4       		.byte	-60
 492 01cf CF       		.byte	-49
 493 01d0 CA       		.byte	-54
 494 01d1 0F       		.byte	15
 495 01d2 CC       		.byte	-52
 496 01d3 6A       		.byte	106
 497 01d4 CE       		.byte	-50
 498 01d5 0E       		.byte	14
 499 01d6 D6       		.byte	-42
 500 01d7 02       		.byte	2
 501 01d8 D8       		.byte	-40
 502 01d9 08       		.byte	8
 503 01da DE       		.byte	-34
 504 01db 18       		.byte	24
 505 01dc 58       		.byte	88
 506 01dd 04       		.byte	4
 507 01de 59       		.byte	89
 508 01df 04       		.byte	4
 509 01e0 5C       		.byte	92
 510 01e1 11       		.byte	17
 511 01e2 5F       		.byte	95
 512 01e3 01       		.byte	1
 513 01e4 86       		.byte	-122
ARM GAS  C:\Users\Joon\AppData\Local\Temp\ccsy8znG.s 			page 10


 514 01e5 74       		.byte	116
 515 01e6 88       		.byte	-120
 516 01e7 34       		.byte	52
 517 01e8 8A       		.byte	-118
 518 01e9 40       		.byte	64
 519 01ea 8C       		.byte	-116
 520 01eb 44       		.byte	68
 521 01ec 8E       		.byte	-114
 522 01ed 20       		.byte	32
 523 01ee 96       		.byte	-106
 524 01ef 03       		.byte	3
 525 01f0 98       		.byte	-104
 526 01f1 01       		.byte	1
 527 01f2 9C       		.byte	-100
 528 01f3 04       		.byte	4
 529 01f4 9E       		.byte	-98
 530 01f5 10       		.byte	16
 531 01f6 A0       		.byte	-96
 532 01f7 44       		.byte	68
 533 01f8 A2       		.byte	-94
 534 01f9 10       		.byte	16
 535 01fa A6       		.byte	-90
 536 01fb 08       		.byte	8
 537 01fc A8       		.byte	-88
 538 01fd 70       		.byte	112
 539 01fe AE       		.byte	-82
 540 01ff 01       		.byte	1
 541 0200 B0       		.byte	-80
 542 0201 74       		.byte	116
 543 0202 B2       		.byte	-78
 544 0203 0C       		.byte	12
 545 0204 B4       		.byte	-76
 546 0205 02       		.byte	2
 547 0206 B6       		.byte	-74
 548 0207 01       		.byte	1
 549 0208 BE       		.byte	-66
 550 0209 40       		.byte	64
 551 020a D4       		.byte	-44
 552 020b 01       		.byte	1
 553 020c D8       		.byte	-40
 554 020d 04       		.byte	4
 555 020e D9       		.byte	-39
 556 020f 04       		.byte	4
 557 0210 DB       		.byte	-37
 558 0211 0C       		.byte	12
 559 0212 DC       		.byte	-36
 560 0213 10       		.byte	16
 561 0214 DD       		.byte	-35
 562 0215 10       		.byte	16
 563 0216 DF       		.byte	-33
 564 0217 01       		.byte	1
 565 0218 00       		.byte	0
 566 0219 08       		.byte	8
 567 021a 01       		.byte	1
 568 021b 80       		.byte	-128
 569 021c 03       		.byte	3
 570 021d 18       		.byte	24
ARM GAS  C:\Users\Joon\AppData\Local\Temp\ccsy8znG.s 			page 11


 571 021e 04       		.byte	4
 572 021f 40       		.byte	64
 573 0220 05       		.byte	5
 574 0221 14       		.byte	20
 575 0222 09       		.byte	9
 576 0223 08       		.byte	8
 577 0224 0A       		.byte	10
 578 0225 80       		.byte	-128
 579 0226 0E       		.byte	14
 580 0227 28       		.byte	40
 581 0228 0F       		.byte	15
 582 0229 02       		.byte	2
 583 022a 12       		.byte	18
 584 022b 88       		.byte	-120
 585 022c 15       		.byte	21
 586 022d 02       		.byte	2
 587 022e 16       		.byte	22
 588 022f 04       		.byte	4
 589 0230 17       		.byte	23
 590 0231 44       		.byte	68
 591 0232 1C       		.byte	28
 592 0233 40       		.byte	64
 593 0234 1D       		.byte	29
 594 0235 80       		.byte	-128
 595 0236 1E       		.byte	30
 596 0237 68       		.byte	104
 597 0238 28       		.byte	40
 598 0239 40       		.byte	64
 599 023a 29       		.byte	41
 600 023b 80       		.byte	-128
 601 023c 2B       		.byte	43
 602 023d 08       		.byte	8
 603 023e 2D       		.byte	45
 604 023f 80       		.byte	-128
 605 0240 2F       		.byte	47
 606 0241 48       		.byte	72
 607 0242 32       		.byte	50
 608 0243 48       		.byte	72
 609 0244 33       		.byte	51
 610 0245 10       		.byte	16
 611 0246 34       		.byte	52
 612 0247 40       		.byte	64
 613 0248 36       		.byte	54
 614 0249 88       		.byte	-120
 615 024a 38       		.byte	56
 616 024b 10       		.byte	16
 617 024c 3C       		.byte	60
 618 024d 18       		.byte	24
 619 024e 5C       		.byte	92
 620 024f 80       		.byte	-128
 621 0250 7F       		.byte	127
 622 0251 02       		.byte	2
 623 0252 80       		.byte	-128
 624 0253 80       		.byte	-128
 625 0254 91       		.byte	-111
 626 0255 02       		.byte	2
 627 0256 96       		.byte	-106
ARM GAS  C:\Users\Joon\AppData\Local\Temp\ccsy8znG.s 			page 12


 628 0257 40       		.byte	64
 629 0258 99       		.byte	-103
 630 0259 14       		.byte	20
 631 025a 9A       		.byte	-102
 632 025b 04       		.byte	4
 633 025c 9B       		.byte	-101
 634 025d 44       		.byte	68
 635 025e A3       		.byte	-93
 636 025f 01       		.byte	1
 637 0260 A5       		.byte	-91
 638 0261 90       		.byte	-112
 639 0262 A6       		.byte	-90
 640 0263 10       		.byte	16
 641 0264 B6       		.byte	-74
 642 0265 10       		.byte	16
 643 0266 C0       		.byte	-64
 644 0267 E7       		.byte	-25
 645 0268 C2       		.byte	-62
 646 0269 EC       		.byte	-20
 647 026a C4       		.byte	-60
 648 026b FA       		.byte	-6
 649 026c CA       		.byte	-54
 650 026d BD       		.byte	-67
 651 026e CC       		.byte	-52
 652 026f 5E       		.byte	94
 653 0270 CE       		.byte	-50
 654 0271 64       		.byte	100
 655 0272 D6       		.byte	-42
 656 0273 10       		.byte	16
 657 0274 DE       		.byte	-34
 658 0275 10       		.byte	16
 659 0276 01       		.byte	1
 660 0277 0E       		.byte	14
 661 0278 03       		.byte	3
 662 0279 F0       		.byte	-16
 663 027a 04       		.byte	4
 664 027b 05       		.byte	5
 665 027c 06       		.byte	6
 666 027d 0A       		.byte	10
 667 027e 08       		.byte	8
 668 027f 0F       		.byte	15
 669 0280 09       		.byte	9
 670 0281 7F       		.byte	127
 671 0282 10       		.byte	16
 672 0283 0A       		.byte	10
 673 0284 11       		.byte	17
 674 0285 A3       		.byte	-93
 675 0286 12       		.byte	18
 676 0287 05       		.byte	5
 677 0288 13       		.byte	19
 678 0289 5C       		.byte	92
 679 028a 15       		.byte	21
 680 028b 96       		.byte	-106
 681 028c 17       		.byte	23
 682 028d 68       		.byte	104
 683 028e 18       		.byte	24
 684 028f 07       		.byte	7
ARM GAS  C:\Users\Joon\AppData\Local\Temp\ccsy8znG.s 			page 13


 685 0290 1B       		.byte	27
 686 0291 01       		.byte	1
 687 0292 1C       		.byte	28
 688 0293 03       		.byte	3
 689 0294 1E       		.byte	30
 690 0295 0C       		.byte	12
 691 0296 20       		.byte	32
 692 0297 0C       		.byte	12
 693 0298 22       		.byte	34
 694 0299 03       		.byte	3
 695 029a 25       		.byte	37
 696 029b FE       		.byte	-2
 697 029c 27       		.byte	39
 698 029d 01       		.byte	1
 699 029e 2D       		.byte	45
 700 029f C5       		.byte	-59
 701 02a0 2F       		.byte	47
 702 02a1 3A       		.byte	58
 703 02a2 34       		.byte	52
 704 02a3 0F       		.byte	15
 705 02a4 35       		.byte	53
 706 02a5 FF       		.byte	-1
 707 02a6 3F       		.byte	63
 708 02a7 10       		.byte	16
 709 02a8 40       		.byte	64
 710 02a9 16       		.byte	22
 711 02aa 41       		.byte	65
 712 02ab 03       		.byte	3
 713 02ac 49       		.byte	73
 714 02ad FF       		.byte	-1
 715 02ae 4A       		.byte	74
 716 02af FF       		.byte	-1
 717 02b0 4B       		.byte	75
 718 02b1 FF       		.byte	-1
 719 02b2 4D       		.byte	77
 720 02b3 A0       		.byte	-96
 721 02b4 4F       		.byte	79
 722 02b5 01       		.byte	1
 723 02b6 50       		.byte	80
 724 02b7 18       		.byte	24
 725 02b8 52       		.byte	82
 726 02b9 80       		.byte	-128
 727 02ba 58       		.byte	88
 728 02bb 04       		.byte	4
 729 02bc 59       		.byte	89
 730 02bd 04       		.byte	4
 731 02be 5A       		.byte	90
 732 02bf 04       		.byte	4
 733 02c0 5B       		.byte	91
 734 02c1 04       		.byte	4
 735 02c2 5F       		.byte	95
 736 02c3 01       		.byte	1
 737 02c4 60       		.byte	96
 738 02c5 40       		.byte	64
 739 02c6 62       		.byte	98
 740 02c7 80       		.byte	-128
 741 02c8 64       		.byte	100
ARM GAS  C:\Users\Joon\AppData\Local\Temp\ccsy8znG.s 			page 14


 742 02c9 40       		.byte	64
 743 02ca 65       		.byte	101
 744 02cb 40       		.byte	64
 745 02cc 66       		.byte	102
 746 02cd 80       		.byte	-128
 747 02ce 68       		.byte	104
 748 02cf 40       		.byte	64
 749 02d0 6A       		.byte	106
 750 02d1 80       		.byte	-128
 751 02d2 6C       		.byte	108
 752 02d3 40       		.byte	64
 753 02d4 6D       		.byte	109
 754 02d5 20       		.byte	32
 755 02d6 6E       		.byte	110
 756 02d7 80       		.byte	-128
 757 02d8 85       		.byte	-123
 758 02d9 01       		.byte	1
 759 02da 88       		.byte	-120
 760 02db 04       		.byte	4
 761 02dc 8C       		.byte	-116
 762 02dd 04       		.byte	4
 763 02de 8F       		.byte	-113
 764 02df 01       		.byte	1
 765 02e0 95       		.byte	-107
 766 02e1 02       		.byte	2
 767 02e2 96       		.byte	-106
 768 02e3 02       		.byte	2
 769 02e4 9F       		.byte	-97
 770 02e5 06       		.byte	6
 771 02e6 A4       		.byte	-92
 772 02e7 04       		.byte	4
 773 02e8 AA       		.byte	-86
 774 02e9 01       		.byte	1
 775 02ea B0       		.byte	-80
 776 02eb 02       		.byte	2
 777 02ec B1       		.byte	-79
 778 02ed 02       		.byte	2
 779 02ee B2       		.byte	-78
 780 02ef 01       		.byte	1
 781 02f0 B3       		.byte	-77
 782 02f1 04       		.byte	4
 783 02f2 B4       		.byte	-76
 784 02f3 04       		.byte	4
 785 02f4 B7       		.byte	-73
 786 02f5 01       		.byte	1
 787 02f6 B8       		.byte	-72
 788 02f7 20       		.byte	32
 789 02f8 BE       		.byte	-66
 790 02f9 10       		.byte	16
 791 02fa BF       		.byte	-65
 792 02fb 41       		.byte	65
 793 02fc C0       		.byte	-64
 794 02fd 16       		.byte	22
 795 02fe C1       		.byte	-63
 796 02ff 03       		.byte	3
 797 0300 C5       		.byte	-59
 798 0301 23       		.byte	35
ARM GAS  C:\Users\Joon\AppData\Local\Temp\ccsy8znG.s 			page 15


 799 0302 C6       		.byte	-58
 800 0303 C4       		.byte	-60
 801 0304 C7       		.byte	-57
 802 0305 0E       		.byte	14
 803 0306 C8       		.byte	-56
 804 0307 1F       		.byte	31
 805 0308 C9       		.byte	-55
 806 0309 FF       		.byte	-1
 807 030a CA       		.byte	-54
 808 030b FF       		.byte	-1
 809 030c CB       		.byte	-53
 810 030d FF       		.byte	-1
 811 030e CD       		.byte	-51
 812 030f AF       		.byte	-81
 813 0310 CE       		.byte	-50
 814 0311 07       		.byte	7
 815 0312 CF       		.byte	-49
 816 0313 01       		.byte	1
 817 0314 D0       		.byte	-48
 818 0315 18       		.byte	24
 819 0316 D4       		.byte	-44
 820 0317 0F       		.byte	15
 821 0318 D8       		.byte	-40
 822 0319 04       		.byte	4
 823 031a D9       		.byte	-39
 824 031b 04       		.byte	4
 825 031c DA       		.byte	-38
 826 031d 04       		.byte	4
 827 031e DB       		.byte	-37
 828 031f 04       		.byte	4
 829 0320 DF       		.byte	-33
 830 0321 05       		.byte	5
 831 0322 E0       		.byte	-32
 832 0323 40       		.byte	64
 833 0324 E2       		.byte	-30
 834 0325 80       		.byte	-128
 835 0326 E4       		.byte	-28
 836 0327 40       		.byte	64
 837 0328 E5       		.byte	-27
 838 0329 40       		.byte	64
 839 032a E6       		.byte	-26
 840 032b 80       		.byte	-128
 841 032c E8       		.byte	-24
 842 032d 40       		.byte	64
 843 032e EA       		.byte	-22
 844 032f 80       		.byte	-128
 845 0330 EC       		.byte	-20
 846 0331 40       		.byte	64
 847 0332 ED       		.byte	-19
 848 0333 20       		.byte	32
 849 0334 EE       		.byte	-18
 850 0335 80       		.byte	-128
 851 0336 00       		.byte	0
 852 0337 90       		.byte	-112
 853 0338 02       		.byte	2
 854 0339 04       		.byte	4
 855 033a 05       		.byte	5
ARM GAS  C:\Users\Joon\AppData\Local\Temp\ccsy8znG.s 			page 16


 856 033b 14       		.byte	20
 857 033c 0A       		.byte	10
 858 033d 10       		.byte	16
 859 033e 0E       		.byte	14
 860 033f 40       		.byte	64
 861 0340 0F       		.byte	15
 862 0341 0A       		.byte	10
 863 0342 10       		.byte	16
 864 0343 20       		.byte	32
 865 0344 11       		.byte	17
 866 0345 20       		.byte	32
 867 0346 15       		.byte	21
 868 0347 02       		.byte	2
 869 0348 19       		.byte	25
 870 0349 24       		.byte	36
 871 034a 1B       		.byte	27
 872 034b 11       		.byte	17
 873 034c 1D       		.byte	29
 874 034d 10       		.byte	16
 875 034e 1F       		.byte	31
 876 034f 20       		.byte	32
 877 0350 22       		.byte	34
 878 0351 49       		.byte	73
 879 0352 27       		.byte	39
 880 0353 04       		.byte	4
 881 0354 2E       		.byte	46
 882 0355 40       		.byte	64
 883 0356 2F       		.byte	47
 884 0357 20       		.byte	32
 885 0358 32       		.byte	50
 886 0359 88       		.byte	-120
 887 035a 35       		.byte	53
 888 035b 04       		.byte	4
 889 035c 36       		.byte	54
 890 035d 12       		.byte	18
 891 035e 38       		.byte	56
 892 035f 88       		.byte	-120
 893 0360 3C       		.byte	60
 894 0361 10       		.byte	16
 895 0362 3F       		.byte	63
 896 0363 02       		.byte	2
 897 0364 40       		.byte	64
 898 0365 20       		.byte	32
 899 0366 41       		.byte	65
 900 0367 80       		.byte	-128
 901 0368 44       		.byte	68
 902 0369 20       		.byte	32
 903 036a 45       		.byte	69
 904 036b 80       		.byte	-128
 905 036c 47       		.byte	71
 906 036d 08       		.byte	8
 907 036e 48       		.byte	72
 908 036f 60       		.byte	96
 909 0370 49       		.byte	73
 910 0371 20       		.byte	32
 911 0372 4A       		.byte	74
 912 0373 80       		.byte	-128
ARM GAS  C:\Users\Joon\AppData\Local\Temp\ccsy8znG.s 			page 17


 913 0374 4F       		.byte	79
 914 0375 20       		.byte	32
 915 0376 50       		.byte	80
 916 0377 C0       		.byte	-64
 917 0378 51       		.byte	81
 918 0379 08       		.byte	8
 919 037a 52       		.byte	82
 920 037b 10       		.byte	16
 921 037c 5A       		.byte	90
 922 037d 8A       		.byte	-118
 923 037e 5B       		.byte	91
 924 037f 20       		.byte	32
 925 0380 61       		.byte	97
 926 0381 08       		.byte	8
 927 0382 62       		.byte	98
 928 0383 10       		.byte	16
 929 0384 77       		.byte	119
 930 0385 40       		.byte	64
 931 0386 7B       		.byte	123
 932 0387 04       		.byte	4
 933 0388 88       		.byte	-120
 934 0389 40       		.byte	64
 935 038a 8B       		.byte	-117
 936 038b 20       		.byte	32
 937 038c 90       		.byte	-112
 938 038d 18       		.byte	24
 939 038e 91       		.byte	-111
 940 038f 02       		.byte	2
 941 0390 92       		.byte	-110
 942 0391 08       		.byte	8
 943 0392 96       		.byte	-106
 944 0393 40       		.byte	64
 945 0394 9B       		.byte	-101
 946 0395 08       		.byte	8
 947 0396 9D       		.byte	-99
 948 0397 14       		.byte	20
 949 0398 A2       		.byte	-94
 950 0399 02       		.byte	2
 951 039a A3       		.byte	-93
 952 039b 04       		.byte	4
 953 039c A4       		.byte	-92
 954 039d E0       		.byte	-32
 955 039e A7       		.byte	-89
 956 039f 21       		.byte	33
 957 03a0 C0       		.byte	-64
 958 03a1 63       		.byte	99
 959 03a2 C2       		.byte	-62
 960 03a3 D4       		.byte	-44
 961 03a4 C4       		.byte	-60
 962 03a5 16       		.byte	22
 963 03a6 CA       		.byte	-54
 964 03a7 50       		.byte	80
 965 03a8 CC       		.byte	-52
 966 03a9 EA       		.byte	-22
 967 03aa CE       		.byte	-50
 968 03ab AA       		.byte	-86
 969 03ac D0       		.byte	-48
ARM GAS  C:\Users\Joon\AppData\Local\Temp\ccsy8znG.s 			page 18


 970 03ad 5A       		.byte	90
 971 03ae D2       		.byte	-46
 972 03af 24       		.byte	36
 973 03b0 D6       		.byte	-42
 974 03b1 0F       		.byte	15
 975 03b2 D8       		.byte	-40
 976 03b3 06       		.byte	6
 977 03b4 DE       		.byte	-34
 978 03b5 04       		.byte	4
 979 03b6 E2       		.byte	-30
 980 03b7 08       		.byte	8
 981 03b8 01       		.byte	1
 982 03b9 18       		.byte	24
 983 03ba 03       		.byte	3
 984 03bb 04       		.byte	4
 985 03bc 04       		.byte	4
 986 03bd 14       		.byte	20
 987 03be 05       		.byte	5
 988 03bf 41       		.byte	65
 989 03c0 08       		.byte	8
 990 03c1 0C       		.byte	12
 991 03c2 09       		.byte	9
 992 03c3 40       		.byte	64
 993 03c4 0B       		.byte	11
 994 03c5 01       		.byte	1
 995 03c6 0C       		.byte	12
 996 03c7 02       		.byte	2
 997 03c8 0D       		.byte	13
 998 03c9 18       		.byte	24
 999 03ca 0F       		.byte	15
 1000 03cb 02       		.byte	2
 1001 03cc 10       		.byte	16
 1002 03cd 18       		.byte	24
 1003 03ce 15       		.byte	21
 1004 03cf 10       		.byte	16
 1005 03d0 17       		.byte	23
 1006 03d1 02       		.byte	2
 1007 03d2 1B       		.byte	27
 1008 03d3 20       		.byte	32
 1009 03d4 1D       		.byte	29
 1010 03d5 20       		.byte	32
 1011 03d6 22       		.byte	34
 1012 03d7 01       		.byte	1
 1013 03d8 23       		.byte	35
 1014 03d9 41       		.byte	65
 1015 03da 24       		.byte	36
 1016 03db 02       		.byte	2
 1017 03dc 25       		.byte	37
 1018 03dd 16       		.byte	22
 1019 03de 27       		.byte	39
 1020 03df 08       		.byte	8
 1021 03e0 29       		.byte	41
 1022 03e1 0E       		.byte	14
 1023 03e2 2C       		.byte	44
 1024 03e3 18       		.byte	24
 1025 03e4 2F       		.byte	47
 1026 03e5 1E       		.byte	30
ARM GAS  C:\Users\Joon\AppData\Local\Temp\ccsy8znG.s 			page 19


 1027 03e6 31       		.byte	49
 1028 03e7 1E       		.byte	30
 1029 03e8 32       		.byte	50
 1030 03e9 1C       		.byte	28
 1031 03ea 33       		.byte	51
 1032 03eb 20       		.byte	32
 1033 03ec 34       		.byte	52
 1034 03ed 01       		.byte	1
 1035 03ee 35       		.byte	53
 1036 03ef 40       		.byte	64
 1037 03f0 36       		.byte	54
 1038 03f1 02       		.byte	2
 1039 03f2 37       		.byte	55
 1040 03f3 01       		.byte	1
 1041 03f4 38       		.byte	56
 1042 03f5 88       		.byte	-120
 1043 03f6 3F       		.byte	63
 1044 03f7 54       		.byte	84
 1045 03f8 54       		.byte	84
 1046 03f9 0F       		.byte	15
 1047 03fa 56       		.byte	86
 1048 03fb 04       		.byte	4
 1049 03fc 58       		.byte	88
 1050 03fd 04       		.byte	4
 1051 03fe 59       		.byte	89
 1052 03ff 04       		.byte	4
 1053 0400 5B       		.byte	91
 1054 0401 04       		.byte	4
 1055 0402 5F       		.byte	95
 1056 0403 01       		.byte	1
 1057 0404 81       		.byte	-127
 1058 0405 01       		.byte	1
 1059 0406 83       		.byte	-125
 1060 0407 02       		.byte	2
 1061 0408 84       		.byte	-124
 1062 0409 30       		.byte	48
 1063 040a 85       		.byte	-123
 1064 040b 07       		.byte	7
 1065 040c 86       		.byte	-122
 1066 040d C9       		.byte	-55
 1067 040e 88       		.byte	-120
 1068 040f FD       		.byte	-3
 1069 0410 8A       		.byte	-118
 1070 0411 02       		.byte	2
 1071 0412 8B       		.byte	-117
 1072 0413 07       		.byte	7
 1073 0414 8D       		.byte	-115
 1074 0415 01       		.byte	1
 1075 0416 8F       		.byte	-113
 1076 0417 02       		.byte	2
 1077 0418 90       		.byte	-112
 1078 0419 9E       		.byte	-98
 1079 041a 92       		.byte	-110
 1080 041b 60       		.byte	96
 1081 041c 93       		.byte	-109
 1082 041d 04       		.byte	4
 1083 041e 95       		.byte	-107
ARM GAS  C:\Users\Joon\AppData\Local\Temp\ccsy8znG.s 			page 20


 1084 041f 04       		.byte	4
 1085 0420 98       		.byte	-104
 1086 0421 73       		.byte	115
 1087 0422 99       		.byte	-103
 1088 0423 07       		.byte	7
 1089 0424 9C       		.byte	-100
 1090 0425 94       		.byte	-108
 1091 0426 9E       		.byte	-98
 1092 0427 60       		.byte	96
 1093 0428 A0       		.byte	-96
 1094 0429 CF       		.byte	-49
 1095 042a A2       		.byte	-94
 1096 042b 30       		.byte	48
 1097 042c A6       		.byte	-90
 1098 042d 0F       		.byte	15
 1099 042e A7       		.byte	-89
 1100 042f 10       		.byte	16
 1101 0430 AB       		.byte	-85
 1102 0431 08       		.byte	8
 1103 0432 B1       		.byte	-79
 1104 0433 10       		.byte	16
 1105 0434 B2       		.byte	-78
 1106 0435 FF       		.byte	-1
 1107 0436 B5       		.byte	-75
 1108 0437 0F       		.byte	15
 1109 0438 BE       		.byte	-66
 1110 0439 04       		.byte	4
 1111 043a D8       		.byte	-40
 1112 043b 04       		.byte	4
 1113 043c D9       		.byte	-39
 1114 043d 04       		.byte	4
 1115 043e DF       		.byte	-33
 1116 043f 01       		.byte	1
 1117 0440 00       		.byte	0
 1118 0441 90       		.byte	-112
 1119 0442 03       		.byte	3
 1120 0443 20       		.byte	32
 1121 0444 05       		.byte	5
 1122 0445 14       		.byte	20
 1123 0446 0A       		.byte	10
 1124 0447 40       		.byte	64
 1125 0448 0E       		.byte	14
 1126 0449 40       		.byte	64
 1127 044a 0F       		.byte	15
 1128 044b 4A       		.byte	74
 1129 044c 10       		.byte	16
 1130 044d A0       		.byte	-96
 1131 044e 12       		.byte	18
 1132 044f 02       		.byte	2
 1133 0450 15       		.byte	21
 1134 0451 02       		.byte	2
 1135 0452 16       		.byte	22
 1136 0453 10       		.byte	16
 1137 0454 17       		.byte	23
 1138 0455 08       		.byte	8
 1139 0456 18       		.byte	24
 1140 0457 18       		.byte	24
ARM GAS  C:\Users\Joon\AppData\Local\Temp\ccsy8znG.s 			page 21


 1141 0458 1B       		.byte	27
 1142 0459 84       		.byte	-124
 1143 045a 1F       		.byte	31
 1144 045b 08       		.byte	8
 1145 045c 21       		.byte	33
 1146 045d 01       		.byte	1
 1147 045e 22       		.byte	34
 1148 045f 56       		.byte	86
 1149 0460 25       		.byte	37
 1150 0461 10       		.byte	16
 1151 0462 27       		.byte	39
 1152 0463 48       		.byte	72
 1153 0464 2B       		.byte	43
 1154 0465 A5       		.byte	-91
 1155 0466 2C       		.byte	44
 1156 0467 20       		.byte	32
 1157 0468 2F       		.byte	47
 1158 0469 08       		.byte	8
 1159 046a 30       		.byte	48
 1160 046b 20       		.byte	32
 1161 046c 31       		.byte	49
 1162 046d 04       		.byte	4
 1163 046e 33       		.byte	51
 1164 046f 40       		.byte	64
 1165 0470 35       		.byte	53
 1166 0471 14       		.byte	20
 1167 0472 36       		.byte	54
 1168 0473 02       		.byte	2
 1169 0474 38       		.byte	56
 1170 0475 08       		.byte	8
 1171 0476 39       		.byte	57
 1172 0477 02       		.byte	2
 1173 0478 3A       		.byte	58
 1174 0479 10       		.byte	16
 1175 047a 3B       		.byte	59
 1176 047b 40       		.byte	64
 1177 047c 3D       		.byte	61
 1178 047d 20       		.byte	32
 1179 047e 3E       		.byte	62
 1180 047f 44       		.byte	68
 1181 0480 3F       		.byte	63
 1182 0481 0A       		.byte	10
 1183 0482 59       		.byte	89
 1184 0483 02       		.byte	2
 1185 0484 5A       		.byte	90
 1186 0485 A4       		.byte	-92
 1187 0486 63       		.byte	99
 1188 0487 80       		.byte	-128
 1189 0488 83       		.byte	-125
 1190 0489 40       		.byte	64
 1191 048a 8D       		.byte	-115
 1192 048b 12       		.byte	18
 1193 048c C0       		.byte	-64
 1194 048d 67       		.byte	103
 1195 048e C2       		.byte	-62
 1196 048f D8       		.byte	-40
 1197 0490 C4       		.byte	-60
ARM GAS  C:\Users\Joon\AppData\Local\Temp\ccsy8znG.s 			page 22


 1198 0491 3D       		.byte	61
 1199 0492 CA       		.byte	-54
 1200 0493 6F       		.byte	111
 1201 0494 CC       		.byte	-52
 1202 0495 EE       		.byte	-18
 1203 0496 CE       		.byte	-50
 1204 0497 FF       		.byte	-1
 1205 0498 D6       		.byte	-42
 1206 0499 0F       		.byte	15
 1207 049a D8       		.byte	-40
 1208 049b 01       		.byte	1
 1209 049c 58       		.byte	88
 1210 049d 04       		.byte	4
 1211 049e 59       		.byte	89
 1212 049f 04       		.byte	4
 1213 04a0 5C       		.byte	92
 1214 04a1 11       		.byte	17
 1215 04a2 5F       		.byte	95
 1216 04a3 01       		.byte	1
 1217 04a4 D8       		.byte	-40
 1218 04a5 04       		.byte	4
 1219 04a6 D9       		.byte	-39
 1220 04a7 04       		.byte	4
 1221 04a8 DC       		.byte	-36
 1222 04a9 11       		.byte	17
 1223 04aa DF       		.byte	-33
 1224 04ab 01       		.byte	1
 1225 04ac 01       		.byte	1
 1226 04ad 80       		.byte	-128
 1227 04ae 02       		.byte	2
 1228 04af 04       		.byte	4
 1229 04b0 03       		.byte	3
 1230 04b1 02       		.byte	2
 1231 04b2 05       		.byte	5
 1232 04b3 04       		.byte	4
 1233 04b4 06       		.byte	6
 1234 04b5 80       		.byte	-128
 1235 04b6 07       		.byte	7
 1236 04b7 02       		.byte	2
 1237 04b8 08       		.byte	8
 1238 04b9 08       		.byte	8
 1239 04ba 0A       		.byte	10
 1240 04bb 80       		.byte	-128
 1241 04bc 0B       		.byte	11
 1242 04bd 02       		.byte	2
 1243 04be 0D       		.byte	13
 1244 04bf 02       		.byte	2
 1245 04c0 0F       		.byte	15
 1246 04c1 04       		.byte	4
 1247 04c2 13       		.byte	19
 1248 04c3 06       		.byte	6
 1249 04c4 14       		.byte	20
 1250 04c5 48       		.byte	72
 1251 04c6 17       		.byte	23
 1252 04c7 20       		.byte	32
 1253 04c8 28       		.byte	40
 1254 04c9 08       		.byte	8
ARM GAS  C:\Users\Joon\AppData\Local\Temp\ccsy8znG.s 			page 23


 1255 04ca 29       		.byte	41
 1256 04cb 05       		.byte	5
 1257 04cc 2A       		.byte	42
 1258 04cd 84       		.byte	-124
 1259 04ce 2C       		.byte	44
 1260 04cf 40       		.byte	64
 1261 04d0 2E       		.byte	46
 1262 04d1 80       		.byte	-128
 1263 04d2 2F       		.byte	47
 1264 04d3 01       		.byte	1
 1265 04d4 30       		.byte	48
 1266 04d5 40       		.byte	64
 1267 04d6 31       		.byte	49
 1268 04d7 42       		.byte	66
 1269 04d8 32       		.byte	50
 1270 04d9 40       		.byte	64
 1271 04da 33       		.byte	51
 1272 04db 02       		.byte	2
 1273 04dc 35       		.byte	53
 1274 04dd 85       		.byte	-123
 1275 04de 36       		.byte	54
 1276 04df 02       		.byte	2
 1277 04e0 37       		.byte	55
 1278 04e1 22       		.byte	34
 1279 04e2 38       		.byte	56
 1280 04e3 08       		.byte	8
 1281 04e4 3B       		.byte	59
 1282 04e5 04       		.byte	4
 1283 04e6 3F       		.byte	63
 1284 04e7 04       		.byte	4
 1285 04e8 90       		.byte	-112
 1286 04e9 08       		.byte	8
 1287 04ea 99       		.byte	-103
 1288 04eb 44       		.byte	68
 1289 04ec 9A       		.byte	-102
 1290 04ed 80       		.byte	-128
 1291 04ee 9B       		.byte	-101
 1292 04ef 20       		.byte	32
 1293 04f0 A2       		.byte	-94
 1294 04f1 02       		.byte	2
 1295 04f2 A3       		.byte	-93
 1296 04f3 02       		.byte	2
 1297 04f4 A8       		.byte	-88
 1298 04f5 04       		.byte	4
 1299 04f6 AF       		.byte	-81
 1300 04f7 20       		.byte	32
 1301 04f8 C0       		.byte	-64
 1302 04f9 B3       		.byte	-77
 1303 04fa C2       		.byte	-62
 1304 04fb 5D       		.byte	93
 1305 04fc C4       		.byte	-60
 1306 04fd 5C       		.byte	92
 1307 04fe CA       		.byte	-54
 1308 04ff 9F       		.byte	-97
 1309 0500 CC       		.byte	-52
 1310 0501 F9       		.byte	-7
 1311 0502 CE       		.byte	-50
ARM GAS  C:\Users\Joon\AppData\Local\Temp\ccsy8znG.s 			page 24


 1312 0503 42       		.byte	66
 1313 0504 EA       		.byte	-22
 1314 0505 02       		.byte	2
 1315 0506 EC       		.byte	-20
 1316 0507 20       		.byte	32
 1317 0508 EE       		.byte	-18
 1318 0509 01       		.byte	1
 1319 050a 86       		.byte	-122
 1320 050b 12       		.byte	18
 1321 050c 94       		.byte	-108
 1322 050d 08       		.byte	8
 1323 050e 99       		.byte	-103
 1324 050f 44       		.byte	68
 1325 0510 9A       		.byte	-102
 1326 0511 80       		.byte	-128
 1327 0512 9E       		.byte	-98
 1328 0513 10       		.byte	16
 1329 0514 9F       		.byte	-97
 1330 0515 20       		.byte	32
 1331 0516 A3       		.byte	-93
 1332 0517 02       		.byte	2
 1333 0518 A8       		.byte	-88
 1334 0519 10       		.byte	16
 1335 051a A9       		.byte	-87
 1336 051b 04       		.byte	4
 1337 051c AD       		.byte	-83
 1338 051d 20       		.byte	32
 1339 051e AF       		.byte	-81
 1340 051f 02       		.byte	2
 1341 0520 E2       		.byte	-30
 1342 0521 02       		.byte	2
 1343 0522 E4       		.byte	-28
 1344 0523 20       		.byte	32
 1345 0524 EA       		.byte	-22
 1346 0525 08       		.byte	8
 1347 0526 EE       		.byte	-18
 1348 0527 01       		.byte	1
 1349 0528 56       		.byte	86
 1350 0529 08       		.byte	8
 1351 052a 58       		.byte	88
 1352 052b 04       		.byte	4
 1353 052c 59       		.byte	89
 1354 052d 04       		.byte	4
 1355 052e 5B       		.byte	91
 1356 052f 04       		.byte	4
 1357 0530 5C       		.byte	92
 1358 0531 11       		.byte	17
 1359 0532 5D       		.byte	93
 1360 0533 90       		.byte	-112
 1361 0534 5F       		.byte	95
 1362 0535 01       		.byte	1
 1363 0536 82       		.byte	-126
 1364 0537 04       		.byte	4
 1365 0538 84       		.byte	-124
 1366 0539 28       		.byte	40
 1367 053a 8A       		.byte	-118
 1368 053b 20       		.byte	32
ARM GAS  C:\Users\Joon\AppData\Local\Temp\ccsy8znG.s 			page 25


 1369 053c 8C       		.byte	-116
 1370 053d 22       		.byte	34
 1371 053e 90       		.byte	-112
 1372 053f 21       		.byte	33
 1373 0540 94       		.byte	-108
 1374 0541 20       		.byte	32
 1375 0542 9A       		.byte	-102
 1376 0543 01       		.byte	1
 1377 0544 9E       		.byte	-98
 1378 0545 10       		.byte	16
 1379 0546 A0       		.byte	-96
 1380 0547 20       		.byte	32
 1381 0548 A6       		.byte	-90
 1382 0549 08       		.byte	8
 1383 054a A7       		.byte	-89
 1384 054b 01       		.byte	1
 1385 054c A8       		.byte	-88
 1386 054d 24       		.byte	36
 1387 054e AE       		.byte	-82
 1388 054f 02       		.byte	2
 1389 0550 AF       		.byte	-81
 1390 0551 02       		.byte	2
 1391 0552 B1       		.byte	-79
 1392 0553 02       		.byte	2
 1393 0554 B2       		.byte	-78
 1394 0555 1F       		.byte	31
 1395 0556 B4       		.byte	-76
 1396 0557 20       		.byte	32
 1397 0558 B5       		.byte	-75
 1398 0559 01       		.byte	1
 1399 055a B8       		.byte	-72
 1400 055b 08       		.byte	8
 1401 055c BE       		.byte	-66
 1402 055d 04       		.byte	4
 1403 055e D8       		.byte	-40
 1404 055f 04       		.byte	4
 1405 0560 D9       		.byte	-39
 1406 0561 04       		.byte	4
 1407 0562 DC       		.byte	-36
 1408 0563 11       		.byte	17
 1409 0564 DF       		.byte	-33
 1410 0565 01       		.byte	1
 1411 0566 00       		.byte	0
 1412 0567 88       		.byte	-120
 1413 0568 01       		.byte	1
 1414 0569 03       		.byte	3
 1415 056a 03       		.byte	3
 1416 056b 08       		.byte	8
 1417 056c 04       		.byte	4
 1418 056d 20       		.byte	32
 1419 056e 09       		.byte	9
 1420 056f 08       		.byte	8
 1421 0570 0A       		.byte	10
 1422 0571 85       		.byte	-123
 1423 0572 0B       		.byte	11
 1424 0573 A0       		.byte	-96
 1425 0574 0D       		.byte	13
ARM GAS  C:\Users\Joon\AppData\Local\Temp\ccsy8znG.s 			page 26


 1426 0575 88       		.byte	-120
 1427 0576 0F       		.byte	15
 1428 0577 44       		.byte	68
 1429 0578 10       		.byte	16
 1430 0579 71       		.byte	113
 1431 057a 11       		.byte	17
 1432 057b 80       		.byte	-128
 1433 057c 12       		.byte	18
 1434 057d 08       		.byte	8
 1435 057e 13       		.byte	19
 1436 057f 20       		.byte	32
 1437 0580 14       		.byte	20
 1438 0581 80       		.byte	-128
 1439 0582 17       		.byte	23
 1440 0583 20       		.byte	32
 1441 0584 18       		.byte	24
 1442 0585 28       		.byte	40
 1443 0586 1B       		.byte	27
 1444 0587 08       		.byte	8
 1445 0588 20       		.byte	32
 1446 0589 88       		.byte	-120
 1447 058a 22       		.byte	34
 1448 058b 10       		.byte	16
 1449 058c 23       		.byte	35
 1450 058d 44       		.byte	68
 1451 058e 28       		.byte	40
 1452 058f D9       		.byte	-39
 1453 0590 2A       		.byte	42
 1454 0591 02       		.byte	2
 1455 0592 2B       		.byte	43
 1456 0593 80       		.byte	-128
 1457 0594 2F       		.byte	47
 1458 0595 58       		.byte	88
 1459 0596 31       		.byte	49
 1460 0597 88       		.byte	-120
 1461 0598 32       		.byte	50
 1462 0599 10       		.byte	16
 1463 059a 34       		.byte	52
 1464 059b 88       		.byte	-120
 1465 059c 36       		.byte	54
 1466 059d 08       		.byte	8
 1467 059e 38       		.byte	56
 1468 059f 20       		.byte	32
 1469 05a0 3B       		.byte	59
 1470 05a1 40       		.byte	64
 1471 05a2 3F       		.byte	63
 1472 05a3 44       		.byte	68
 1473 05a4 5F       		.byte	95
 1474 05a5 80       		.byte	-128
 1475 05a6 66       		.byte	102
 1476 05a7 80       		.byte	-128
 1477 05a8 84       		.byte	-124
 1478 05a9 40       		.byte	64
 1479 05aa 8B       		.byte	-117
 1480 05ab 80       		.byte	-128
 1481 05ac 91       		.byte	-111
 1482 05ad 01       		.byte	1
ARM GAS  C:\Users\Joon\AppData\Local\Temp\ccsy8znG.s 			page 27


 1483 05ae 92       		.byte	-110
 1484 05af 05       		.byte	5
 1485 05b0 96       		.byte	-106
 1486 05b1 80       		.byte	-128
 1487 05b2 97       		.byte	-105
 1488 05b3 04       		.byte	4
 1489 05b4 99       		.byte	-103
 1490 05b5 10       		.byte	16
 1491 05b6 9E       		.byte	-98
 1492 05b7 80       		.byte	-128
 1493 05b8 9F       		.byte	-97
 1494 05b9 40       		.byte	64
 1495 05ba A0       		.byte	-96
 1496 05bb 20       		.byte	32
 1497 05bc A1       		.byte	-95
 1498 05bd 48       		.byte	72
 1499 05be A3       		.byte	-93
 1500 05bf 80       		.byte	-128
 1501 05c0 A4       		.byte	-92
 1502 05c1 54       		.byte	84
 1503 05c2 A6       		.byte	-90
 1504 05c3 08       		.byte	8
 1505 05c4 A7       		.byte	-89
 1506 05c5 08       		.byte	8
 1507 05c6 AA       		.byte	-86
 1508 05c7 42       		.byte	66
 1509 05c8 AB       		.byte	-85
 1510 05c9 10       		.byte	16
 1511 05ca AC       		.byte	-84
 1512 05cb 10       		.byte	16
 1513 05cc C0       		.byte	-64
 1514 05cd 4F       		.byte	79
 1515 05ce C2       		.byte	-62
 1516 05cf FF       		.byte	-1
 1517 05d0 C4       		.byte	-60
 1518 05d1 5F       		.byte	95
 1519 05d2 CA       		.byte	-54
 1520 05d3 EF       		.byte	-17
 1521 05d4 CC       		.byte	-52
 1522 05d5 5E       		.byte	94
 1523 05d6 CE       		.byte	-50
 1524 05d7 5C       		.byte	92
 1525 05d8 D6       		.byte	-42
 1526 05d9 10       		.byte	16
 1527 05da D8       		.byte	-40
 1528 05db 10       		.byte	16
 1529 05dc E4       		.byte	-28
 1530 05dd 20       		.byte	32
 1531 05de EE       		.byte	-18
 1532 05df 04       		.byte	4
 1533 05e0 23       		.byte	35
 1534 05e1 01       		.byte	1
 1535 05e2 2B       		.byte	43
 1536 05e3 02       		.byte	2
 1537 05e4 33       		.byte	51
 1538 05e5 01       		.byte	1
 1539 05e6 37       		.byte	55
ARM GAS  C:\Users\Joon\AppData\Local\Temp\ccsy8znG.s 			page 28


 1540 05e7 02       		.byte	2
 1541 05e8 58       		.byte	88
 1542 05e9 04       		.byte	4
 1543 05ea 59       		.byte	89
 1544 05eb 04       		.byte	4
 1545 05ec 5C       		.byte	92
 1546 05ed 11       		.byte	17
 1547 05ee 5F       		.byte	95
 1548 05ef 01       		.byte	1
 1549 05f0 D8       		.byte	-40
 1550 05f1 04       		.byte	4
 1551 05f2 D9       		.byte	-39
 1552 05f3 04       		.byte	4
 1553 05f4 DC       		.byte	-36
 1554 05f5 11       		.byte	17
 1555 05f6 DF       		.byte	-33
 1556 05f7 01       		.byte	1
 1557 05f8 00       		.byte	0
 1558 05f9 80       		.byte	-128
 1559 05fa 02       		.byte	2
 1560 05fb 44       		.byte	68
 1561 05fc 03       		.byte	3
 1562 05fd 89       		.byte	-119
 1563 05fe 06       		.byte	6
 1564 05ff 04       		.byte	4
 1565 0600 07       		.byte	7
 1566 0601 01       		.byte	1
 1567 0602 09       		.byte	9
 1568 0603 80       		.byte	-128
 1569 0604 0B       		.byte	11
 1570 0605 20       		.byte	32
 1571 0606 0D       		.byte	13
 1572 0607 88       		.byte	-120
 1573 0608 0F       		.byte	15
 1574 0609 04       		.byte	4
 1575 060a 12       		.byte	18
 1576 060b 08       		.byte	8
 1577 060c 13       		.byte	19
 1578 060d 04       		.byte	4
 1579 060e 15       		.byte	21
 1580 060f 08       		.byte	8
 1581 0610 16       		.byte	22
 1582 0611 02       		.byte	2
 1583 0612 20       		.byte	32
 1584 0613 20       		.byte	32
 1585 0614 21       		.byte	33
 1586 0615 84       		.byte	-124
 1587 0616 22       		.byte	34
 1588 0617 C8       		.byte	-56
 1589 0618 29       		.byte	41
 1590 0619 12       		.byte	18
 1591 061a 2A       		.byte	42
 1592 061b 44       		.byte	68
 1593 061c 2F       		.byte	47
 1594 061d 98       		.byte	-104
 1595 061e 31       		.byte	49
 1596 061f 80       		.byte	-128
ARM GAS  C:\Users\Joon\AppData\Local\Temp\ccsy8znG.s 			page 29


 1597 0620 32       		.byte	50
 1598 0621 08       		.byte	8
 1599 0622 33       		.byte	51
 1600 0623 01       		.byte	1
 1601 0624 36       		.byte	54
 1602 0625 88       		.byte	-120
 1603 0626 3B       		.byte	59
 1604 0627 24       		.byte	36
 1605 0628 3C       		.byte	60
 1606 0629 80       		.byte	-128
 1607 062a 3F       		.byte	63
 1608 062b 04       		.byte	4
 1609 062c 93       		.byte	-109
 1610 062d 24       		.byte	36
 1611 062e 96       		.byte	-106
 1612 062f 80       		.byte	-128
 1613 0630 99       		.byte	-103
 1614 0631 12       		.byte	18
 1615 0632 9A       		.byte	-102
 1616 0633 02       		.byte	2
 1617 0634 A0       		.byte	-96
 1618 0635 40       		.byte	64
 1619 0636 A1       		.byte	-95
 1620 0637 08       		.byte	8
 1621 0638 A3       		.byte	-93
 1622 0639 88       		.byte	-120
 1623 063a A4       		.byte	-92
 1624 063b 10       		.byte	16
 1625 063c A5       		.byte	-91
 1626 063d 80       		.byte	-128
 1627 063e A6       		.byte	-90
 1628 063f 08       		.byte	8
 1629 0640 AB       		.byte	-85
 1630 0641 48       		.byte	72
 1631 0642 AF       		.byte	-81
 1632 0643 04       		.byte	4
 1633 0644 B4       		.byte	-76
 1634 0645 04       		.byte	4
 1635 0646 C0       		.byte	-64
 1636 0647 CB       		.byte	-53
 1637 0648 C2       		.byte	-62
 1638 0649 E5       		.byte	-27
 1639 064a C4       		.byte	-60
 1640 064b A6       		.byte	-90
 1641 064c CA       		.byte	-54
 1642 064d EF       		.byte	-17
 1643 064e CC       		.byte	-52
 1644 064f 5B       		.byte	91
 1645 0650 CE       		.byte	-50
 1646 0651 56       		.byte	86
 1647 0652 EC       		.byte	-20
 1648 0653 20       		.byte	32
 1649 0654 13       		.byte	19
 1650 0655 04       		.byte	4
 1651 0656 16       		.byte	22
 1652 0657 80       		.byte	-128
 1653 0658 32       		.byte	50
ARM GAS  C:\Users\Joon\AppData\Local\Temp\ccsy8znG.s 			page 30


 1654 0659 40       		.byte	64
 1655 065a 35       		.byte	53
 1656 065b 80       		.byte	-128
 1657 065c 39       		.byte	57
 1658 065d 01       		.byte	1
 1659 065e 3E       		.byte	62
 1660 065f 80       		.byte	-128
 1661 0660 81       		.byte	-127
 1662 0661 80       		.byte	-128
 1663 0662 C4       		.byte	-60
 1664 0663 30       		.byte	48
 1665 0664 CC       		.byte	-52
 1666 0665 30       		.byte	48
 1667 0666 CE       		.byte	-50
 1668 0667 60       		.byte	96
 1669 0668 E2       		.byte	-30
 1670 0669 20       		.byte	32
 1671 066a 85       		.byte	-123
 1672 066b 01       		.byte	1
 1673 066c 93       		.byte	-109
 1674 066d 04       		.byte	4
 1675 066e 95       		.byte	-107
 1676 066f 01       		.byte	1
 1677 0670 96       		.byte	-106
 1678 0671 80       		.byte	-128
 1679 0672 E2       		.byte	-30
 1680 0673 10       		.byte	16
 1681 0674 82       		.byte	-126
 1682 0675 40       		.byte	64
 1683 0676 93       		.byte	-109
 1684 0677 04       		.byte	4
 1685 0678 96       		.byte	-106
 1686 0679 80       		.byte	-128
 1687 067a E6       		.byte	-26
 1688 067b 80       		.byte	-128
 1689 067c 93       		.byte	-109
 1690 067d 04       		.byte	4
 1691 067e 20       		.byte	32
 1692 067f 40       		.byte	64
 1693 0680 87       		.byte	-121
 1694 0681 40       		.byte	64
 1695 0682 C8       		.byte	-56
 1696 0683 02       		.byte	2
 1697 0684 90       		.byte	-112
 1698 0685 40       		.byte	64
 1699 0686 97       		.byte	-105
 1700 0687 81       		.byte	-127
 1701 0688 B7       		.byte	-73
 1702 0689 01       		.byte	1
 1703 068a EE       		.byte	-18
 1704 068b 08       		.byte	8
 1705 068c 8E       		.byte	-114
 1706 068d 10       		.byte	16
 1707 068e 90       		.byte	-112
 1708 068f 40       		.byte	64
 1709 0690 97       		.byte	-105
 1710 0691 81       		.byte	-127
ARM GAS  C:\Users\Joon\AppData\Local\Temp\ccsy8znG.s 			page 31


 1711 0692 E6       		.byte	-26
 1712 0693 08       		.byte	8
 1713 0694 20       		.byte	32
 1714 0695 80       		.byte	-128
 1715 0696 8B       		.byte	-117
 1716 0697 04       		.byte	4
 1717 0698 93       		.byte	-109
 1718 0699 04       		.byte	4
 1719 069a C8       		.byte	-56
 1720 069b 40       		.byte	64
 1721 069c B0       		.byte	-80
 1722 069d 40       		.byte	64
 1723 069e 0B       		.byte	11
 1724 069f 01       		.byte	1
 1725 06a0 0E       		.byte	14
 1726 06a1 10       		.byte	16
 1727 06a2 1F       		.byte	31
 1728 06a3 40       		.byte	64
 1729 06a4 34       		.byte	52
 1730 06a5 01       		.byte	1
 1731 06a6 5E       		.byte	94
 1732 06a7 02       		.byte	2
 1733 06a8 96       		.byte	-106
 1734 06a9 10       		.byte	16
 1735 06aa 97       		.byte	-105
 1736 06ab 81       		.byte	-127
 1737 06ac A8       		.byte	-88
 1738 06ad 40       		.byte	64
 1739 06ae C2       		.byte	-62
 1740 06af 06       		.byte	6
 1741 06b0 C6       		.byte	-58
 1742 06b1 01       		.byte	1
 1743 06b2 CC       		.byte	-52
 1744 06b3 01       		.byte	1
 1745 06b4 D6       		.byte	-42
 1746 06b5 01       		.byte	1
 1747 06b6 B0       		.byte	-80
 1748 06b7 01       		.byte	1
 1749 06b8 B6       		.byte	-74
 1750 06b9 01       		.byte	1
 1751 06ba E8       		.byte	-24
 1752 06bb 08       		.byte	8
 1753 06bc EC       		.byte	-20
 1754 06bd 04       		.byte	4
 1755 06be 00       		.byte	0
 1756 06bf 03       		.byte	3
 1757 06c0 01       		.byte	1
 1758 06c1 01       		.byte	1
 1759 06c2 0A       		.byte	10
 1760 06c3 02       		.byte	2
 1761 06c4 0C       		.byte	12
 1762 06c5 03       		.byte	3
 1763 06c6 0D       		.byte	13
 1764 06c7 01       		.byte	1
 1765 06c8 0E       		.byte	14
 1766 06c9 01       		.byte	1
 1767 06ca 10       		.byte	16
ARM GAS  C:\Users\Joon\AppData\Local\Temp\ccsy8znG.s 			page 32


 1768 06cb 02       		.byte	2
 1769 06cc 11       		.byte	17
 1770 06cd 01       		.byte	1
 1771 06ce 1A       		.byte	26
 1772 06cf 02       		.byte	2
 1773 06d0 1C       		.byte	28
 1774 06d1 02       		.byte	2
 1775 06d2 1D       		.byte	29
 1776 06d3 01       		.byte	1
 1777 06d4 00       		.byte	0
 1778 06d5 0F       		.byte	15
 1779 06d6 10       		.byte	16
 1780 06d7 0A       		.byte	10
 1781 06d8 E0       		.byte	-32
 1782 06d9 8B       		.byte	-117
 1783 06da 0B       		.byte	11
 1784 06db 00       		.byte	0
 1785 06dc 00       		.byte	0
 1786 06dd 10       		.byte	16
 1787 06de 10       		.byte	16
 1788 06df 00       		.byte	0
 1789 06e0 00       		.byte	0
 1790 06e1 7F       		.byte	127
 1791 06e2 7F       		.byte	127
 1792 06e3 00       		.byte	0
 1793 06e4 00       		.byte	0
 1794 06e5 00       		.byte	0
 1795 06e6 00       		.byte	0
 1796 06e7 00       		.byte	0
 1797 06e8 00       		.byte	0
 1798 06e9 01       		.byte	1
 1799 06ea 00       		.byte	0
 1800 06eb 00       		.byte	0
 1801              		.section	.cywolatch,"a",%progbits
 1802              		.align	2
 1803              		.type	cy_meta_wonvl, %object
 1804              		.size	cy_meta_wonvl, 4
 1805              	cy_meta_wonvl:
 1806 0000 BC       		.byte	-68
 1807 0001 90       		.byte	-112
 1808 0002 AC       		.byte	-84
 1809 0003 AF       		.byte	-81
 1810              		.section	.cycustnvl,"a",%progbits
 1811              		.align	2
 1812              		.type	cy_meta_custnvl, %object
 1813              		.size	cy_meta_custnvl, 4
 1814              	cy_meta_custnvl:
 1815 0000 00       		.byte	0
 1816 0001 00       		.byte	0
 1817 0002 40       		.byte	64
 1818 0003 05       		.byte	5
 1819              		.section	.cymeta,"a",%progbits
 1820              		.align	2
 1821              		.type	cy_metadata, %object
 1822              		.size	cy_metadata, 12
 1823              	cy_metadata:
 1824 0000 00       		.byte	0
ARM GAS  C:\Users\Joon\AppData\Local\Temp\ccsy8znG.s 			page 33


 1825 0001 01       		.byte	1
 1826 0002 2E       		.byte	46
 1827 0003 16       		.byte	22
 1828 0004 10       		.byte	16
 1829 0005 69       		.byte	105
 1830 0006 00       		.byte	0
 1831 0007 01       		.byte	1
 1832 0008 00       		.byte	0
 1833 0009 00       		.byte	0
 1834 000a 00       		.byte	0
 1835 000b 00       		.byte	0
 1836              		.section	.cyflashprotect,"a",%progbits
 1837              		.align	2
 1838              		.type	cy_meta_flashprotect, %object
 1839              		.size	cy_meta_flashprotect, 256
 1840              	cy_meta_flashprotect:
 1841 0000 00000000 		.space	256
 1841      00000000 
 1841      00000000 
 1841      00000000 
 1841      00000000 
 1842              		.text
 1843              	.Letext0:
 1844              		.file 1 "c:\\program files (x86)\\cypress\\psoc creator\\4.4\\psoc creator\\import\\gnu\\arm\\5.4.
 1845              		.file 2 "c:\\program files (x86)\\cypress\\psoc creator\\4.4\\psoc creator\\import\\gnu\\arm\\5.4.
 1846              		.file 3 "Generated_Source\\PSoC5\\cymetadata.c"
 1847              		.section	.debug_info,"",%progbits
 1848              	.Ldebug_info0:
 1849 0000 35010000 		.4byte	0x135
 1850 0004 0400     		.2byte	0x4
 1851 0006 00000000 		.4byte	.Ldebug_abbrev0
 1852 000a 04       		.byte	0x4
 1853 000b 01       		.uleb128 0x1
 1854 000c 24000000 		.4byte	.LASF17
 1855 0010 0C       		.byte	0xc
 1856 0011 B9010000 		.4byte	.LASF18
 1857 0015 D7000000 		.4byte	.LASF19
 1858 0019 00000000 		.4byte	.Ldebug_line0
 1859 001d 02       		.uleb128 0x2
 1860 001e 01       		.byte	0x1
 1861 001f 06       		.byte	0x6
 1862 0020 AD010000 		.4byte	.LASF0
 1863 0024 03       		.uleb128 0x3
 1864 0025 00000000 		.4byte	.LASF9
 1865 0029 01       		.byte	0x1
 1866 002a 1D       		.byte	0x1d
 1867 002b 2F000000 		.4byte	0x2f
 1868 002f 02       		.uleb128 0x2
 1869 0030 01       		.byte	0x1
 1870 0031 08       		.byte	0x8
 1871 0032 16000000 		.4byte	.LASF1
 1872 0036 02       		.uleb128 0x2
 1873 0037 02       		.byte	0x2
 1874 0038 05       		.byte	0x5
 1875 0039 9A010000 		.4byte	.LASF2
 1876 003d 02       		.uleb128 0x2
 1877 003e 02       		.byte	0x2
ARM GAS  C:\Users\Joon\AppData\Local\Temp\ccsy8znG.s 			page 34


 1878 003f 07       		.byte	0x7
 1879 0040 C4000000 		.4byte	.LASF3
 1880 0044 02       		.uleb128 0x2
 1881 0045 04       		.byte	0x4
 1882 0046 05       		.byte	0x5
 1883 0047 A4010000 		.4byte	.LASF4
 1884 004b 02       		.uleb128 0x2
 1885 004c 04       		.byte	0x4
 1886 004d 07       		.byte	0x7
 1887 004e B2000000 		.4byte	.LASF5
 1888 0052 02       		.uleb128 0x2
 1889 0053 08       		.byte	0x8
 1890 0054 05       		.byte	0x5
 1891 0055 8C010000 		.4byte	.LASF6
 1892 0059 02       		.uleb128 0x2
 1893 005a 08       		.byte	0x8
 1894 005b 07       		.byte	0x7
 1895 005c 41010000 		.4byte	.LASF7
 1896 0060 04       		.uleb128 0x4
 1897 0061 04       		.byte	0x4
 1898 0062 05       		.byte	0x5
 1899 0063 696E7400 		.ascii	"int\000"
 1900 0067 02       		.uleb128 0x2
 1901 0068 04       		.byte	0x4
 1902 0069 07       		.byte	0x7
 1903 006a 34010000 		.4byte	.LASF8
 1904 006e 03       		.uleb128 0x3
 1905 006f 58010000 		.4byte	.LASF10
 1906 0073 02       		.byte	0x2
 1907 0074 18       		.byte	0x18
 1908 0075 24000000 		.4byte	0x24
 1909 0079 05       		.uleb128 0x5
 1910 007a 91000000 		.4byte	0x91
 1911 007e 8A000000 		.4byte	0x8a
 1912 0082 06       		.uleb128 0x6
 1913 0083 8A000000 		.4byte	0x8a
 1914 0087 EB06     		.2byte	0x6eb
 1915 0089 00       		.byte	0
 1916 008a 02       		.uleb128 0x2
 1917 008b 04       		.byte	0x4
 1918 008c 07       		.byte	0x7
 1919 008d 83010000 		.4byte	.LASF11
 1920 0091 07       		.uleb128 0x7
 1921 0092 6E000000 		.4byte	0x6e
 1922 0096 08       		.uleb128 0x8
 1923 0097 22010000 		.4byte	.LASF12
 1924 009b 03       		.byte	0x3
 1925 009c 1F       		.byte	0x1f
 1926 009d A7000000 		.4byte	0xa7
 1927 00a1 05       		.uleb128 0x5
 1928 00a2 03       		.byte	0x3
 1929 00a3 00000000 		.4byte	cy_meta_configecc
 1930 00a7 07       		.uleb128 0x7
 1931 00a8 79000000 		.4byte	0x79
 1932 00ac 05       		.uleb128 0x5
 1933 00ad 91000000 		.4byte	0x91
 1934 00b1 BC000000 		.4byte	0xbc
ARM GAS  C:\Users\Joon\AppData\Local\Temp\ccsy8znG.s 			page 35


 1935 00b5 09       		.uleb128 0x9
 1936 00b6 8A000000 		.4byte	0x8a
 1937 00ba 03       		.byte	0x3
 1938 00bb 00       		.byte	0
 1939 00bc 0A       		.uleb128 0xa
 1940 00bd 12010000 		.4byte	.LASF13
 1941 00c1 03       		.byte	0x3
 1942 00c2 0A01     		.2byte	0x10a
 1943 00c4 CE000000 		.4byte	0xce
 1944 00c8 05       		.uleb128 0x5
 1945 00c9 03       		.byte	0x3
 1946 00ca 00000000 		.4byte	cy_meta_custnvl
 1947 00ce 07       		.uleb128 0x7
 1948 00cf AC000000 		.4byte	0xac
 1949 00d3 0A       		.uleb128 0xa
 1950 00d4 75010000 		.4byte	.LASF14
 1951 00d8 03       		.byte	0x3
 1952 00d9 1801     		.2byte	0x118
 1953 00db E5000000 		.4byte	0xe5
 1954 00df 05       		.uleb128 0x5
 1955 00e0 03       		.byte	0x3
 1956 00e1 00000000 		.4byte	cy_meta_wonvl
 1957 00e5 07       		.uleb128 0x7
 1958 00e6 AC000000 		.4byte	0xac
 1959 00ea 05       		.uleb128 0x5
 1960 00eb 91000000 		.4byte	0x91
 1961 00ef FA000000 		.4byte	0xfa
 1962 00f3 09       		.uleb128 0x9
 1963 00f4 8A000000 		.4byte	0x8a
 1964 00f8 FF       		.byte	0xff
 1965 00f9 00       		.byte	0
 1966 00fa 0A       		.uleb128 0xa
 1967 00fb 60010000 		.4byte	.LASF15
 1968 00ff 03       		.byte	0x3
 1969 0100 2601     		.2byte	0x126
 1970 0102 0C010000 		.4byte	0x10c
 1971 0106 05       		.uleb128 0x5
 1972 0107 03       		.byte	0x3
 1973 0108 00000000 		.4byte	cy_meta_flashprotect
 1974 010c 07       		.uleb128 0x7
 1975 010d EA000000 		.4byte	0xea
 1976 0111 05       		.uleb128 0x5
 1977 0112 91000000 		.4byte	0x91
 1978 0116 21010000 		.4byte	0x121
 1979 011a 09       		.uleb128 0x9
 1980 011b 8A000000 		.4byte	0x8a
 1981 011f 0B       		.byte	0xb
 1982 0120 00       		.byte	0
 1983 0121 0A       		.uleb128 0xa
 1984 0122 0A000000 		.4byte	.LASF16
 1985 0126 03       		.byte	0x3
 1986 0127 5301     		.2byte	0x153
 1987 0129 33010000 		.4byte	0x133
 1988 012d 05       		.uleb128 0x5
 1989 012e 03       		.byte	0x3
 1990 012f 00000000 		.4byte	cy_metadata
 1991 0133 07       		.uleb128 0x7
ARM GAS  C:\Users\Joon\AppData\Local\Temp\ccsy8znG.s 			page 36


 1992 0134 11010000 		.4byte	0x111
 1993 0138 00       		.byte	0
 1994              		.section	.debug_abbrev,"",%progbits
 1995              	.Ldebug_abbrev0:
 1996 0000 01       		.uleb128 0x1
 1997 0001 11       		.uleb128 0x11
 1998 0002 01       		.byte	0x1
 1999 0003 25       		.uleb128 0x25
 2000 0004 0E       		.uleb128 0xe
 2001 0005 13       		.uleb128 0x13
 2002 0006 0B       		.uleb128 0xb
 2003 0007 03       		.uleb128 0x3
 2004 0008 0E       		.uleb128 0xe
 2005 0009 1B       		.uleb128 0x1b
 2006 000a 0E       		.uleb128 0xe
 2007 000b 10       		.uleb128 0x10
 2008 000c 17       		.uleb128 0x17
 2009 000d 00       		.byte	0
 2010 000e 00       		.byte	0
 2011 000f 02       		.uleb128 0x2
 2012 0010 24       		.uleb128 0x24
 2013 0011 00       		.byte	0
 2014 0012 0B       		.uleb128 0xb
 2015 0013 0B       		.uleb128 0xb
 2016 0014 3E       		.uleb128 0x3e
 2017 0015 0B       		.uleb128 0xb
 2018 0016 03       		.uleb128 0x3
 2019 0017 0E       		.uleb128 0xe
 2020 0018 00       		.byte	0
 2021 0019 00       		.byte	0
 2022 001a 03       		.uleb128 0x3
 2023 001b 16       		.uleb128 0x16
 2024 001c 00       		.byte	0
 2025 001d 03       		.uleb128 0x3
 2026 001e 0E       		.uleb128 0xe
 2027 001f 3A       		.uleb128 0x3a
 2028 0020 0B       		.uleb128 0xb
 2029 0021 3B       		.uleb128 0x3b
 2030 0022 0B       		.uleb128 0xb
 2031 0023 49       		.uleb128 0x49
 2032 0024 13       		.uleb128 0x13
 2033 0025 00       		.byte	0
 2034 0026 00       		.byte	0
 2035 0027 04       		.uleb128 0x4
 2036 0028 24       		.uleb128 0x24
 2037 0029 00       		.byte	0
 2038 002a 0B       		.uleb128 0xb
 2039 002b 0B       		.uleb128 0xb
 2040 002c 3E       		.uleb128 0x3e
 2041 002d 0B       		.uleb128 0xb
 2042 002e 03       		.uleb128 0x3
 2043 002f 08       		.uleb128 0x8
 2044 0030 00       		.byte	0
 2045 0031 00       		.byte	0
 2046 0032 05       		.uleb128 0x5
 2047 0033 01       		.uleb128 0x1
 2048 0034 01       		.byte	0x1
ARM GAS  C:\Users\Joon\AppData\Local\Temp\ccsy8znG.s 			page 37


 2049 0035 49       		.uleb128 0x49
 2050 0036 13       		.uleb128 0x13
 2051 0037 01       		.uleb128 0x1
 2052 0038 13       		.uleb128 0x13
 2053 0039 00       		.byte	0
 2054 003a 00       		.byte	0
 2055 003b 06       		.uleb128 0x6
 2056 003c 21       		.uleb128 0x21
 2057 003d 00       		.byte	0
 2058 003e 49       		.uleb128 0x49
 2059 003f 13       		.uleb128 0x13
 2060 0040 2F       		.uleb128 0x2f
 2061 0041 05       		.uleb128 0x5
 2062 0042 00       		.byte	0
 2063 0043 00       		.byte	0
 2064 0044 07       		.uleb128 0x7
 2065 0045 26       		.uleb128 0x26
 2066 0046 00       		.byte	0
 2067 0047 49       		.uleb128 0x49
 2068 0048 13       		.uleb128 0x13
 2069 0049 00       		.byte	0
 2070 004a 00       		.byte	0
 2071 004b 08       		.uleb128 0x8
 2072 004c 34       		.uleb128 0x34
 2073 004d 00       		.byte	0
 2074 004e 03       		.uleb128 0x3
 2075 004f 0E       		.uleb128 0xe
 2076 0050 3A       		.uleb128 0x3a
 2077 0051 0B       		.uleb128 0xb
 2078 0052 3B       		.uleb128 0x3b
 2079 0053 0B       		.uleb128 0xb
 2080 0054 49       		.uleb128 0x49
 2081 0055 13       		.uleb128 0x13
 2082 0056 3F       		.uleb128 0x3f
 2083 0057 19       		.uleb128 0x19
 2084 0058 02       		.uleb128 0x2
 2085 0059 18       		.uleb128 0x18
 2086 005a 00       		.byte	0
 2087 005b 00       		.byte	0
 2088 005c 09       		.uleb128 0x9
 2089 005d 21       		.uleb128 0x21
 2090 005e 00       		.byte	0
 2091 005f 49       		.uleb128 0x49
 2092 0060 13       		.uleb128 0x13
 2093 0061 2F       		.uleb128 0x2f
 2094 0062 0B       		.uleb128 0xb
 2095 0063 00       		.byte	0
 2096 0064 00       		.byte	0
 2097 0065 0A       		.uleb128 0xa
 2098 0066 34       		.uleb128 0x34
 2099 0067 00       		.byte	0
 2100 0068 03       		.uleb128 0x3
 2101 0069 0E       		.uleb128 0xe
 2102 006a 3A       		.uleb128 0x3a
 2103 006b 0B       		.uleb128 0xb
 2104 006c 3B       		.uleb128 0x3b
 2105 006d 05       		.uleb128 0x5
ARM GAS  C:\Users\Joon\AppData\Local\Temp\ccsy8znG.s 			page 38


 2106 006e 49       		.uleb128 0x49
 2107 006f 13       		.uleb128 0x13
 2108 0070 3F       		.uleb128 0x3f
 2109 0071 19       		.uleb128 0x19
 2110 0072 02       		.uleb128 0x2
 2111 0073 18       		.uleb128 0x18
 2112 0074 00       		.byte	0
 2113 0075 00       		.byte	0
 2114 0076 00       		.byte	0
 2115              		.section	.debug_aranges,"",%progbits
 2116 0000 14000000 		.4byte	0x14
 2117 0004 0200     		.2byte	0x2
 2118 0006 00000000 		.4byte	.Ldebug_info0
 2119 000a 04       		.byte	0x4
 2120 000b 00       		.byte	0
 2121 000c 0000     		.2byte	0
 2122 000e 0000     		.2byte	0
 2123 0010 00000000 		.4byte	0
 2124 0014 00000000 		.4byte	0
 2125              		.section	.debug_line,"",%progbits
 2126              	.Ldebug_line0:
 2127 0000 3D010000 		.section	.debug_str,"MS",%progbits,1
 2127      02003701 
 2127      00000201 
 2127      FB0E0D00 
 2127      01010101 
 2128              	.LASF9:
 2129 0000 5F5F7569 		.ascii	"__uint8_t\000"
 2129      6E74385F 
 2129      7400
 2130              	.LASF16:
 2131 000a 63795F6D 		.ascii	"cy_metadata\000"
 2131      65746164 
 2131      61746100 
 2132              	.LASF1:
 2133 0016 756E7369 		.ascii	"unsigned char\000"
 2133      676E6564 
 2133      20636861 
 2133      7200
 2134              	.LASF17:
 2135 0024 474E5520 		.ascii	"GNU C11 5.4.1 20160609 (release) [ARM/embedded-5-br"
 2135      43313120 
 2135      352E342E 
 2135      31203230 
 2135      31363036 
 2136 0057 616E6368 		.ascii	"anch revision 237715] -mcpu=cortex-m3 -mthumb -g -O"
 2136      20726576 
 2136      6973696F 
 2136      6E203233 
 2136      37373135 
 2137 008a 67202D66 		.ascii	"g -ffunction-sections -ffat-lto-objects\000"
 2137      66756E63 
 2137      74696F6E 
 2137      2D736563 
 2137      74696F6E 
 2138              	.LASF5:
 2139 00b2 6C6F6E67 		.ascii	"long unsigned int\000"
ARM GAS  C:\Users\Joon\AppData\Local\Temp\ccsy8znG.s 			page 39


 2139      20756E73 
 2139      69676E65 
 2139      6420696E 
 2139      7400
 2140              	.LASF3:
 2141 00c4 73686F72 		.ascii	"short unsigned int\000"
 2141      7420756E 
 2141      7369676E 
 2141      65642069 
 2141      6E7400
 2142              	.LASF19:
 2143 00d7 433A5C72 		.ascii	"C:\\robogrok\\robogrok_psoc_creator\\robotics_1\\se"
 2143      6F626F67 
 2143      726F6B5C 
 2143      726F626F 
 2143      67726F6B 
 2144 0106 6E736F72 		.ascii	"nsors.cydsn\000"
 2144      732E6379 
 2144      64736E00 
 2145              	.LASF13:
 2146 0112 63795F6D 		.ascii	"cy_meta_custnvl\000"
 2146      6574615F 
 2146      63757374 
 2146      6E766C00 
 2147              	.LASF12:
 2148 0122 63795F6D 		.ascii	"cy_meta_configecc\000"
 2148      6574615F 
 2148      636F6E66 
 2148      69676563 
 2148      6300
 2149              	.LASF8:
 2150 0134 756E7369 		.ascii	"unsigned int\000"
 2150      676E6564 
 2150      20696E74 
 2150      00
 2151              	.LASF7:
 2152 0141 6C6F6E67 		.ascii	"long long unsigned int\000"
 2152      206C6F6E 
 2152      6720756E 
 2152      7369676E 
 2152      65642069 
 2153              	.LASF10:
 2154 0158 75696E74 		.ascii	"uint8_t\000"
 2154      385F7400 
 2155              	.LASF15:
 2156 0160 63795F6D 		.ascii	"cy_meta_flashprotect\000"
 2156      6574615F 
 2156      666C6173 
 2156      6870726F 
 2156      74656374 
 2157              	.LASF14:
 2158 0175 63795F6D 		.ascii	"cy_meta_wonvl\000"
 2158      6574615F 
 2158      776F6E76 
 2158      6C00
 2159              	.LASF11:
 2160 0183 73697A65 		.ascii	"sizetype\000"
ARM GAS  C:\Users\Joon\AppData\Local\Temp\ccsy8znG.s 			page 40


 2160      74797065 
 2160      00
 2161              	.LASF6:
 2162 018c 6C6F6E67 		.ascii	"long long int\000"
 2162      206C6F6E 
 2162      6720696E 
 2162      7400
 2163              	.LASF2:
 2164 019a 73686F72 		.ascii	"short int\000"
 2164      7420696E 
 2164      7400
 2165              	.LASF4:
 2166 01a4 6C6F6E67 		.ascii	"long int\000"
 2166      20696E74 
 2166      00
 2167              	.LASF0:
 2168 01ad 7369676E 		.ascii	"signed char\000"
 2168      65642063 
 2168      68617200 
 2169              	.LASF18:
 2170 01b9 47656E65 		.ascii	"Generated_Source\\PSoC5\\cymetadata.c\000"
 2170      72617465 
 2170      645F536F 
 2170      75726365 
 2170      5C50536F 
 2171              		.ident	"GCC: (GNU Tools for ARM Embedded Processors) 5.4.1 20160609 (release) [ARM/embedded-5-bran
