ARM GAS  C:\Users\Joon\AppData\Local\Temp\ccfpifOA.s 			page 1


   1              		.syntax unified
   2              		.cpu cortex-m3
   3              		.fpu softvfp
   4              		.eabi_attribute 20, 1
   5              		.eabi_attribute 21, 1
   6              		.eabi_attribute 23, 3
   7              		.eabi_attribute 24, 1
   8              		.eabi_attribute 25, 1
   9              		.eabi_attribute 26, 1
  10              		.eabi_attribute 30, 1
  11              		.eabi_attribute 34, 1
  12              		.eabi_attribute 18, 4
  13              		.thumb
  14              		.syntax unified
  15              		.file	"main.c"
  16              		.text
  17              	.Ltext0:
  18              		.cfi_sections	.debug_frame
  19              		.global	__aeabi_i2d
  20              		.global	__aeabi_dmul
  21              		.global	__aeabi_ddiv
  22              		.global	__aeabi_d2f
  23              		.global	__aeabi_f2uiz
  24              		.section	.text.main,"ax",%progbits
  25              		.align	2
  26              		.global	main
  27              		.thumb
  28              		.thumb_func
  29              		.type	main, %function
  30              	main:
  31              	.LFB63:
  32              		.file 1 "main.c"
   1:main.c        **** 
   2:main.c        **** #include "project.h"
   3:main.c        **** 
   4:main.c        **** int main(void)
   5:main.c        **** {
  33              		.loc 1 5 0
  34              		.cfi_startproc
  35              		@ args = 0, pretend = 0, frame = 0
  36              		@ frame_needed = 0, uses_anonymous_args = 0
  37 0000 70B5     		push	{r4, r5, r6, lr}
  38              		.cfi_def_cfa_offset 16
  39              		.cfi_offset 4, -16
  40              		.cfi_offset 5, -12
  41              		.cfi_offset 6, -8
  42              		.cfi_offset 14, -4
  43              	.LVL0:
   6:main.c        ****     int counter1 = 0;
   7:main.c        ****     int counter2 = 0;
   8:main.c        ****     int counter_difference = 0;
   9:main.c        ****     float counts_per_rev = 815.5;
  10:main.c        ****     float speed = 0;
  11:main.c        ****     
  12:main.c        ****     int compare = 0;
  13:main.c        ****     
  14:main.c        **** //    int pot = 0;
ARM GAS  C:\Users\Joon\AppData\Local\Temp\ccfpifOA.s 			page 2


  15:main.c        ****     quaddec_1_Start();
  44              		.loc 1 15 0
  45 0002 FFF7FEFF 		bl	quaddec_1_Start
  46              	.LVL1:
  16:main.c        ****     lcd_char_1_Start();
  47              		.loc 1 16 0
  48 0006 FFF7FEFF 		bl	lcd_char_1_Start
  49              	.LVL2:
  17:main.c        ****     ADC_SAR_Seq_1_Start();  // start the ADC block
  50              		.loc 1 17 0
  51 000a FFF7FEFF 		bl	ADC_SAR_Seq_1_Start
  52              	.LVL3:
  18:main.c        ****     ADC_SAR_Seq_1_StartConvert();   // start the conversion process
  53              		.loc 1 18 0
  54 000e FFF7FEFF 		bl	ADC_SAR_Seq_1_StartConvert
  55              	.LVL4:
  19:main.c        ****     PWM_1_Start();
  56              		.loc 1 19 0
  57 0012 FFF7FEFF 		bl	PWM_1_Start
  58              	.LVL5:
  59              	.L4:
  20:main.c        **** 
  21:main.c        ****     for(;;)
  22:main.c        ****     {
  23:main.c        ****         compare = 0 ;   // this is what will control the speed of the motor
  60              		.loc 1 23 0
  61 0016 0024     		movs	r4, #0
  24:main.c        ****         
  25:main.c        ****         while (compare <= 100)
  62              		.loc 1 25 0
  63 0018 3EE0     		b	.L2
  64              	.LVL6:
  65              	.L3:
  26:main.c        ****         {
  27:main.c        ****             // because the motor is going to run in the same direction for a good amount of time in
  28:main.c        ****             // to count the number of pulses from the encoder. At the beginning of the loop, we nee
  29:main.c        ****             quaddec_1_SetCounter(0);
  66              		.loc 1 29 0
  67 001a 0020     		movs	r0, #0
  68 001c FFF7FEFF 		bl	quaddec_1_SetCounter
  69              	.LVL7:
  30:main.c        ****             
  31:main.c        ****             PWM_1_WriteCompare(compare);    // set motor speed
  70              		.loc 1 31 0
  71 0020 E0B2     		uxtb	r0, r4
  72 0022 FFF7FEFF 		bl	PWM_1_WriteCompare
  73              	.LVL8:
  32:main.c        ****             CyDelay(1000);  // let the motor reach its max speed
  74              		.loc 1 32 0
  75 0026 4FF47A70 		mov	r0, #1000
  76 002a FFF7FEFF 		bl	CyDelay
  77              	.LVL9:
  33:main.c        ****             
  34:main.c        ****             counter1 = quaddec_1_GetCounter();   // counter from encoder
  78              		.loc 1 34 0
  79 002e FFF7FEFF 		bl	quaddec_1_GetCounter
  80              	.LVL10:
ARM GAS  C:\Users\Joon\AppData\Local\Temp\ccfpifOA.s 			page 3


  81 0032 0546     		mov	r5, r0
  82              	.LVL11:
  35:main.c        ****             CyDelay(1000);  // wait 1 second
  83              		.loc 1 35 0
  84 0034 4FF47A70 		mov	r0, #1000
  85              	.LVL12:
  86 0038 FFF7FEFF 		bl	CyDelay
  87              	.LVL13:
  36:main.c        ****             counter2 = quaddec_1_GetCounter();   // counter from encoder
  88              		.loc 1 36 0
  89 003c FFF7FEFF 		bl	quaddec_1_GetCounter
  90              	.LVL14:
  91 0040 0646     		mov	r6, r0
  92              	.LVL15:
  37:main.c        ****             PWM_1_WriteCompare(100); // turn motor off before calculating the counter difference
  93              		.loc 1 37 0
  94 0042 6420     		movs	r0, #100
  95              	.LVL16:
  96 0044 FFF7FEFF 		bl	PWM_1_WriteCompare
  97              	.LVL17:
  38:main.c        ****             counter_difference = counter2 - counter1;   // units of counts per sec
  39:main.c        ****             
  40:main.c        ****             speed = (counter_difference * 60.0) / counts_per_rev;   // calculation to get rpm revol
  98              		.loc 1 40 0
  99 0048 701B     		subs	r0, r6, r5
 100              	.LVL18:
 101 004a FFF7FEFF 		bl	__aeabi_i2d
 102              	.LVL19:
 103 004e 0022     		movs	r2, #0
 104 0050 154B     		ldr	r3, .L6+8
 105 0052 FFF7FEFF 		bl	__aeabi_dmul
 106              	.LVL20:
 107 0056 12A3     		adr	r3, .L6
 108 0058 D3E90023 		ldrd	r2, [r3]
 109 005c FFF7FEFF 		bl	__aeabi_ddiv
 110              	.LVL21:
 111 0060 FFF7FEFF 		bl	__aeabi_d2f
 112              	.LVL22:
 113 0064 0546     		mov	r5, r0
 114              	.LVL23:
  41:main.c        ****             lcd_char_1_ClearDisplay();
 115              		.loc 1 41 0
 116 0066 0120     		movs	r0, #1
 117              	.LVL24:
 118 0068 FFF7FEFF 		bl	lcd_char_1_WriteControl
 119              	.LVL25:
  42:main.c        ****             lcd_char_1_Position(0, 0);
 120              		.loc 1 42 0
 121 006c 0021     		movs	r1, #0
 122 006e 0846     		mov	r0, r1
 123 0070 FFF7FEFF 		bl	lcd_char_1_Position
 124              	.LVL26:
  43:main.c        ****             lcd_char_1_PrintNumber(compare);    // print the value of the potentiometer onto the LC
 125              		.loc 1 43 0
 126 0074 A0B2     		uxth	r0, r4
 127 0076 FFF7FEFF 		bl	lcd_char_1_PrintU32Number
 128              	.LVL27:
ARM GAS  C:\Users\Joon\AppData\Local\Temp\ccfpifOA.s 			page 4


  44:main.c        ****             lcd_char_1_Position(0, 5);
 129              		.loc 1 44 0
 130 007a 0521     		movs	r1, #5
 131 007c 0020     		movs	r0, #0
 132 007e FFF7FEFF 		bl	lcd_char_1_Position
 133              	.LVL28:
  45:main.c        ****             lcd_char_1_PrintNumber(speed);    // print the value of the potentiometer onto the LCd 
 134              		.loc 1 45 0
 135 0082 2846     		mov	r0, r5
 136 0084 FFF7FEFF 		bl	__aeabi_f2uiz
 137              	.LVL29:
 138 0088 80B2     		uxth	r0, r0
 139 008a FFF7FEFF 		bl	lcd_char_1_PrintU32Number
 140              	.LVL30:
  46:main.c        ****             CyDelay(2000);
 141              		.loc 1 46 0
 142 008e 4FF4FA60 		mov	r0, #2000
 143 0092 FFF7FEFF 		bl	CyDelay
 144              	.LVL31:
  47:main.c        ****             compare = compare + 10;
 145              		.loc 1 47 0
 146 0096 0A34     		adds	r4, r4, #10
 147              	.LVL32:
 148              	.L2:
  25:main.c        ****         {
 149              		.loc 1 25 0
 150 0098 642C     		cmp	r4, #100
 151 009a BEDD     		ble	.L3
 152 009c BBE7     		b	.L4
 153              	.L7:
 154 009e 00BF     		.align	3
 155              	.L6:
 156 00a0 00000000 		.word	0
 157 00a4 007C8940 		.word	1082752000
 158 00a8 00004E40 		.word	1078853632
 159              		.cfi_endproc
 160              	.LFE63:
 161              		.size	main, .-main
 162              		.text
 163              	.Letext0:
 164              		.file 2 "c:\\program files (x86)\\cypress\\psoc creator\\4.4\\psoc creator\\import\\gnu\\arm\\5.4.
 165              		.file 3 "c:\\program files (x86)\\cypress\\psoc creator\\4.4\\psoc creator\\import\\gnu\\arm\\5.4.
 166              		.file 4 "Generated_Source\\PSoC5/cytypes.h"
 167              		.file 5 "Generated_Source\\PSoC5/quaddec_1.h"
 168              		.file 6 "Generated_Source\\PSoC5/lcd_char_1.h"
 169              		.file 7 "Generated_Source\\PSoC5/ADC_SAR_Seq_1.h"
 170              		.file 8 "Generated_Source\\PSoC5/PWM_1.h"
 171              		.file 9 "Generated_Source\\PSoC5/CyLib.h"
 172              		.file 10 "Generated_Source\\PSoC5/core_cm3.h"
 173              		.section	.debug_info,"",%progbits
 174              	.Ldebug_info0:
 175 0000 D0020000 		.4byte	0x2d0
 176 0004 0400     		.2byte	0x4
 177 0006 00000000 		.4byte	.Ldebug_abbrev0
 178 000a 04       		.byte	0x4
 179 000b 01       		.uleb128 0x1
 180 000c 6F000000 		.4byte	.LASF35
ARM GAS  C:\Users\Joon\AppData\Local\Temp\ccfpifOA.s 			page 5


 181 0010 0C       		.byte	0xc
 182 0011 5B020000 		.4byte	.LASF36
 183 0015 2C010000 		.4byte	.LASF37
 184 0019 00000000 		.4byte	.Ldebug_ranges0+0
 185 001d 00000000 		.4byte	0
 186 0021 00000000 		.4byte	.Ldebug_line0
 187 0025 02       		.uleb128 0x2
 188 0026 01       		.byte	0x1
 189 0027 06       		.byte	0x6
 190 0028 9B020000 		.4byte	.LASF0
 191 002c 02       		.uleb128 0x2
 192 002d 01       		.byte	0x1
 193 002e 08       		.byte	0x8
 194 002f 61000000 		.4byte	.LASF1
 195 0033 02       		.uleb128 0x2
 196 0034 02       		.byte	0x2
 197 0035 05       		.byte	0x5
 198 0036 67020000 		.4byte	.LASF2
 199 003a 02       		.uleb128 0x2
 200 003b 02       		.byte	0x2
 201 003c 07       		.byte	0x7
 202 003d 0A000000 		.4byte	.LASF3
 203 0041 03       		.uleb128 0x3
 204 0042 00000000 		.4byte	.LASF9
 205 0046 02       		.byte	0x2
 206 0047 3F       		.byte	0x3f
 207 0048 4C000000 		.4byte	0x4c
 208 004c 02       		.uleb128 0x2
 209 004d 04       		.byte	0x4
 210 004e 05       		.byte	0x5
 211 004f 86020000 		.4byte	.LASF4
 212 0053 02       		.uleb128 0x2
 213 0054 04       		.byte	0x4
 214 0055 07       		.byte	0x7
 215 0056 0E010000 		.4byte	.LASF5
 216 005a 02       		.uleb128 0x2
 217 005b 08       		.byte	0x8
 218 005c 05       		.byte	0x5
 219 005d 4D020000 		.4byte	.LASF6
 220 0061 02       		.uleb128 0x2
 221 0062 08       		.byte	0x8
 222 0063 07       		.byte	0x7
 223 0064 04020000 		.4byte	.LASF7
 224 0068 04       		.uleb128 0x4
 225 0069 04       		.byte	0x4
 226 006a 05       		.byte	0x5
 227 006b 696E7400 		.ascii	"int\000"
 228 006f 02       		.uleb128 0x2
 229 0070 04       		.byte	0x4
 230 0071 07       		.byte	0x7
 231 0072 DC010000 		.4byte	.LASF8
 232 0076 03       		.uleb128 0x3
 233 0077 3F000000 		.4byte	.LASF10
 234 007b 03       		.byte	0x3
 235 007c 2C       		.byte	0x2c
 236 007d 41000000 		.4byte	0x41
 237 0081 05       		.uleb128 0x5
ARM GAS  C:\Users\Joon\AppData\Local\Temp\ccfpifOA.s 			page 6


 238 0082 C3010000 		.4byte	.LASF11
 239 0086 04       		.byte	0x4
 240 0087 E901     		.2byte	0x1e9
 241 0089 3A000000 		.4byte	0x3a
 242 008d 02       		.uleb128 0x2
 243 008e 04       		.byte	0x4
 244 008f 04       		.byte	0x4
 245 0090 5B000000 		.4byte	.LASF12
 246 0094 02       		.uleb128 0x2
 247 0095 08       		.byte	0x8
 248 0096 04       		.byte	0x4
 249 0097 88010000 		.4byte	.LASF13
 250 009b 02       		.uleb128 0x2
 251 009c 01       		.byte	0x1
 252 009d 08       		.byte	0x8
 253 009e 62020000 		.4byte	.LASF14
 254 00a2 02       		.uleb128 0x2
 255 00a3 08       		.byte	0x8
 256 00a4 04       		.byte	0x4
 257 00a5 8F020000 		.4byte	.LASF15
 258 00a9 02       		.uleb128 0x2
 259 00aa 04       		.byte	0x4
 260 00ab 07       		.byte	0x7
 261 00ac 31020000 		.4byte	.LASF16
 262 00b0 06       		.uleb128 0x6
 263 00b1 A9010000 		.4byte	.LASF38
 264 00b5 01       		.byte	0x1
 265 00b6 04       		.byte	0x4
 266 00b7 68000000 		.4byte	0x68
 267 00bb 00000000 		.4byte	.LFB63
 268 00bf AC000000 		.4byte	.LFE63-.LFB63
 269 00c3 01       		.uleb128 0x1
 270 00c4 9C       		.byte	0x9c
 271 00c5 3E020000 		.4byte	0x23e
 272 00c9 07       		.uleb128 0x7
 273 00ca CA010000 		.4byte	.LASF17
 274 00ce 01       		.byte	0x1
 275 00cf 06       		.byte	0x6
 276 00d0 68000000 		.4byte	0x68
 277 00d4 00000000 		.4byte	.LLST0
 278 00d8 07       		.uleb128 0x7
 279 00d9 D3010000 		.4byte	.LASF18
 280 00dd 01       		.byte	0x1
 281 00de 07       		.byte	0x7
 282 00df 68000000 		.4byte	0x68
 283 00e3 2A000000 		.4byte	.LLST1
 284 00e7 07       		.uleb128 0x7
 285 00e8 2C000000 		.4byte	.LASF19
 286 00ec 01       		.byte	0x1
 287 00ed 08       		.byte	0x8
 288 00ee 68000000 		.4byte	0x68
 289 00f2 54000000 		.4byte	.LLST2
 290 00f6 08       		.uleb128 0x8
 291 00f7 1D000000 		.4byte	.LASF20
 292 00fb 01       		.byte	0x1
 293 00fc 09       		.byte	0x9
 294 00fd 8D000000 		.4byte	0x8d
ARM GAS  C:\Users\Joon\AppData\Local\Temp\ccfpifOA.s 			page 7


 295 0101 04       		.byte	0x4
 296 0102 00E04B44 		.4byte	0x444be000
 297 0106 07       		.uleb128 0x7
 298 0107 2B020000 		.4byte	.LASF21
 299 010b 01       		.byte	0x1
 300 010c 0A       		.byte	0xa
 301 010d 8D000000 		.4byte	0x8d
 302 0111 93000000 		.4byte	.LLST3
 303 0115 07       		.uleb128 0x7
 304 0116 A7020000 		.4byte	.LASF22
 305 011a 01       		.byte	0x1
 306 011b 0C       		.byte	0xc
 307 011c 68000000 		.4byte	0x68
 308 0120 C1000000 		.4byte	.LLST4
 309 0124 09       		.uleb128 0x9
 310 0125 06000000 		.4byte	.LVL1
 311 0129 4F020000 		.4byte	0x24f
 312 012d 09       		.uleb128 0x9
 313 012e 0A000000 		.4byte	.LVL2
 314 0132 5A020000 		.4byte	0x25a
 315 0136 09       		.uleb128 0x9
 316 0137 0E000000 		.4byte	.LVL3
 317 013b 65020000 		.4byte	0x265
 318 013f 09       		.uleb128 0x9
 319 0140 12000000 		.4byte	.LVL4
 320 0144 70020000 		.4byte	0x270
 321 0148 09       		.uleb128 0x9
 322 0149 16000000 		.4byte	.LVL5
 323 014d 7B020000 		.4byte	0x27b
 324 0151 0A       		.uleb128 0xa
 325 0152 20000000 		.4byte	.LVL7
 326 0156 86020000 		.4byte	0x286
 327 015a 64010000 		.4byte	0x164
 328 015e 0B       		.uleb128 0xb
 329 015f 01       		.uleb128 0x1
 330 0160 50       		.byte	0x50
 331 0161 01       		.uleb128 0x1
 332 0162 30       		.byte	0x30
 333 0163 00       		.byte	0
 334 0164 0A       		.uleb128 0xa
 335 0165 26000000 		.4byte	.LVL8
 336 0169 91020000 		.4byte	0x291
 337 016d 78010000 		.4byte	0x178
 338 0171 0B       		.uleb128 0xb
 339 0172 01       		.uleb128 0x1
 340 0173 50       		.byte	0x50
 341 0174 02       		.uleb128 0x2
 342 0175 74       		.byte	0x74
 343 0176 00       		.sleb128 0
 344 0177 00       		.byte	0
 345 0178 0A       		.uleb128 0xa
 346 0179 2E000000 		.4byte	.LVL9
 347 017d 9C020000 		.4byte	0x29c
 348 0181 8D010000 		.4byte	0x18d
 349 0185 0B       		.uleb128 0xb
 350 0186 01       		.uleb128 0x1
 351 0187 50       		.byte	0x50
ARM GAS  C:\Users\Joon\AppData\Local\Temp\ccfpifOA.s 			page 8


 352 0188 03       		.uleb128 0x3
 353 0189 0A       		.byte	0xa
 354 018a E803     		.2byte	0x3e8
 355 018c 00       		.byte	0
 356 018d 09       		.uleb128 0x9
 357 018e 32000000 		.4byte	.LVL10
 358 0192 A7020000 		.4byte	0x2a7
 359 0196 0A       		.uleb128 0xa
 360 0197 3C000000 		.4byte	.LVL13
 361 019b 9C020000 		.4byte	0x29c
 362 019f AB010000 		.4byte	0x1ab
 363 01a3 0B       		.uleb128 0xb
 364 01a4 01       		.uleb128 0x1
 365 01a5 50       		.byte	0x50
 366 01a6 03       		.uleb128 0x3
 367 01a7 0A       		.byte	0xa
 368 01a8 E803     		.2byte	0x3e8
 369 01aa 00       		.byte	0
 370 01ab 09       		.uleb128 0x9
 371 01ac 40000000 		.4byte	.LVL14
 372 01b0 A7020000 		.4byte	0x2a7
 373 01b4 0A       		.uleb128 0xa
 374 01b5 48000000 		.4byte	.LVL17
 375 01b9 91020000 		.4byte	0x291
 376 01bd C8010000 		.4byte	0x1c8
 377 01c1 0B       		.uleb128 0xb
 378 01c2 01       		.uleb128 0x1
 379 01c3 50       		.byte	0x50
 380 01c4 02       		.uleb128 0x2
 381 01c5 08       		.byte	0x8
 382 01c6 64       		.byte	0x64
 383 01c7 00       		.byte	0
 384 01c8 0A       		.uleb128 0xa
 385 01c9 6C000000 		.4byte	.LVL25
 386 01cd B2020000 		.4byte	0x2b2
 387 01d1 DB010000 		.4byte	0x1db
 388 01d5 0B       		.uleb128 0xb
 389 01d6 01       		.uleb128 0x1
 390 01d7 50       		.byte	0x50
 391 01d8 01       		.uleb128 0x1
 392 01d9 31       		.byte	0x31
 393 01da 00       		.byte	0
 394 01db 0A       		.uleb128 0xa
 395 01dc 74000000 		.4byte	.LVL26
 396 01e0 BD020000 		.4byte	0x2bd
 397 01e4 F3010000 		.4byte	0x1f3
 398 01e8 0B       		.uleb128 0xb
 399 01e9 01       		.uleb128 0x1
 400 01ea 50       		.byte	0x50
 401 01eb 01       		.uleb128 0x1
 402 01ec 30       		.byte	0x30
 403 01ed 0B       		.uleb128 0xb
 404 01ee 01       		.uleb128 0x1
 405 01ef 51       		.byte	0x51
 406 01f0 01       		.uleb128 0x1
 407 01f1 30       		.byte	0x30
 408 01f2 00       		.byte	0
ARM GAS  C:\Users\Joon\AppData\Local\Temp\ccfpifOA.s 			page 9


 409 01f3 0A       		.uleb128 0xa
 410 01f4 7A000000 		.4byte	.LVL27
 411 01f8 C8020000 		.4byte	0x2c8
 412 01fc 0B020000 		.4byte	0x20b
 413 0200 0B       		.uleb128 0xb
 414 0201 01       		.uleb128 0x1
 415 0202 50       		.byte	0x50
 416 0203 06       		.uleb128 0x6
 417 0204 74       		.byte	0x74
 418 0205 00       		.sleb128 0
 419 0206 0A       		.byte	0xa
 420 0207 FFFF     		.2byte	0xffff
 421 0209 1A       		.byte	0x1a
 422 020a 00       		.byte	0
 423 020b 0A       		.uleb128 0xa
 424 020c 82000000 		.4byte	.LVL28
 425 0210 BD020000 		.4byte	0x2bd
 426 0214 23020000 		.4byte	0x223
 427 0218 0B       		.uleb128 0xb
 428 0219 01       		.uleb128 0x1
 429 021a 50       		.byte	0x50
 430 021b 01       		.uleb128 0x1
 431 021c 30       		.byte	0x30
 432 021d 0B       		.uleb128 0xb
 433 021e 01       		.uleb128 0x1
 434 021f 51       		.byte	0x51
 435 0220 01       		.uleb128 0x1
 436 0221 35       		.byte	0x35
 437 0222 00       		.byte	0
 438 0223 09       		.uleb128 0x9
 439 0224 8E000000 		.4byte	.LVL30
 440 0228 C8020000 		.4byte	0x2c8
 441 022c 0C       		.uleb128 0xc
 442 022d 96000000 		.4byte	.LVL31
 443 0231 9C020000 		.4byte	0x29c
 444 0235 0B       		.uleb128 0xb
 445 0236 01       		.uleb128 0x1
 446 0237 50       		.byte	0x50
 447 0238 03       		.uleb128 0x3
 448 0239 0A       		.byte	0xa
 449 023a D007     		.2byte	0x7d0
 450 023c 00       		.byte	0
 451 023d 00       		.byte	0
 452 023e 0D       		.uleb128 0xd
 453 023f 67010000 		.4byte	.LASF39
 454 0243 0A       		.byte	0xa
 455 0244 1207     		.2byte	0x712
 456 0246 4A020000 		.4byte	0x24a
 457 024a 0E       		.uleb128 0xe
 458 024b 76000000 		.4byte	0x76
 459 024f 0F       		.uleb128 0xf
 460 0250 1B020000 		.4byte	.LASF23
 461 0254 1B020000 		.4byte	.LASF23
 462 0258 05       		.byte	0x5
 463 0259 48       		.byte	0x48
 464 025a 0F       		.uleb128 0xf
 465 025b FD000000 		.4byte	.LASF24
ARM GAS  C:\Users\Joon\AppData\Local\Temp\ccfpifOA.s 			page 10


 466 025f FD000000 		.4byte	.LASF24
 467 0263 06       		.byte	0x6
 468 0264 38       		.byte	0x38
 469 0265 0F       		.uleb128 0xf
 470 0266 47000000 		.4byte	.LASF25
 471 026a 47000000 		.4byte	.LASF25
 472 026e 07       		.byte	0x7
 473 026f 31       		.byte	0x31
 474 0270 0F       		.uleb128 0xf
 475 0271 E9010000 		.4byte	.LASF26
 476 0275 E9010000 		.4byte	.LASF26
 477 0279 07       		.byte	0x7
 478 027a A1       		.byte	0xa1
 479 027b 0F       		.uleb128 0xf
 480 027c 20010000 		.4byte	.LASF27
 481 0280 20010000 		.4byte	.LASF27
 482 0284 08       		.byte	0x8
 483 0285 92       		.byte	0x92
 484 0286 0F       		.uleb128 0xf
 485 0287 71020000 		.4byte	.LASF28
 486 028b 71020000 		.4byte	.LASF28
 487 028f 05       		.byte	0x5
 488 0290 4F       		.byte	0x4f
 489 0291 0F       		.uleb128 0xf
 490 0292 3A020000 		.4byte	.LASF29
 491 0296 3A020000 		.4byte	.LASF29
 492 029a 08       		.byte	0x8
 493 029b C3       		.byte	0xc3
 494 029c 0F       		.uleb128 0xf
 495 029d C7020000 		.4byte	.LASF30
 496 02a1 C7020000 		.4byte	.LASF30
 497 02a5 09       		.byte	0x9
 498 02a6 76       		.byte	0x76
 499 02a7 0F       		.uleb128 0xf
 500 02a8 AE010000 		.4byte	.LASF31
 501 02ac AE010000 		.4byte	.LASF31
 502 02b0 05       		.byte	0x5
 503 02b1 4E       		.byte	0x4e
 504 02b2 0F       		.uleb128 0xf
 505 02b3 AF020000 		.4byte	.LASF32
 506 02b7 AF020000 		.4byte	.LASF32
 507 02bb 06       		.byte	0x6
 508 02bc 3A       		.byte	0x3a
 509 02bd 0F       		.uleb128 0xf
 510 02be 74010000 		.4byte	.LASF33
 511 02c2 74010000 		.4byte	.LASF33
 512 02c6 06       		.byte	0x6
 513 02c7 3D       		.byte	0x3d
 514 02c8 0F       		.uleb128 0xf
 515 02c9 8F010000 		.4byte	.LASF34
 516 02cd 8F010000 		.4byte	.LASF34
 517 02d1 06       		.byte	0x6
 518 02d2 61       		.byte	0x61
 519 02d3 00       		.byte	0
 520              		.section	.debug_abbrev,"",%progbits
 521              	.Ldebug_abbrev0:
 522 0000 01       		.uleb128 0x1
ARM GAS  C:\Users\Joon\AppData\Local\Temp\ccfpifOA.s 			page 11


 523 0001 11       		.uleb128 0x11
 524 0002 01       		.byte	0x1
 525 0003 25       		.uleb128 0x25
 526 0004 0E       		.uleb128 0xe
 527 0005 13       		.uleb128 0x13
 528 0006 0B       		.uleb128 0xb
 529 0007 03       		.uleb128 0x3
 530 0008 0E       		.uleb128 0xe
 531 0009 1B       		.uleb128 0x1b
 532 000a 0E       		.uleb128 0xe
 533 000b 55       		.uleb128 0x55
 534 000c 17       		.uleb128 0x17
 535 000d 11       		.uleb128 0x11
 536 000e 01       		.uleb128 0x1
 537 000f 10       		.uleb128 0x10
 538 0010 17       		.uleb128 0x17
 539 0011 00       		.byte	0
 540 0012 00       		.byte	0
 541 0013 02       		.uleb128 0x2
 542 0014 24       		.uleb128 0x24
 543 0015 00       		.byte	0
 544 0016 0B       		.uleb128 0xb
 545 0017 0B       		.uleb128 0xb
 546 0018 3E       		.uleb128 0x3e
 547 0019 0B       		.uleb128 0xb
 548 001a 03       		.uleb128 0x3
 549 001b 0E       		.uleb128 0xe
 550 001c 00       		.byte	0
 551 001d 00       		.byte	0
 552 001e 03       		.uleb128 0x3
 553 001f 16       		.uleb128 0x16
 554 0020 00       		.byte	0
 555 0021 03       		.uleb128 0x3
 556 0022 0E       		.uleb128 0xe
 557 0023 3A       		.uleb128 0x3a
 558 0024 0B       		.uleb128 0xb
 559 0025 3B       		.uleb128 0x3b
 560 0026 0B       		.uleb128 0xb
 561 0027 49       		.uleb128 0x49
 562 0028 13       		.uleb128 0x13
 563 0029 00       		.byte	0
 564 002a 00       		.byte	0
 565 002b 04       		.uleb128 0x4
 566 002c 24       		.uleb128 0x24
 567 002d 00       		.byte	0
 568 002e 0B       		.uleb128 0xb
 569 002f 0B       		.uleb128 0xb
 570 0030 3E       		.uleb128 0x3e
 571 0031 0B       		.uleb128 0xb
 572 0032 03       		.uleb128 0x3
 573 0033 08       		.uleb128 0x8
 574 0034 00       		.byte	0
 575 0035 00       		.byte	0
 576 0036 05       		.uleb128 0x5
 577 0037 16       		.uleb128 0x16
 578 0038 00       		.byte	0
 579 0039 03       		.uleb128 0x3
ARM GAS  C:\Users\Joon\AppData\Local\Temp\ccfpifOA.s 			page 12


 580 003a 0E       		.uleb128 0xe
 581 003b 3A       		.uleb128 0x3a
 582 003c 0B       		.uleb128 0xb
 583 003d 3B       		.uleb128 0x3b
 584 003e 05       		.uleb128 0x5
 585 003f 49       		.uleb128 0x49
 586 0040 13       		.uleb128 0x13
 587 0041 00       		.byte	0
 588 0042 00       		.byte	0
 589 0043 06       		.uleb128 0x6
 590 0044 2E       		.uleb128 0x2e
 591 0045 01       		.byte	0x1
 592 0046 3F       		.uleb128 0x3f
 593 0047 19       		.uleb128 0x19
 594 0048 03       		.uleb128 0x3
 595 0049 0E       		.uleb128 0xe
 596 004a 3A       		.uleb128 0x3a
 597 004b 0B       		.uleb128 0xb
 598 004c 3B       		.uleb128 0x3b
 599 004d 0B       		.uleb128 0xb
 600 004e 27       		.uleb128 0x27
 601 004f 19       		.uleb128 0x19
 602 0050 49       		.uleb128 0x49
 603 0051 13       		.uleb128 0x13
 604 0052 8701     		.uleb128 0x87
 605 0054 19       		.uleb128 0x19
 606 0055 11       		.uleb128 0x11
 607 0056 01       		.uleb128 0x1
 608 0057 12       		.uleb128 0x12
 609 0058 06       		.uleb128 0x6
 610 0059 40       		.uleb128 0x40
 611 005a 18       		.uleb128 0x18
 612 005b 9642     		.uleb128 0x2116
 613 005d 19       		.uleb128 0x19
 614 005e 01       		.uleb128 0x1
 615 005f 13       		.uleb128 0x13
 616 0060 00       		.byte	0
 617 0061 00       		.byte	0
 618 0062 07       		.uleb128 0x7
 619 0063 34       		.uleb128 0x34
 620 0064 00       		.byte	0
 621 0065 03       		.uleb128 0x3
 622 0066 0E       		.uleb128 0xe
 623 0067 3A       		.uleb128 0x3a
 624 0068 0B       		.uleb128 0xb
 625 0069 3B       		.uleb128 0x3b
 626 006a 0B       		.uleb128 0xb
 627 006b 49       		.uleb128 0x49
 628 006c 13       		.uleb128 0x13
 629 006d 02       		.uleb128 0x2
 630 006e 17       		.uleb128 0x17
 631 006f 00       		.byte	0
 632 0070 00       		.byte	0
 633 0071 08       		.uleb128 0x8
 634 0072 34       		.uleb128 0x34
 635 0073 00       		.byte	0
 636 0074 03       		.uleb128 0x3
ARM GAS  C:\Users\Joon\AppData\Local\Temp\ccfpifOA.s 			page 13


 637 0075 0E       		.uleb128 0xe
 638 0076 3A       		.uleb128 0x3a
 639 0077 0B       		.uleb128 0xb
 640 0078 3B       		.uleb128 0x3b
 641 0079 0B       		.uleb128 0xb
 642 007a 49       		.uleb128 0x49
 643 007b 13       		.uleb128 0x13
 644 007c 1C       		.uleb128 0x1c
 645 007d 0A       		.uleb128 0xa
 646 007e 00       		.byte	0
 647 007f 00       		.byte	0
 648 0080 09       		.uleb128 0x9
 649 0081 898201   		.uleb128 0x4109
 650 0084 00       		.byte	0
 651 0085 11       		.uleb128 0x11
 652 0086 01       		.uleb128 0x1
 653 0087 31       		.uleb128 0x31
 654 0088 13       		.uleb128 0x13
 655 0089 00       		.byte	0
 656 008a 00       		.byte	0
 657 008b 0A       		.uleb128 0xa
 658 008c 898201   		.uleb128 0x4109
 659 008f 01       		.byte	0x1
 660 0090 11       		.uleb128 0x11
 661 0091 01       		.uleb128 0x1
 662 0092 31       		.uleb128 0x31
 663 0093 13       		.uleb128 0x13
 664 0094 01       		.uleb128 0x1
 665 0095 13       		.uleb128 0x13
 666 0096 00       		.byte	0
 667 0097 00       		.byte	0
 668 0098 0B       		.uleb128 0xb
 669 0099 8A8201   		.uleb128 0x410a
 670 009c 00       		.byte	0
 671 009d 02       		.uleb128 0x2
 672 009e 18       		.uleb128 0x18
 673 009f 9142     		.uleb128 0x2111
 674 00a1 18       		.uleb128 0x18
 675 00a2 00       		.byte	0
 676 00a3 00       		.byte	0
 677 00a4 0C       		.uleb128 0xc
 678 00a5 898201   		.uleb128 0x4109
 679 00a8 01       		.byte	0x1
 680 00a9 11       		.uleb128 0x11
 681 00aa 01       		.uleb128 0x1
 682 00ab 31       		.uleb128 0x31
 683 00ac 13       		.uleb128 0x13
 684 00ad 00       		.byte	0
 685 00ae 00       		.byte	0
 686 00af 0D       		.uleb128 0xd
 687 00b0 34       		.uleb128 0x34
 688 00b1 00       		.byte	0
 689 00b2 03       		.uleb128 0x3
 690 00b3 0E       		.uleb128 0xe
 691 00b4 3A       		.uleb128 0x3a
 692 00b5 0B       		.uleb128 0xb
 693 00b6 3B       		.uleb128 0x3b
ARM GAS  C:\Users\Joon\AppData\Local\Temp\ccfpifOA.s 			page 14


 694 00b7 05       		.uleb128 0x5
 695 00b8 49       		.uleb128 0x49
 696 00b9 13       		.uleb128 0x13
 697 00ba 3F       		.uleb128 0x3f
 698 00bb 19       		.uleb128 0x19
 699 00bc 3C       		.uleb128 0x3c
 700 00bd 19       		.uleb128 0x19
 701 00be 00       		.byte	0
 702 00bf 00       		.byte	0
 703 00c0 0E       		.uleb128 0xe
 704 00c1 35       		.uleb128 0x35
 705 00c2 00       		.byte	0
 706 00c3 49       		.uleb128 0x49
 707 00c4 13       		.uleb128 0x13
 708 00c5 00       		.byte	0
 709 00c6 00       		.byte	0
 710 00c7 0F       		.uleb128 0xf
 711 00c8 2E       		.uleb128 0x2e
 712 00c9 00       		.byte	0
 713 00ca 3F       		.uleb128 0x3f
 714 00cb 19       		.uleb128 0x19
 715 00cc 3C       		.uleb128 0x3c
 716 00cd 19       		.uleb128 0x19
 717 00ce 6E       		.uleb128 0x6e
 718 00cf 0E       		.uleb128 0xe
 719 00d0 03       		.uleb128 0x3
 720 00d1 0E       		.uleb128 0xe
 721 00d2 3A       		.uleb128 0x3a
 722 00d3 0B       		.uleb128 0xb
 723 00d4 3B       		.uleb128 0x3b
 724 00d5 0B       		.uleb128 0xb
 725 00d6 00       		.byte	0
 726 00d7 00       		.byte	0
 727 00d8 00       		.byte	0
 728              		.section	.debug_loc,"",%progbits
 729              	.Ldebug_loc0:
 730              	.LLST0:
 731 0000 02000000 		.4byte	.LVL0
 732 0004 16000000 		.4byte	.LVL5
 733 0008 0200     		.2byte	0x2
 734 000a 30       		.byte	0x30
 735 000b 9F       		.byte	0x9f
 736 000c 34000000 		.4byte	.LVL11
 737 0010 38000000 		.4byte	.LVL12
 738 0014 0100     		.2byte	0x1
 739 0016 50       		.byte	0x50
 740 0017 38000000 		.4byte	.LVL12
 741 001b 66000000 		.4byte	.LVL23
 742 001f 0100     		.2byte	0x1
 743 0021 55       		.byte	0x55
 744 0022 00000000 		.4byte	0
 745 0026 00000000 		.4byte	0
 746              	.LLST1:
 747 002a 02000000 		.4byte	.LVL0
 748 002e 16000000 		.4byte	.LVL5
 749 0032 0200     		.2byte	0x2
 750 0034 30       		.byte	0x30
ARM GAS  C:\Users\Joon\AppData\Local\Temp\ccfpifOA.s 			page 15


 751 0035 9F       		.byte	0x9f
 752 0036 42000000 		.4byte	.LVL15
 753 003a 44000000 		.4byte	.LVL16
 754 003e 0100     		.2byte	0x1
 755 0040 50       		.byte	0x50
 756 0041 44000000 		.4byte	.LVL16
 757 0045 98000000 		.4byte	.LVL32
 758 0049 0100     		.2byte	0x1
 759 004b 56       		.byte	0x56
 760 004c 00000000 		.4byte	0
 761 0050 00000000 		.4byte	0
 762              	.LLST2:
 763 0054 02000000 		.4byte	.LVL0
 764 0058 16000000 		.4byte	.LVL5
 765 005c 0200     		.2byte	0x2
 766 005e 30       		.byte	0x30
 767 005f 9F       		.byte	0x9f
 768 0060 48000000 		.4byte	.LVL17
 769 0064 4A000000 		.4byte	.LVL18
 770 0068 0600     		.2byte	0x6
 771 006a 76       		.byte	0x76
 772 006b 00       		.sleb128 0
 773 006c 75       		.byte	0x75
 774 006d 00       		.sleb128 0
 775 006e 1C       		.byte	0x1c
 776 006f 9F       		.byte	0x9f
 777 0070 4A000000 		.4byte	.LVL18
 778 0074 4D000000 		.4byte	.LVL19-1
 779 0078 0100     		.2byte	0x1
 780 007a 50       		.byte	0x50
 781 007b 4D000000 		.4byte	.LVL19-1
 782 007f 66000000 		.4byte	.LVL23
 783 0083 0600     		.2byte	0x6
 784 0085 76       		.byte	0x76
 785 0086 00       		.sleb128 0
 786 0087 75       		.byte	0x75
 787 0088 00       		.sleb128 0
 788 0089 1C       		.byte	0x1c
 789 008a 9F       		.byte	0x9f
 790 008b 00000000 		.4byte	0
 791 008f 00000000 		.4byte	0
 792              	.LLST3:
 793 0093 02000000 		.4byte	.LVL0
 794 0097 16000000 		.4byte	.LVL5
 795 009b 0600     		.2byte	0x6
 796 009d 9E       		.byte	0x9e
 797 009e 04       		.uleb128 0x4
 798 009f 00000000 		.4byte	0
 799 00a3 66000000 		.4byte	.LVL23
 800 00a7 68000000 		.4byte	.LVL24
 801 00ab 0100     		.2byte	0x1
 802 00ad 50       		.byte	0x50
 803 00ae 68000000 		.4byte	.LVL24
 804 00b2 98000000 		.4byte	.LVL32
 805 00b6 0100     		.2byte	0x1
 806 00b8 55       		.byte	0x55
 807 00b9 00000000 		.4byte	0
ARM GAS  C:\Users\Joon\AppData\Local\Temp\ccfpifOA.s 			page 16


 808 00bd 00000000 		.4byte	0
 809              	.LLST4:
 810 00c1 02000000 		.4byte	.LVL0
 811 00c5 1A000000 		.4byte	.LVL6
 812 00c9 0200     		.2byte	0x2
 813 00cb 30       		.byte	0x30
 814 00cc 9F       		.byte	0x9f
 815 00cd 1A000000 		.4byte	.LVL6
 816 00d1 AC000000 		.4byte	.LFE63
 817 00d5 0100     		.2byte	0x1
 818 00d7 54       		.byte	0x54
 819 00d8 00000000 		.4byte	0
 820 00dc 00000000 		.4byte	0
 821              		.section	.debug_aranges,"",%progbits
 822 0000 1C000000 		.4byte	0x1c
 823 0004 0200     		.2byte	0x2
 824 0006 00000000 		.4byte	.Ldebug_info0
 825 000a 04       		.byte	0x4
 826 000b 00       		.byte	0
 827 000c 0000     		.2byte	0
 828 000e 0000     		.2byte	0
 829 0010 00000000 		.4byte	.LFB63
 830 0014 AC000000 		.4byte	.LFE63-.LFB63
 831 0018 00000000 		.4byte	0
 832 001c 00000000 		.4byte	0
 833              		.section	.debug_ranges,"",%progbits
 834              	.Ldebug_ranges0:
 835 0000 00000000 		.4byte	.LFB63
 836 0004 AC000000 		.4byte	.LFE63
 837 0008 00000000 		.4byte	0
 838 000c 00000000 		.4byte	0
 839              		.section	.debug_line,"",%progbits
 840              	.Ldebug_line0:
 841 0000 C2010000 		.section	.debug_str,"MS",%progbits,1
 841      02009401 
 841      00000201 
 841      FB0E0D00 
 841      01010101 
 842              	.LASF9:
 843 0000 5F5F696E 		.ascii	"__int32_t\000"
 843      7433325F 
 843      7400
 844              	.LASF3:
 845 000a 73686F72 		.ascii	"short unsigned int\000"
 845      7420756E 
 845      7369676E 
 845      65642069 
 845      6E7400
 846              	.LASF20:
 847 001d 636F756E 		.ascii	"counts_per_rev\000"
 847      74735F70 
 847      65725F72 
 847      657600
 848              	.LASF19:
 849 002c 636F756E 		.ascii	"counter_difference\000"
 849      7465725F 
 849      64696666 
ARM GAS  C:\Users\Joon\AppData\Local\Temp\ccfpifOA.s 			page 17


 849      6572656E 
 849      636500
 850              	.LASF10:
 851 003f 696E7433 		.ascii	"int32_t\000"
 851      325F7400 
 852              	.LASF25:
 853 0047 4144435F 		.ascii	"ADC_SAR_Seq_1_Start\000"
 853      5341525F 
 853      5365715F 
 853      315F5374 
 853      61727400 
 854              	.LASF12:
 855 005b 666C6F61 		.ascii	"float\000"
 855      7400
 856              	.LASF1:
 857 0061 756E7369 		.ascii	"unsigned char\000"
 857      676E6564 
 857      20636861 
 857      7200
 858              	.LASF35:
 859 006f 474E5520 		.ascii	"GNU C11 5.4.1 20160609 (release) [ARM/embedded-5-br"
 859      43313120 
 859      352E342E 
 859      31203230 
 859      31363036 
 860 00a2 616E6368 		.ascii	"anch revision 237715] -mcpu=cortex-m3 -mthumb -g -O"
 860      20726576 
 860      6973696F 
 860      6E203233 
 860      37373135 
 861 00d5 67202D66 		.ascii	"g -ffunction-sections -ffat-lto-objects\000"
 861      66756E63 
 861      74696F6E 
 861      2D736563 
 861      74696F6E 
 862              	.LASF24:
 863 00fd 6C63645F 		.ascii	"lcd_char_1_Start\000"
 863      63686172 
 863      5F315F53 
 863      74617274 
 863      00
 864              	.LASF5:
 865 010e 6C6F6E67 		.ascii	"long unsigned int\000"
 865      20756E73 
 865      69676E65 
 865      6420696E 
 865      7400
 866              	.LASF27:
 867 0120 50574D5F 		.ascii	"PWM_1_Start\000"
 867      315F5374 
 867      61727400 
 868              	.LASF37:
 869 012c 433A5C72 		.ascii	"C:\\robogrok\\robogrok_psoc_creator\\robotics_1\\se"
 869      6F626F67 
 869      726F6B5C 
 869      726F626F 
 869      67726F6B 
ARM GAS  C:\Users\Joon\AppData\Local\Temp\ccfpifOA.s 			page 18


 870 015b 6E736F72 		.ascii	"nsors.cydsn\000"
 870      732E6379 
 870      64736E00 
 871              	.LASF39:
 872 0167 49544D5F 		.ascii	"ITM_RxBuffer\000"
 872      52784275 
 872      66666572 
 872      00
 873              	.LASF33:
 874 0174 6C63645F 		.ascii	"lcd_char_1_Position\000"
 874      63686172 
 874      5F315F50 
 874      6F736974 
 874      696F6E00 
 875              	.LASF13:
 876 0188 646F7562 		.ascii	"double\000"
 876      6C6500
 877              	.LASF34:
 878 018f 6C63645F 		.ascii	"lcd_char_1_PrintU32Number\000"
 878      63686172 
 878      5F315F50 
 878      72696E74 
 878      5533324E 
 879              	.LASF38:
 880 01a9 6D61696E 		.ascii	"main\000"
 880      00
 881              	.LASF31:
 882 01ae 71756164 		.ascii	"quaddec_1_GetCounter\000"
 882      6465635F 
 882      315F4765 
 882      74436F75 
 882      6E746572 
 883              	.LASF11:
 884 01c3 75696E74 		.ascii	"uint16\000"
 884      313600
 885              	.LASF17:
 886 01ca 636F756E 		.ascii	"counter1\000"
 886      74657231 
 886      00
 887              	.LASF18:
 888 01d3 636F756E 		.ascii	"counter2\000"
 888      74657232 
 888      00
 889              	.LASF8:
 890 01dc 756E7369 		.ascii	"unsigned int\000"
 890      676E6564 
 890      20696E74 
 890      00
 891              	.LASF26:
 892 01e9 4144435F 		.ascii	"ADC_SAR_Seq_1_StartConvert\000"
 892      5341525F 
 892      5365715F 
 892      315F5374 
 892      61727443 
 893              	.LASF7:
 894 0204 6C6F6E67 		.ascii	"long long unsigned int\000"
 894      206C6F6E 
ARM GAS  C:\Users\Joon\AppData\Local\Temp\ccfpifOA.s 			page 19


 894      6720756E 
 894      7369676E 
 894      65642069 
 895              	.LASF23:
 896 021b 71756164 		.ascii	"quaddec_1_Start\000"
 896      6465635F 
 896      315F5374 
 896      61727400 
 897              	.LASF21:
 898 022b 73706565 		.ascii	"speed\000"
 898      6400
 899              	.LASF16:
 900 0231 73697A65 		.ascii	"sizetype\000"
 900      74797065 
 900      00
 901              	.LASF29:
 902 023a 50574D5F 		.ascii	"PWM_1_WriteCompare\000"
 902      315F5772 
 902      69746543 
 902      6F6D7061 
 902      726500
 903              	.LASF6:
 904 024d 6C6F6E67 		.ascii	"long long int\000"
 904      206C6F6E 
 904      6720696E 
 904      7400
 905              	.LASF36:
 906 025b 6D61696E 		.ascii	"main.c\000"
 906      2E6300
 907              	.LASF14:
 908 0262 63686172 		.ascii	"char\000"
 908      00
 909              	.LASF2:
 910 0267 73686F72 		.ascii	"short int\000"
 910      7420696E 
 910      7400
 911              	.LASF28:
 912 0271 71756164 		.ascii	"quaddec_1_SetCounter\000"
 912      6465635F 
 912      315F5365 
 912      74436F75 
 912      6E746572 
 913              	.LASF4:
 914 0286 6C6F6E67 		.ascii	"long int\000"
 914      20696E74 
 914      00
 915              	.LASF15:
 916 028f 6C6F6E67 		.ascii	"long double\000"
 916      20646F75 
 916      626C6500 
 917              	.LASF0:
 918 029b 7369676E 		.ascii	"signed char\000"
 918      65642063 
 918      68617200 
 919              	.LASF22:
 920 02a7 636F6D70 		.ascii	"compare\000"
 920      61726500 
ARM GAS  C:\Users\Joon\AppData\Local\Temp\ccfpifOA.s 			page 20


 921              	.LASF32:
 922 02af 6C63645F 		.ascii	"lcd_char_1_WriteControl\000"
 922      63686172 
 922      5F315F57 
 922      72697465 
 922      436F6E74 
 923              	.LASF30:
 924 02c7 43794465 		.ascii	"CyDelay\000"
 924      6C617900 
 925              		.ident	"GCC: (GNU Tools for ARM Embedded Processors) 5.4.1 20160609 (release) [ARM/embedded-5-bran
