ARM GAS  C:\Users\Joon\AppData\Local\Temp\ccsd9EUX.s 			page 1


   1              		.syntax unified
   2              		.cpu cortex-m3
   3              		.fpu softvfp
   4              		.eabi_attribute 20, 1
   5              		.eabi_attribute 21, 1
   6              		.eabi_attribute 23, 3
   7              		.eabi_attribute 24, 1
   8              		.eabi_attribute 25, 1
   9              		.eabi_attribute 26, 1
  10              		.eabi_attribute 30, 1
  11              		.eabi_attribute 34, 1
  12              		.eabi_attribute 18, 4
  13              		.thumb
  14              		.syntax unified
  15              		.file	"cymetadata.c"
  16              		.text
  17              	.Ltext0:
  18              		.cfi_sections	.debug_frame
  19              		.global	cy_metadata
  20              		.global	cy_meta_flashprotect
  21              		.global	cy_meta_wonvl
  22              		.global	cy_meta_custnvl
  23              		.global	cy_meta_configecc
  24              		.section	.cyconfigecc,"a",%progbits
  25              		.align	2
  26              		.type	cy_meta_configecc, %object
  27              		.size	cy_meta_configecc, 256
  28              	cy_meta_configecc:
  29 0000 01       		.byte	1
  30 0001 52       		.byte	82
  31 0002 00       		.byte	0
  32 0003 40       		.byte	64
  33 0004 01       		.byte	1
  34 0005 65       		.byte	101
  35 0006 00       		.byte	0
  36 0007 40       		.byte	64
  37 0008 41       		.byte	65
  38 0009 18       		.byte	24
  39 000a 01       		.byte	1
  40 000b 40       		.byte	64
  41 000c 1D       		.byte	29
  42 000d 19       		.byte	25
  43 000e 01       		.byte	1
  44 000f 40       		.byte	64
  45 0010 03       		.byte	3
  46 0011 1B       		.byte	27
  47 0012 01       		.byte	1
  48 0013 40       		.byte	64
  49 0014 04       		.byte	4
  50 0015 4C       		.byte	76
  51 0016 01       		.byte	1
  52 0017 40       		.byte	64
  53 0018 03       		.byte	3
  54 0019 4D       		.byte	77
  55 001a 01       		.byte	1
  56 001b 40       		.byte	64
  57 001c 02       		.byte	2
ARM GAS  C:\Users\Joon\AppData\Local\Temp\ccsd9EUX.s 			page 2


  58 001d 50       		.byte	80
  59 001e 01       		.byte	1
  60 001f 40       		.byte	64
  61 0020 09       		.byte	9
  62 0021 80       		.byte	-128
  63 0022 89       		.byte	-119
  64 0023 0F       		.byte	15
  65 0024 40       		.byte	64
  66 0025 60       		.byte	96
  67 0026 41       		.byte	65
  68 0027 05       		.byte	5
  69 0028 49       		.byte	73
  70 0029 FF       		.byte	-1
  71 002a 4A       		.byte	74
  72 002b FF       		.byte	-1
  73 002c 4B       		.byte	75
  74 002d FF       		.byte	-1
  75 002e 4D       		.byte	77
  76 002f A0       		.byte	-96
  77 0030 4F       		.byte	79
  78 0031 04       		.byte	4
  79 0032 50       		.byte	80
  80 0033 18       		.byte	24
  81 0034 5A       		.byte	90
  82 0035 04       		.byte	4
  83 0036 5F       		.byte	95
  84 0037 01       		.byte	1
  85 0038 60       		.byte	96
  86 0039 40       		.byte	64
  87 003a 62       		.byte	98
  88 003b C0       		.byte	-64
  89 003c 64       		.byte	100
  90 003d 40       		.byte	64
  91 003e 65       		.byte	101
  92 003f 40       		.byte	64
  93 0040 66       		.byte	102
  94 0041 C0       		.byte	-64
  95 0042 68       		.byte	104
  96 0043 C0       		.byte	-64
  97 0044 6A       		.byte	106
  98 0045 C0       		.byte	-64
  99 0046 6C       		.byte	108
 100 0047 C0       		.byte	-64
 101 0048 6E       		.byte	110
 102 0049 C0       		.byte	-64
 103 004a 89       		.byte	-119
 104 004b 02       		.byte	2
 105 004c 8D       		.byte	-115
 106 004d 08       		.byte	8
 107 004e 8E       		.byte	-114
 108 004f 02       		.byte	2
 109 0050 92       		.byte	-110
 110 0051 01       		.byte	1
 111 0052 97       		.byte	-105
 112 0053 03       		.byte	3
 113 0054 9A       		.byte	-102
 114 0055 0E       		.byte	14
ARM GAS  C:\Users\Joon\AppData\Local\Temp\ccsd9EUX.s 			page 3


 115 0056 9B       		.byte	-101
 116 0057 0C       		.byte	12
 117 0058 A6       		.byte	-90
 118 0059 08       		.byte	8
 119 005a AA       		.byte	-86
 120 005b 04       		.byte	4
 121 005c B0       		.byte	-80
 122 005d 08       		.byte	8
 123 005e B1       		.byte	-79
 124 005f 04       		.byte	4
 125 0060 B2       		.byte	-78
 126 0061 02       		.byte	2
 127 0062 B3       		.byte	-77
 128 0063 01       		.byte	1
 129 0064 B4       		.byte	-76
 130 0065 01       		.byte	1
 131 0066 B5       		.byte	-75
 132 0067 08       		.byte	8
 133 0068 B6       		.byte	-74
 134 0069 04       		.byte	4
 135 006a B7       		.byte	-73
 136 006b 02       		.byte	2
 137 006c BE       		.byte	-66
 138 006d 04       		.byte	4
 139 006e C0       		.byte	-64
 140 006f 20       		.byte	32
 141 0070 C1       		.byte	-63
 142 0071 05       		.byte	5
 143 0072 C5       		.byte	-59
 144 0073 D5       		.byte	-43
 145 0074 C7       		.byte	-57
 146 0075 21       		.byte	33
 147 0076 C8       		.byte	-56
 148 0077 33       		.byte	51
 149 0078 C9       		.byte	-55
 150 0079 FF       		.byte	-1
 151 007a CA       		.byte	-54
 152 007b FF       		.byte	-1
 153 007c CB       		.byte	-53
 154 007d FF       		.byte	-1
 155 007e CD       		.byte	-51
 156 007f AF       		.byte	-81
 157 0080 CE       		.byte	-50
 158 0081 0F       		.byte	15
 159 0082 CF       		.byte	-49
 160 0083 04       		.byte	4
 161 0084 D0       		.byte	-48
 162 0085 18       		.byte	24
 163 0086 D2       		.byte	-46
 164 0087 80       		.byte	-128
 165 0088 D4       		.byte	-44
 166 0089 07       		.byte	7
 167 008a D8       		.byte	-40
 168 008b 04       		.byte	4
 169 008c D9       		.byte	-39
 170 008d 04       		.byte	4
 171 008e DA       		.byte	-38
ARM GAS  C:\Users\Joon\AppData\Local\Temp\ccsd9EUX.s 			page 4


 172 008f 04       		.byte	4
 173 0090 DB       		.byte	-37
 174 0091 04       		.byte	4
 175 0092 DF       		.byte	-33
 176 0093 01       		.byte	1
 177 0094 E0       		.byte	-32
 178 0095 40       		.byte	64
 179 0096 E2       		.byte	-30
 180 0097 C0       		.byte	-64
 181 0098 E4       		.byte	-28
 182 0099 40       		.byte	64
 183 009a E5       		.byte	-27
 184 009b 40       		.byte	64
 185 009c E6       		.byte	-26
 186 009d C0       		.byte	-64
 187 009e E8       		.byte	-24
 188 009f C0       		.byte	-64
 189 00a0 EA       		.byte	-22
 190 00a1 C0       		.byte	-64
 191 00a2 EC       		.byte	-20
 192 00a3 C0       		.byte	-64
 193 00a4 EE       		.byte	-18
 194 00a5 C0       		.byte	-64
 195 00a6 02       		.byte	2
 196 00a7 02       		.byte	2
 197 00a8 0A       		.byte	10
 198 00a9 44       		.byte	68
 199 00aa 10       		.byte	16
 200 00ab 28       		.byte	40
 201 00ac 19       		.byte	25
 202 00ad 04       		.byte	4
 203 00ae 1A       		.byte	26
 204 00af 04       		.byte	4
 205 00b0 1B       		.byte	27
 206 00b1 52       		.byte	82
 207 00b2 20       		.byte	32
 208 00b3 50       		.byte	80
 209 00b4 22       		.byte	34
 210 00b5 50       		.byte	80
 211 00b6 30       		.byte	48
 212 00b7 28       		.byte	40
 213 00b8 38       		.byte	56
 214 00b9 50       		.byte	80
 215 00ba 42       		.byte	66
 216 00bb 04       		.byte	4
 217 00bc 48       		.byte	72
 218 00bd 20       		.byte	32
 219 00be 49       		.byte	73
 220 00bf 01       		.byte	1
 221 00c0 4A       		.byte	74
 222 00c1 02       		.byte	2
 223 00c2 4E       		.byte	78
 224 00c3 02       		.byte	2
 225 00c4 4F       		.byte	79
 226 00c5 20       		.byte	32
 227 00c6 50       		.byte	80
 228 00c7 08       		.byte	8
ARM GAS  C:\Users\Joon\AppData\Local\Temp\ccsd9EUX.s 			page 5


 229 00c8 52       		.byte	82
 230 00c9 02       		.byte	2
 231 00ca 59       		.byte	89
 232 00cb 05       		.byte	5
 233 00cc 5A       		.byte	90
 234 00cd A0       		.byte	-96
 235 00ce 72       		.byte	114
 236 00cf 40       		.byte	64
 237 00d0 C0       		.byte	-64
 238 00d1 01       		.byte	1
 239 00d2 C2       		.byte	-62
 240 00d3 0A       		.byte	10
 241 00d4 C4       		.byte	-60
 242 00d5 06       		.byte	6
 243 00d6 CC       		.byte	-52
 244 00d7 06       		.byte	6
 245 00d8 CE       		.byte	-50
 246 00d9 0C       		.byte	12
 247 00da D0       		.byte	-48
 248 00db 04       		.byte	4
 249 00dc D2       		.byte	-46
 250 00dd 38       		.byte	56
 251 00de D6       		.byte	-42
 252 00df 0F       		.byte	15
 253 00e0 AF       		.byte	-81
 254 00e1 02       		.byte	2
 255 00e2 B7       		.byte	-73
 256 00e3 40       		.byte	64
 257 00e4 E8       		.byte	-24
 258 00e5 08       		.byte	8
 259 00e6 5A       		.byte	90
 260 00e7 01       		.byte	1
 261 00e8 61       		.byte	97
 262 00e9 20       		.byte	32
 263 00ea D6       		.byte	-42
 264 00eb 02       		.byte	2
 265 00ec D8       		.byte	-40
 266 00ed 02       		.byte	2
 267 00ee AE       		.byte	-82
 268 00ef 01       		.byte	1
 269 00f0 B5       		.byte	-75
 270 00f1 20       		.byte	32
 271 00f2 EC       		.byte	-20
 272 00f3 02       		.byte	2
 273 00f4 10       		.byte	16
 274 00f5 01       		.byte	1
 275 00f6 1C       		.byte	28
 276 00f7 01       		.byte	1
 277 00f8 00       		.byte	0
 278 00f9 CB       		.byte	-53
 279 00fa CB       		.byte	-53
 280 00fb 00       		.byte	0
 281 00fc C0       		.byte	-64
 282 00fd 00       		.byte	0
 283 00fe 00       		.byte	0
 284 00ff 00       		.byte	0
 285              		.section	.cywolatch,"a",%progbits
ARM GAS  C:\Users\Joon\AppData\Local\Temp\ccsd9EUX.s 			page 6


 286              		.align	2
 287              		.type	cy_meta_wonvl, %object
 288              		.size	cy_meta_wonvl, 4
 289              	cy_meta_wonvl:
 290 0000 BC       		.byte	-68
 291 0001 90       		.byte	-112
 292 0002 AC       		.byte	-84
 293 0003 AF       		.byte	-81
 294              		.section	.cycustnvl,"a",%progbits
 295              		.align	2
 296              		.type	cy_meta_custnvl, %object
 297              		.size	cy_meta_custnvl, 4
 298              	cy_meta_custnvl:
 299 0000 00       		.byte	0
 300 0001 00       		.byte	0
 301 0002 40       		.byte	64
 302 0003 05       		.byte	5
 303              		.section	.cymeta,"a",%progbits
 304              		.align	2
 305              		.type	cy_metadata, %object
 306              		.size	cy_metadata, 12
 307              	cy_metadata:
 308 0000 00       		.byte	0
 309 0001 01       		.byte	1
 310 0002 2E       		.byte	46
 311 0003 16       		.byte	22
 312 0004 10       		.byte	16
 313 0005 69       		.byte	105
 314 0006 00       		.byte	0
 315 0007 01       		.byte	1
 316 0008 00       		.byte	0
 317 0009 00       		.byte	0
 318 000a 00       		.byte	0
 319 000b 00       		.byte	0
 320              		.section	.cyflashprotect,"a",%progbits
 321              		.align	2
 322              		.type	cy_meta_flashprotect, %object
 323              		.size	cy_meta_flashprotect, 256
 324              	cy_meta_flashprotect:
 325 0000 00000000 		.space	256
 325      00000000 
 325      00000000 
 325      00000000 
 325      00000000 
 326              		.text
 327              	.Letext0:
 328              		.file 1 "c:\\program files (x86)\\cypress\\psoc creator\\4.4\\psoc creator\\import\\gnu\\arm\\5.4.
 329              		.file 2 "c:\\program files (x86)\\cypress\\psoc creator\\4.4\\psoc creator\\import\\gnu\\arm\\5.4.
 330              		.file 3 "Generated_Source\\PSoC5\\cymetadata.c"
 331              		.section	.debug_info,"",%progbits
 332              	.Ldebug_info0:
 333 0000 20010000 		.4byte	0x120
 334 0004 0400     		.2byte	0x4
 335 0006 00000000 		.4byte	.Ldebug_abbrev0
 336 000a 04       		.byte	0x4
 337 000b 01       		.uleb128 0x1
 338 000c 24000000 		.4byte	.LASF17
ARM GAS  C:\Users\Joon\AppData\Local\Temp\ccsd9EUX.s 			page 7


 339 0010 0C       		.byte	0xc
 340 0011 7E010000 		.4byte	.LASF18
 341 0015 A2010000 		.4byte	.LASF19
 342 0019 00000000 		.4byte	.Ldebug_line0
 343 001d 02       		.uleb128 0x2
 344 001e 01       		.byte	0x1
 345 001f 06       		.byte	0x6
 346 0020 72010000 		.4byte	.LASF0
 347 0024 03       		.uleb128 0x3
 348 0025 00000000 		.4byte	.LASF9
 349 0029 01       		.byte	0x1
 350 002a 1D       		.byte	0x1d
 351 002b 2F000000 		.4byte	0x2f
 352 002f 02       		.uleb128 0x2
 353 0030 01       		.byte	0x1
 354 0031 08       		.byte	0x8
 355 0032 16000000 		.4byte	.LASF1
 356 0036 02       		.uleb128 0x2
 357 0037 02       		.byte	0x2
 358 0038 05       		.byte	0x5
 359 0039 5F010000 		.4byte	.LASF2
 360 003d 02       		.uleb128 0x2
 361 003e 02       		.byte	0x2
 362 003f 07       		.byte	0x7
 363 0040 C4000000 		.4byte	.LASF3
 364 0044 02       		.uleb128 0x2
 365 0045 04       		.byte	0x4
 366 0046 05       		.byte	0x5
 367 0047 69010000 		.4byte	.LASF4
 368 004b 02       		.uleb128 0x2
 369 004c 04       		.byte	0x4
 370 004d 07       		.byte	0x7
 371 004e B2000000 		.4byte	.LASF5
 372 0052 02       		.uleb128 0x2
 373 0053 08       		.byte	0x8
 374 0054 05       		.byte	0x5
 375 0055 51010000 		.4byte	.LASF6
 376 0059 02       		.uleb128 0x2
 377 005a 08       		.byte	0x8
 378 005b 07       		.byte	0x7
 379 005c 06010000 		.4byte	.LASF7
 380 0060 04       		.uleb128 0x4
 381 0061 04       		.byte	0x4
 382 0062 05       		.byte	0x5
 383 0063 696E7400 		.ascii	"int\000"
 384 0067 02       		.uleb128 0x2
 385 0068 04       		.byte	0x4
 386 0069 07       		.byte	0x7
 387 006a F9000000 		.4byte	.LASF8
 388 006e 03       		.uleb128 0x3
 389 006f 1D010000 		.4byte	.LASF10
 390 0073 02       		.byte	0x2
 391 0074 18       		.byte	0x18
 392 0075 24000000 		.4byte	0x24
 393 0079 05       		.uleb128 0x5
 394 007a 90000000 		.4byte	0x90
 395 007e 89000000 		.4byte	0x89
ARM GAS  C:\Users\Joon\AppData\Local\Temp\ccsd9EUX.s 			page 8


 396 0082 06       		.uleb128 0x6
 397 0083 89000000 		.4byte	0x89
 398 0087 FF       		.byte	0xff
 399 0088 00       		.byte	0
 400 0089 02       		.uleb128 0x2
 401 008a 04       		.byte	0x4
 402 008b 07       		.byte	0x7
 403 008c 48010000 		.4byte	.LASF11
 404 0090 07       		.uleb128 0x7
 405 0091 6E000000 		.4byte	0x6e
 406 0095 08       		.uleb128 0x8
 407 0096 E7000000 		.4byte	.LASF12
 408 009a 03       		.byte	0x3
 409 009b 1F       		.byte	0x1f
 410 009c A6000000 		.4byte	0xa6
 411 00a0 05       		.uleb128 0x5
 412 00a1 03       		.byte	0x3
 413 00a2 00000000 		.4byte	cy_meta_configecc
 414 00a6 07       		.uleb128 0x7
 415 00a7 79000000 		.4byte	0x79
 416 00ab 05       		.uleb128 0x5
 417 00ac 90000000 		.4byte	0x90
 418 00b0 BB000000 		.4byte	0xbb
 419 00b4 06       		.uleb128 0x6
 420 00b5 89000000 		.4byte	0x89
 421 00b9 03       		.byte	0x3
 422 00ba 00       		.byte	0
 423 00bb 08       		.uleb128 0x8
 424 00bc D7000000 		.4byte	.LASF13
 425 00c0 03       		.byte	0x3
 426 00c1 4C       		.byte	0x4c
 427 00c2 CC000000 		.4byte	0xcc
 428 00c6 05       		.uleb128 0x5
 429 00c7 03       		.byte	0x3
 430 00c8 00000000 		.4byte	cy_meta_custnvl
 431 00cc 07       		.uleb128 0x7
 432 00cd AB000000 		.4byte	0xab
 433 00d1 08       		.uleb128 0x8
 434 00d2 3A010000 		.4byte	.LASF14
 435 00d6 03       		.byte	0x3
 436 00d7 5A       		.byte	0x5a
 437 00d8 E2000000 		.4byte	0xe2
 438 00dc 05       		.uleb128 0x5
 439 00dd 03       		.byte	0x3
 440 00de 00000000 		.4byte	cy_meta_wonvl
 441 00e2 07       		.uleb128 0x7
 442 00e3 AB000000 		.4byte	0xab
 443 00e7 08       		.uleb128 0x8
 444 00e8 25010000 		.4byte	.LASF15
 445 00ec 03       		.byte	0x3
 446 00ed 68       		.byte	0x68
 447 00ee F8000000 		.4byte	0xf8
 448 00f2 05       		.uleb128 0x5
 449 00f3 03       		.byte	0x3
 450 00f4 00000000 		.4byte	cy_meta_flashprotect
 451 00f8 07       		.uleb128 0x7
 452 00f9 79000000 		.4byte	0x79
ARM GAS  C:\Users\Joon\AppData\Local\Temp\ccsd9EUX.s 			page 9


 453 00fd 05       		.uleb128 0x5
 454 00fe 90000000 		.4byte	0x90
 455 0102 0D010000 		.4byte	0x10d
 456 0106 06       		.uleb128 0x6
 457 0107 89000000 		.4byte	0x89
 458 010b 0B       		.byte	0xb
 459 010c 00       		.byte	0
 460 010d 08       		.uleb128 0x8
 461 010e 0A000000 		.4byte	.LASF16
 462 0112 03       		.byte	0x3
 463 0113 95       		.byte	0x95
 464 0114 1E010000 		.4byte	0x11e
 465 0118 05       		.uleb128 0x5
 466 0119 03       		.byte	0x3
 467 011a 00000000 		.4byte	cy_metadata
 468 011e 07       		.uleb128 0x7
 469 011f FD000000 		.4byte	0xfd
 470 0123 00       		.byte	0
 471              		.section	.debug_abbrev,"",%progbits
 472              	.Ldebug_abbrev0:
 473 0000 01       		.uleb128 0x1
 474 0001 11       		.uleb128 0x11
 475 0002 01       		.byte	0x1
 476 0003 25       		.uleb128 0x25
 477 0004 0E       		.uleb128 0xe
 478 0005 13       		.uleb128 0x13
 479 0006 0B       		.uleb128 0xb
 480 0007 03       		.uleb128 0x3
 481 0008 0E       		.uleb128 0xe
 482 0009 1B       		.uleb128 0x1b
 483 000a 0E       		.uleb128 0xe
 484 000b 10       		.uleb128 0x10
 485 000c 17       		.uleb128 0x17
 486 000d 00       		.byte	0
 487 000e 00       		.byte	0
 488 000f 02       		.uleb128 0x2
 489 0010 24       		.uleb128 0x24
 490 0011 00       		.byte	0
 491 0012 0B       		.uleb128 0xb
 492 0013 0B       		.uleb128 0xb
 493 0014 3E       		.uleb128 0x3e
 494 0015 0B       		.uleb128 0xb
 495 0016 03       		.uleb128 0x3
 496 0017 0E       		.uleb128 0xe
 497 0018 00       		.byte	0
 498 0019 00       		.byte	0
 499 001a 03       		.uleb128 0x3
 500 001b 16       		.uleb128 0x16
 501 001c 00       		.byte	0
 502 001d 03       		.uleb128 0x3
 503 001e 0E       		.uleb128 0xe
 504 001f 3A       		.uleb128 0x3a
 505 0020 0B       		.uleb128 0xb
 506 0021 3B       		.uleb128 0x3b
 507 0022 0B       		.uleb128 0xb
 508 0023 49       		.uleb128 0x49
 509 0024 13       		.uleb128 0x13
ARM GAS  C:\Users\Joon\AppData\Local\Temp\ccsd9EUX.s 			page 10


 510 0025 00       		.byte	0
 511 0026 00       		.byte	0
 512 0027 04       		.uleb128 0x4
 513 0028 24       		.uleb128 0x24
 514 0029 00       		.byte	0
 515 002a 0B       		.uleb128 0xb
 516 002b 0B       		.uleb128 0xb
 517 002c 3E       		.uleb128 0x3e
 518 002d 0B       		.uleb128 0xb
 519 002e 03       		.uleb128 0x3
 520 002f 08       		.uleb128 0x8
 521 0030 00       		.byte	0
 522 0031 00       		.byte	0
 523 0032 05       		.uleb128 0x5
 524 0033 01       		.uleb128 0x1
 525 0034 01       		.byte	0x1
 526 0035 49       		.uleb128 0x49
 527 0036 13       		.uleb128 0x13
 528 0037 01       		.uleb128 0x1
 529 0038 13       		.uleb128 0x13
 530 0039 00       		.byte	0
 531 003a 00       		.byte	0
 532 003b 06       		.uleb128 0x6
 533 003c 21       		.uleb128 0x21
 534 003d 00       		.byte	0
 535 003e 49       		.uleb128 0x49
 536 003f 13       		.uleb128 0x13
 537 0040 2F       		.uleb128 0x2f
 538 0041 0B       		.uleb128 0xb
 539 0042 00       		.byte	0
 540 0043 00       		.byte	0
 541 0044 07       		.uleb128 0x7
 542 0045 26       		.uleb128 0x26
 543 0046 00       		.byte	0
 544 0047 49       		.uleb128 0x49
 545 0048 13       		.uleb128 0x13
 546 0049 00       		.byte	0
 547 004a 00       		.byte	0
 548 004b 08       		.uleb128 0x8
 549 004c 34       		.uleb128 0x34
 550 004d 00       		.byte	0
 551 004e 03       		.uleb128 0x3
 552 004f 0E       		.uleb128 0xe
 553 0050 3A       		.uleb128 0x3a
 554 0051 0B       		.uleb128 0xb
 555 0052 3B       		.uleb128 0x3b
 556 0053 0B       		.uleb128 0xb
 557 0054 49       		.uleb128 0x49
 558 0055 13       		.uleb128 0x13
 559 0056 3F       		.uleb128 0x3f
 560 0057 19       		.uleb128 0x19
 561 0058 02       		.uleb128 0x2
 562 0059 18       		.uleb128 0x18
 563 005a 00       		.byte	0
 564 005b 00       		.byte	0
 565 005c 00       		.byte	0
 566              		.section	.debug_aranges,"",%progbits
ARM GAS  C:\Users\Joon\AppData\Local\Temp\ccsd9EUX.s 			page 11


 567 0000 14000000 		.4byte	0x14
 568 0004 0200     		.2byte	0x2
 569 0006 00000000 		.4byte	.Ldebug_info0
 570 000a 04       		.byte	0x4
 571 000b 00       		.byte	0
 572 000c 0000     		.2byte	0
 573 000e 0000     		.2byte	0
 574 0010 00000000 		.4byte	0
 575 0014 00000000 		.4byte	0
 576              		.section	.debug_line,"",%progbits
 577              	.Ldebug_line0:
 578 0000 3D010000 		.section	.debug_str,"MS",%progbits,1
 578      02003701 
 578      00000201 
 578      FB0E0D00 
 578      01010101 
 579              	.LASF9:
 580 0000 5F5F7569 		.ascii	"__uint8_t\000"
 580      6E74385F 
 580      7400
 581              	.LASF16:
 582 000a 63795F6D 		.ascii	"cy_metadata\000"
 582      65746164 
 582      61746100 
 583              	.LASF1:
 584 0016 756E7369 		.ascii	"unsigned char\000"
 584      676E6564 
 584      20636861 
 584      7200
 585              	.LASF17:
 586 0024 474E5520 		.ascii	"GNU C11 5.4.1 20160609 (release) [ARM/embedded-5-br"
 586      43313120 
 586      352E342E 
 586      31203230 
 586      31363036 
 587 0057 616E6368 		.ascii	"anch revision 237715] -mcpu=cortex-m3 -mthumb -g -O"
 587      20726576 
 587      6973696F 
 587      6E203233 
 587      37373135 
 588 008a 67202D66 		.ascii	"g -ffunction-sections -ffat-lto-objects\000"
 588      66756E63 
 588      74696F6E 
 588      2D736563 
 588      74696F6E 
 589              	.LASF5:
 590 00b2 6C6F6E67 		.ascii	"long unsigned int\000"
 590      20756E73 
 590      69676E65 
 590      6420696E 
 590      7400
 591              	.LASF3:
 592 00c4 73686F72 		.ascii	"short unsigned int\000"
 592      7420756E 
 592      7369676E 
 592      65642069 
 592      6E7400
ARM GAS  C:\Users\Joon\AppData\Local\Temp\ccsd9EUX.s 			page 12


 593              	.LASF13:
 594 00d7 63795F6D 		.ascii	"cy_meta_custnvl\000"
 594      6574615F 
 594      63757374 
 594      6E766C00 
 595              	.LASF12:
 596 00e7 63795F6D 		.ascii	"cy_meta_configecc\000"
 596      6574615F 
 596      636F6E66 
 596      69676563 
 596      6300
 597              	.LASF8:
 598 00f9 756E7369 		.ascii	"unsigned int\000"
 598      676E6564 
 598      20696E74 
 598      00
 599              	.LASF7:
 600 0106 6C6F6E67 		.ascii	"long long unsigned int\000"
 600      206C6F6E 
 600      6720756E 
 600      7369676E 
 600      65642069 
 601              	.LASF10:
 602 011d 75696E74 		.ascii	"uint8_t\000"
 602      385F7400 
 603              	.LASF15:
 604 0125 63795F6D 		.ascii	"cy_meta_flashprotect\000"
 604      6574615F 
 604      666C6173 
 604      6870726F 
 604      74656374 
 605              	.LASF14:
 606 013a 63795F6D 		.ascii	"cy_meta_wonvl\000"
 606      6574615F 
 606      776F6E76 
 606      6C00
 607              	.LASF11:
 608 0148 73697A65 		.ascii	"sizetype\000"
 608      74797065 
 608      00
 609              	.LASF6:
 610 0151 6C6F6E67 		.ascii	"long long int\000"
 610      206C6F6E 
 610      6720696E 
 610      7400
 611              	.LASF2:
 612 015f 73686F72 		.ascii	"short int\000"
 612      7420696E 
 612      7400
 613              	.LASF4:
 614 0169 6C6F6E67 		.ascii	"long int\000"
 614      20696E74 
 614      00
 615              	.LASF0:
 616 0172 7369676E 		.ascii	"signed char\000"
 616      65642063 
 616      68617200 
ARM GAS  C:\Users\Joon\AppData\Local\Temp\ccsd9EUX.s 			page 13


 617              	.LASF18:
 618 017e 47656E65 		.ascii	"Generated_Source\\PSoC5\\cymetadata.c\000"
 618      72617465 
 618      645F536F 
 618      75726365 
 618      5C50536F 
 619              	.LASF19:
 620 01a2 433A5C72 		.ascii	"C:\\robogrok\\robogrok_psoc_creator\\robotics_1\\se"
 620      6F626F67 
 620      726F6B5C 
 620      726F626F 
 620      67726F6B 
 621 01d1 72766F73 		.ascii	"rvos.cydsn\000"
 621      2E637964 
 621      736E00
 622              		.ident	"GCC: (GNU Tools for ARM Embedded Processors) 5.4.1 20160609 (release) [ARM/embedded-5-bran
