ARM GAS  C:\Users\Joon\AppData\Local\Temp\ccVSkm7T.s 			page 1


   1              		.syntax unified
   2              		.cpu cortex-m3
   3              		.fpu softvfp
   4              		.eabi_attribute 20, 1
   5              		.eabi_attribute 21, 1
   6              		.eabi_attribute 23, 3
   7              		.eabi_attribute 24, 1
   8              		.eabi_attribute 25, 1
   9              		.eabi_attribute 26, 1
  10              		.eabi_attribute 30, 1
  11              		.eabi_attribute 34, 1
  12              		.eabi_attribute 18, 4
  13              		.thumb
  14              		.syntax unified
  15              		.file	"cymetadata.c"
  16              		.text
  17              	.Ltext0:
  18              		.cfi_sections	.debug_frame
  19              		.global	cy_metadata
  20              		.global	cy_meta_flashprotect
  21              		.global	cy_meta_wonvl
  22              		.global	cy_meta_custnvl
  23              		.global	cy_meta_configecc
  24              		.section	.cyconfigecc,"a",%progbits
  25              		.align	2
  26              		.type	cy_meta_configecc, %object
  27              		.size	cy_meta_configecc, 1136
  28              	cy_meta_configecc:
  29 0000 02       		.byte	2
  30 0001 52       		.byte	82
  31 0002 00       		.byte	0
  32 0003 40       		.byte	64
  33 0004 01       		.byte	1
  34 0005 64       		.byte	100
  35 0006 00       		.byte	0
  36 0007 40       		.byte	64
  37 0008 02       		.byte	2
  38 0009 65       		.byte	101
  39 000a 00       		.byte	0
  40 000b 40       		.byte	64
  41 000c 34       		.byte	52
  42 000d 06       		.byte	6
  43 000e 01       		.byte	1
  44 000f 40       		.byte	64
  45 0010 26       		.byte	38
  46 0011 07       		.byte	7
  47 0012 01       		.byte	1
  48 0013 40       		.byte	64
  49 0014 3A       		.byte	58
  50 0015 08       		.byte	8
  51 0016 01       		.byte	1
  52 0017 40       		.byte	64
  53 0018 1F       		.byte	31
  54 0019 09       		.byte	9
  55 001a 01       		.byte	1
  56 001b 40       		.byte	64
  57 001c 01       		.byte	1
ARM GAS  C:\Users\Joon\AppData\Local\Temp\ccVSkm7T.s 			page 2


  58 001d 15       		.byte	21
  59 001e 01       		.byte	1
  60 001f 40       		.byte	64
  61 0020 01       		.byte	1
  62 0021 17       		.byte	23
  63 0022 01       		.byte	1
  64 0023 40       		.byte	64
  65 0024 6D       		.byte	109
  66 0025 18       		.byte	24
  67 0026 01       		.byte	1
  68 0027 40       		.byte	64
  69 0028 3B       		.byte	59
  70 0029 19       		.byte	25
  71 002a 01       		.byte	1
  72 002b 40       		.byte	64
  73 002c 3E       		.byte	62
  74 002d 1A       		.byte	26
  75 002e 01       		.byte	1
  76 002f 40       		.byte	64
  77 0030 3A       		.byte	58
  78 0031 1B       		.byte	27
  79 0032 01       		.byte	1
  80 0033 40       		.byte	64
  81 0034 02       		.byte	2
  82 0035 40       		.byte	64
  83 0036 01       		.byte	1
  84 0037 40       		.byte	64
  85 0038 03       		.byte	3
  86 0039 41       		.byte	65
  87 003a 01       		.byte	1
  88 003b 40       		.byte	64
  89 003c 02       		.byte	2
  90 003d 42       		.byte	66
  91 003e 01       		.byte	1
  92 003f 40       		.byte	64
  93 0040 02       		.byte	2
  94 0041 43       		.byte	67
  95 0042 01       		.byte	1
  96 0043 40       		.byte	64
  97 0044 02       		.byte	2
  98 0045 47       		.byte	71
  99 0046 01       		.byte	1
 100 0047 40       		.byte	64
 101 0048 03       		.byte	3
 102 0049 48       		.byte	72
 103 004a 01       		.byte	1
 104 004b 40       		.byte	64
 105 004c 03       		.byte	3
 106 004d 49       		.byte	73
 107 004e 01       		.byte	1
 108 004f 40       		.byte	64
 109 0050 06       		.byte	6
 110 0051 4C       		.byte	76
 111 0052 01       		.byte	1
 112 0053 40       		.byte	64
 113 0054 04       		.byte	4
 114 0055 4D       		.byte	77
ARM GAS  C:\Users\Joon\AppData\Local\Temp\ccVSkm7T.s 			page 3


 115 0056 01       		.byte	1
 116 0057 40       		.byte	64
 117 0058 05       		.byte	5
 118 0059 50       		.byte	80
 119 005a 01       		.byte	1
 120 005b 40       		.byte	64
 121 005c 01       		.byte	1
 122 005d 51       		.byte	81
 123 005e 01       		.byte	1
 124 005f 40       		.byte	64
 125 0060 00       		.byte	0
 126 0061 80       		.byte	-128
 127 0062 09       		.byte	9
 128 0063 04       		.byte	4
 129 0064 87       		.byte	-121
 130 0065 0F       		.byte	15
 131 0066 8A       		.byte	-118
 132 0067 6F       		.byte	111
 133 0068 8B       		.byte	-117
 134 0069 0F       		.byte	15
 135 006a 0E       		.byte	14
 136 006b 01       		.byte	1
 137 006c 0F       		.byte	15
 138 006d 01       		.byte	1
 139 006e 23       		.byte	35
 140 006f 01       		.byte	1
 141 0070 31       		.byte	49
 142 0071 01       		.byte	1
 143 0072 36       		.byte	54
 144 0073 01       		.byte	1
 145 0074 58       		.byte	88
 146 0075 04       		.byte	4
 147 0076 59       		.byte	89
 148 0077 04       		.byte	4
 149 0078 5F       		.byte	95
 150 0079 01       		.byte	1
 151 007a 8E       		.byte	-114
 152 007b 04       		.byte	4
 153 007c 8F       		.byte	-113
 154 007d 01       		.byte	1
 155 007e 92       		.byte	-110
 156 007f 02       		.byte	2
 157 0080 9A       		.byte	-102
 158 0081 01       		.byte	1
 159 0082 9B       		.byte	-101
 160 0083 05       		.byte	5
 161 0084 9F       		.byte	-97
 162 0085 02       		.byte	2
 163 0086 A1       		.byte	-95
 164 0087 04       		.byte	4
 165 0088 A6       		.byte	-90
 166 0089 04       		.byte	4
 167 008a AD       		.byte	-83
 168 008b 02       		.byte	2
 169 008c B0       		.byte	-80
 170 008d 02       		.byte	2
 171 008e B1       		.byte	-79
ARM GAS  C:\Users\Joon\AppData\Local\Temp\ccVSkm7T.s 			page 4


 172 008f 04       		.byte	4
 173 0090 B3       		.byte	-77
 174 0091 01       		.byte	1
 175 0092 B4       		.byte	-76
 176 0093 04       		.byte	4
 177 0094 B5       		.byte	-75
 178 0095 02       		.byte	2
 179 0096 B6       		.byte	-74
 180 0097 01       		.byte	1
 181 0098 BE       		.byte	-66
 182 0099 10       		.byte	16
 183 009a C0       		.byte	-64
 184 009b 40       		.byte	64
 185 009c C1       		.byte	-63
 186 009d 06       		.byte	6
 187 009e C5       		.byte	-59
 188 009f D2       		.byte	-46
 189 00a0 C6       		.byte	-58
 190 00a1 15       		.byte	21
 191 00a2 C7       		.byte	-57
 192 00a3 02       		.byte	2
 193 00a4 C8       		.byte	-56
 194 00a5 1F       		.byte	31
 195 00a6 C9       		.byte	-55
 196 00a7 FF       		.byte	-1
 197 00a8 CA       		.byte	-54
 198 00a9 FF       		.byte	-1
 199 00aa CB       		.byte	-53
 200 00ab FF       		.byte	-1
 201 00ac CD       		.byte	-51
 202 00ad A0       		.byte	-96
 203 00ae CF       		.byte	-49
 204 00af 04       		.byte	4
 205 00b0 D0       		.byte	-48
 206 00b1 18       		.byte	24
 207 00b2 D2       		.byte	-46
 208 00b3 80       		.byte	-128
 209 00b4 D4       		.byte	-44
 210 00b5 07       		.byte	7
 211 00b6 D8       		.byte	-40
 212 00b7 04       		.byte	4
 213 00b8 D9       		.byte	-39
 214 00b9 04       		.byte	4
 215 00ba DA       		.byte	-38
 216 00bb 04       		.byte	4
 217 00bc DB       		.byte	-37
 218 00bd 04       		.byte	4
 219 00be DF       		.byte	-33
 220 00bf 01       		.byte	1
 221 00c0 E0       		.byte	-32
 222 00c1 40       		.byte	64
 223 00c2 E2       		.byte	-30
 224 00c3 C0       		.byte	-64
 225 00c4 E4       		.byte	-28
 226 00c5 40       		.byte	64
 227 00c6 E5       		.byte	-27
 228 00c7 40       		.byte	64
ARM GAS  C:\Users\Joon\AppData\Local\Temp\ccVSkm7T.s 			page 5


 229 00c8 E6       		.byte	-26
 230 00c9 C0       		.byte	-64
 231 00ca E8       		.byte	-24
 232 00cb C0       		.byte	-64
 233 00cc EA       		.byte	-22
 234 00cd C0       		.byte	-64
 235 00ce EC       		.byte	-20
 236 00cf C0       		.byte	-64
 237 00d0 EE       		.byte	-18
 238 00d1 C0       		.byte	-64
 239 00d2 00       		.byte	0
 240 00d3 40       		.byte	64
 241 00d4 04       		.byte	4
 242 00d5 80       		.byte	-128
 243 00d6 09       		.byte	9
 244 00d7 22       		.byte	34
 245 00d8 10       		.byte	16
 246 00d9 20       		.byte	32
 247 00da 18       		.byte	24
 248 00db 40       		.byte	64
 249 00dc 1A       		.byte	26
 250 00dd 04       		.byte	4
 251 00de 1B       		.byte	27
 252 00df 40       		.byte	64
 253 00e0 1D       		.byte	29
 254 00e1 40       		.byte	64
 255 00e2 20       		.byte	32
 256 00e3 10       		.byte	16
 257 00e4 22       		.byte	34
 258 00e5 10       		.byte	16
 259 00e6 23       		.byte	35
 260 00e7 80       		.byte	-128
 261 00e8 27       		.byte	39
 262 00e9 40       		.byte	64
 263 00ea 29       		.byte	41
 264 00eb 40       		.byte	64
 265 00ec 2B       		.byte	43
 266 00ed 40       		.byte	64
 267 00ee 2C       		.byte	44
 268 00ef 80       		.byte	-128
 269 00f0 30       		.byte	48
 270 00f1 80       		.byte	-128
 271 00f2 31       		.byte	49
 272 00f3 20       		.byte	32
 273 00f4 38       		.byte	56
 274 00f5 40       		.byte	64
 275 00f6 3C       		.byte	60
 276 00f7 40       		.byte	64
 277 00f8 40       		.byte	64
 278 00f9 40       		.byte	64
 279 00fa 48       		.byte	72
 280 00fb 28       		.byte	40
 281 00fc 49       		.byte	73
 282 00fd 01       		.byte	1
 283 00fe 50       		.byte	80
 284 00ff C8       		.byte	-56
 285 0100 51       		.byte	81
ARM GAS  C:\Users\Joon\AppData\Local\Temp\ccVSkm7T.s 			page 6


 286 0101 20       		.byte	32
 287 0102 59       		.byte	89
 288 0103 01       		.byte	1
 289 0104 5A       		.byte	90
 290 0105 24       		.byte	36
 291 0106 5B       		.byte	91
 292 0107 80       		.byte	-128
 293 0108 71       		.byte	113
 294 0109 02       		.byte	2
 295 010a 8C       		.byte	-116
 296 010b 10       		.byte	16
 297 010c C0       		.byte	-64
 298 010d 81       		.byte	-127
 299 010e C2       		.byte	-62
 300 010f 0A       		.byte	10
 301 0110 C4       		.byte	-60
 302 0111 04       		.byte	4
 303 0112 CA       		.byte	-54
 304 0113 89       		.byte	-119
 305 0114 CC       		.byte	-52
 306 0115 0C       		.byte	12
 307 0116 CE       		.byte	-50
 308 0117 18       		.byte	24
 309 0118 D0       		.byte	-48
 310 0119 01       		.byte	1
 311 011a D2       		.byte	-46
 312 011b 04       		.byte	4
 313 011c D6       		.byte	-42
 314 011d 0F       		.byte	15
 315 011e 02       		.byte	2
 316 011f 01       		.byte	1
 317 0120 04       		.byte	4
 318 0121 2C       		.byte	44
 319 0122 06       		.byte	6
 320 0123 10       		.byte	16
 321 0124 08       		.byte	8
 322 0125 1C       		.byte	28
 323 0126 0E       		.byte	14
 324 0127 3C       		.byte	60
 325 0128 10       		.byte	16
 326 0129 20       		.byte	32
 327 012a 12       		.byte	18
 328 012b 04       		.byte	4
 329 012c 14       		.byte	20
 330 012d 01       		.byte	1
 331 012e 1B       		.byte	27
 332 012f 01       		.byte	1
 333 0130 1C       		.byte	28
 334 0131 30       		.byte	48
 335 0132 1E       		.byte	30
 336 0133 08       		.byte	8
 337 0134 20       		.byte	32
 338 0135 30       		.byte	48
 339 0136 22       		.byte	34
 340 0137 04       		.byte	4
 341 0138 26       		.byte	38
 342 0139 03       		.byte	3
ARM GAS  C:\Users\Joon\AppData\Local\Temp\ccVSkm7T.s 			page 7


 343 013a 32       		.byte	50
 344 013b 02       		.byte	2
 345 013c 34       		.byte	52
 346 013d 01       		.byte	1
 347 013e 35       		.byte	53
 348 013f 01       		.byte	1
 349 0140 36       		.byte	54
 350 0141 3C       		.byte	60
 351 0142 3E       		.byte	62
 352 0143 10       		.byte	16
 353 0144 52       		.byte	82
 354 0145 80       		.byte	-128
 355 0146 58       		.byte	88
 356 0147 04       		.byte	4
 357 0148 59       		.byte	89
 358 0149 04       		.byte	4
 359 014a 5B       		.byte	91
 360 014b 04       		.byte	4
 361 014c 5C       		.byte	92
 362 014d 11       		.byte	17
 363 014e 5D       		.byte	93
 364 014f 10       		.byte	16
 365 0150 5F       		.byte	95
 366 0151 01       		.byte	1
 367 0152 81       		.byte	-127
 368 0153 10       		.byte	16
 369 0154 83       		.byte	-125
 370 0155 0F       		.byte	15
 371 0156 84       		.byte	-124
 372 0157 7F       		.byte	127
 373 0158 88       		.byte	-120
 374 0159 FE       		.byte	-2
 375 015a 8A       		.byte	-118
 376 015b 01       		.byte	1
 377 015c 8C       		.byte	-116
 378 015d 96       		.byte	-106
 379 015e 8D       		.byte	-115
 380 015f 1C       		.byte	28
 381 0160 8E       		.byte	-114
 382 0161 68       		.byte	104
 383 0162 8F       		.byte	-113
 384 0163 01       		.byte	1
 385 0164 90       		.byte	-112
 386 0165 C5       		.byte	-59
 387 0166 91       		.byte	-111
 388 0167 08       		.byte	8
 389 0168 92       		.byte	-110
 390 0169 3A       		.byte	58
 391 016a 93       		.byte	-109
 392 016b 11       		.byte	17
 393 016c 95       		.byte	-107
 394 016d 1B       		.byte	27
 395 016e 97       		.byte	-105
 396 016f 04       		.byte	4
 397 0170 99       		.byte	-103
 398 0171 07       		.byte	7
 399 0172 9C       		.byte	-100
ARM GAS  C:\Users\Joon\AppData\Local\Temp\ccVSkm7T.s 			page 8


 400 0173 0E       		.byte	14
 401 0174 9E       		.byte	-98
 402 0175 F0       		.byte	-16
 403 0176 A1       		.byte	-95
 404 0177 1C       		.byte	28
 405 0178 A3       		.byte	-93
 406 0179 02       		.byte	2
 407 017a A7       		.byte	-89
 408 017b 20       		.byte	32
 409 017c AA       		.byte	-86
 410 017d 01       		.byte	1
 411 017e AC       		.byte	-84
 412 017f A3       		.byte	-93
 413 0180 AE       		.byte	-82
 414 0181 5C       		.byte	92
 415 0182 B1       		.byte	-79
 416 0183 0F       		.byte	15
 417 0184 B2       		.byte	-78
 418 0185 FF       		.byte	-1
 419 0186 B3       		.byte	-77
 420 0187 30       		.byte	48
 421 0188 BE       		.byte	-66
 422 0189 04       		.byte	4
 423 018a D8       		.byte	-40
 424 018b 04       		.byte	4
 425 018c D9       		.byte	-39
 426 018d 04       		.byte	4
 427 018e DC       		.byte	-36
 428 018f 10       		.byte	16
 429 0190 DF       		.byte	-33
 430 0191 01       		.byte	1
 431 0192 00       		.byte	0
 432 0193 28       		.byte	40
 433 0194 03       		.byte	3
 434 0195 01       		.byte	1
 435 0196 05       		.byte	5
 436 0197 10       		.byte	16
 437 0198 07       		.byte	7
 438 0199 61       		.byte	97
 439 019a 0B       		.byte	11
 440 019b 82       		.byte	-126
 441 019c 0E       		.byte	14
 442 019d 62       		.byte	98
 443 019e 12       		.byte	18
 444 019f 0B       		.byte	11
 445 01a0 15       		.byte	21
 446 01a1 0A       		.byte	10
 447 01a2 19       		.byte	25
 448 01a3 08       		.byte	8
 449 01a4 1D       		.byte	29
 450 01a5 20       		.byte	32
 451 01a6 1E       		.byte	30
 452 01a7 22       		.byte	34
 453 01a8 1F       		.byte	31
 454 01a9 40       		.byte	64
 455 01aa 20       		.byte	32
 456 01ab 80       		.byte	-128
ARM GAS  C:\Users\Joon\AppData\Local\Temp\ccVSkm7T.s 			page 9


 457 01ac 21       		.byte	33
 458 01ad 05       		.byte	5
 459 01ae 22       		.byte	34
 460 01af 0A       		.byte	10
 461 01b0 27       		.byte	39
 462 01b1 08       		.byte	8
 463 01b2 29       		.byte	41
 464 01b3 08       		.byte	8
 465 01b4 2A       		.byte	42
 466 01b5 01       		.byte	1
 467 01b6 31       		.byte	49
 468 01b7 10       		.byte	16
 469 01b8 32       		.byte	50
 470 01b9 04       		.byte	4
 471 01ba 33       		.byte	51
 472 01bb 01       		.byte	1
 473 01bc 37       		.byte	55
 474 01bd 10       		.byte	16
 475 01be 3B       		.byte	59
 476 01bf 82       		.byte	-126
 477 01c0 77       		.byte	119
 478 01c1 40       		.byte	64
 479 01c2 C0       		.byte	-64
 480 01c3 F7       		.byte	-9
 481 01c4 C2       		.byte	-62
 482 01c5 B9       		.byte	-71
 483 01c6 C4       		.byte	-60
 484 01c7 33       		.byte	51
 485 01c8 CA       		.byte	-54
 486 01c9 03       		.byte	3
 487 01ca CC       		.byte	-52
 488 01cb 27       		.byte	39
 489 01cc CE       		.byte	-50
 490 01cd 09       		.byte	9
 491 01ce E0       		.byte	-32
 492 01cf 10       		.byte	16
 493 01d0 E6       		.byte	-26
 494 01d1 02       		.byte	2
 495 01d2 AB       		.byte	-85
 496 01d3 40       		.byte	64
 497 01d4 00       		.byte	0
 498 01d5 02       		.byte	2
 499 01d6 01       		.byte	1
 500 01d7 01       		.byte	1
 501 01d8 02       		.byte	2
 502 01d9 01       		.byte	1
 503 01da 03       		.byte	3
 504 01db 0A       		.byte	10
 505 01dc 04       		.byte	4
 506 01dd 28       		.byte	40
 507 01de 08       		.byte	8
 508 01df 18       		.byte	24
 509 01e0 0F       		.byte	15
 510 01e1 04       		.byte	4
 511 01e2 10       		.byte	16
 512 01e3 01       		.byte	1
 513 01e4 11       		.byte	17
ARM GAS  C:\Users\Joon\AppData\Local\Temp\ccVSkm7T.s 			page 10


 514 01e5 02       		.byte	2
 515 01e6 12       		.byte	18
 516 01e7 02       		.byte	2
 517 01e8 13       		.byte	19
 518 01e9 01       		.byte	1
 519 01ea 15       		.byte	21
 520 01eb 01       		.byte	1
 521 01ec 16       		.byte	22
 522 01ed 04       		.byte	4
 523 01ee 17       		.byte	23
 524 01ef 02       		.byte	2
 525 01f0 1C       		.byte	28
 526 01f1 30       		.byte	48
 527 01f2 20       		.byte	32
 528 01f3 30       		.byte	48
 529 01f4 24       		.byte	36
 530 01f5 01       		.byte	1
 531 01f6 26       		.byte	38
 532 01f7 02       		.byte	2
 533 01f8 28       		.byte	40
 534 01f9 01       		.byte	1
 535 01fa 29       		.byte	41
 536 01fb 01       		.byte	1
 537 01fc 2A       		.byte	42
 538 01fd 02       		.byte	2
 539 01fe 2B       		.byte	43
 540 01ff 02       		.byte	2
 541 0200 2F       		.byte	47
 542 0201 10       		.byte	16
 543 0202 30       		.byte	48
 544 0203 03       		.byte	3
 545 0204 31       		.byte	49
 546 0205 10       		.byte	16
 547 0206 32       		.byte	50
 548 0207 04       		.byte	4
 549 0208 33       		.byte	51
 550 0209 04       		.byte	4
 551 020a 34       		.byte	52
 552 020b 38       		.byte	56
 553 020c 35       		.byte	53
 554 020d 08       		.byte	8
 555 020e 37       		.byte	55
 556 020f 03       		.byte	3
 557 0210 38       		.byte	56
 558 0211 20       		.byte	32
 559 0212 3A       		.byte	58
 560 0213 02       		.byte	2
 561 0214 3B       		.byte	59
 562 0215 80       		.byte	-128
 563 0216 40       		.byte	64
 564 0217 21       		.byte	33
 565 0218 41       		.byte	65
 566 0219 03       		.byte	3
 567 021a 49       		.byte	73
 568 021b FF       		.byte	-1
 569 021c 4A       		.byte	74
 570 021d FF       		.byte	-1
ARM GAS  C:\Users\Joon\AppData\Local\Temp\ccVSkm7T.s 			page 11


 571 021e 4B       		.byte	75
 572 021f FF       		.byte	-1
 573 0220 4D       		.byte	77
 574 0221 A0       		.byte	-96
 575 0222 4F       		.byte	79
 576 0223 01       		.byte	1
 577 0224 50       		.byte	80
 578 0225 18       		.byte	24
 579 0226 58       		.byte	88
 580 0227 04       		.byte	4
 581 0228 59       		.byte	89
 582 0229 04       		.byte	4
 583 022a 5A       		.byte	90
 584 022b 04       		.byte	4
 585 022c 5C       		.byte	92
 586 022d 11       		.byte	17
 587 022e 5D       		.byte	93
 588 022f 01       		.byte	1
 589 0230 5F       		.byte	95
 590 0231 01       		.byte	1
 591 0232 60       		.byte	96
 592 0233 40       		.byte	64
 593 0234 62       		.byte	98
 594 0235 80       		.byte	-128
 595 0236 64       		.byte	100
 596 0237 40       		.byte	64
 597 0238 65       		.byte	101
 598 0239 40       		.byte	64
 599 023a 66       		.byte	102
 600 023b 80       		.byte	-128
 601 023c 68       		.byte	104
 602 023d 40       		.byte	64
 603 023e 6A       		.byte	106
 604 023f 80       		.byte	-128
 605 0240 6C       		.byte	108
 606 0241 40       		.byte	64
 607 0242 6D       		.byte	109
 608 0243 20       		.byte	32
 609 0244 6E       		.byte	110
 610 0245 80       		.byte	-128
 611 0246 81       		.byte	-127
 612 0247 01       		.byte	1
 613 0248 85       		.byte	-123
 614 0249 01       		.byte	1
 615 024a 88       		.byte	-120
 616 024b 02       		.byte	2
 617 024c 8D       		.byte	-115
 618 024d 28       		.byte	40
 619 024e 8F       		.byte	-113
 620 024f 14       		.byte	20
 621 0250 91       		.byte	-111
 622 0251 30       		.byte	48
 623 0252 93       		.byte	-109
 624 0253 0C       		.byte	12
 625 0254 95       		.byte	-107
 626 0255 3C       		.byte	60
 627 0256 99       		.byte	-103
ARM GAS  C:\Users\Joon\AppData\Local\Temp\ccVSkm7T.s 			page 12


 628 0257 1D       		.byte	29
 629 0258 9D       		.byte	-99
 630 0259 14       		.byte	20
 631 025a 9F       		.byte	-97
 632 025b 28       		.byte	40
 633 025c A1       		.byte	-95
 634 025d 0C       		.byte	12
 635 025e A2       		.byte	-94
 636 025f 03       		.byte	3
 637 0260 A3       		.byte	-93
 638 0261 30       		.byte	48
 639 0262 A7       		.byte	-89
 640 0263 02       		.byte	2
 641 0264 B0       		.byte	-80
 642 0265 02       		.byte	2
 643 0266 B1       		.byte	-79
 644 0267 02       		.byte	2
 645 0268 B2       		.byte	-78
 646 0269 01       		.byte	1
 647 026a B3       		.byte	-77
 648 026b 3C       		.byte	60
 649 026c B7       		.byte	-73
 650 026d 01       		.byte	1
 651 026e B9       		.byte	-71
 652 026f 80       		.byte	-128
 653 0270 BE       		.byte	-66
 654 0271 01       		.byte	1
 655 0272 BF       		.byte	-65
 656 0273 40       		.byte	64
 657 0274 C0       		.byte	-64
 658 0275 25       		.byte	37
 659 0276 C1       		.byte	-63
 660 0277 03       		.byte	3
 661 0278 C5       		.byte	-59
 662 0279 4E       		.byte	78
 663 027a C6       		.byte	-58
 664 027b C0       		.byte	-64
 665 027c C7       		.byte	-57
 666 027d 23       		.byte	35
 667 027e C8       		.byte	-56
 668 027f 3B       		.byte	59
 669 0280 C9       		.byte	-55
 670 0281 FF       		.byte	-1
 671 0282 CA       		.byte	-54
 672 0283 FF       		.byte	-1
 673 0284 CB       		.byte	-53
 674 0285 FF       		.byte	-1
 675 0286 CD       		.byte	-51
 676 0287 AF       		.byte	-81
 677 0288 CE       		.byte	-50
 678 0289 07       		.byte	7
 679 028a CF       		.byte	-49
 680 028b 01       		.byte	1
 681 028c D0       		.byte	-48
 682 028d 18       		.byte	24
 683 028e D8       		.byte	-40
 684 028f 04       		.byte	4
ARM GAS  C:\Users\Joon\AppData\Local\Temp\ccVSkm7T.s 			page 13


 685 0290 D9       		.byte	-39
 686 0291 04       		.byte	4
 687 0292 DA       		.byte	-38
 688 0293 04       		.byte	4
 689 0294 DC       		.byte	-36
 690 0295 11       		.byte	17
 691 0296 DD       		.byte	-35
 692 0297 01       		.byte	1
 693 0298 DF       		.byte	-33
 694 0299 01       		.byte	1
 695 029a E0       		.byte	-32
 696 029b 40       		.byte	64
 697 029c E2       		.byte	-30
 698 029d 80       		.byte	-128
 699 029e E4       		.byte	-28
 700 029f 40       		.byte	64
 701 02a0 E5       		.byte	-27
 702 02a1 40       		.byte	64
 703 02a2 E6       		.byte	-26
 704 02a3 80       		.byte	-128
 705 02a4 E8       		.byte	-24
 706 02a5 40       		.byte	64
 707 02a6 EA       		.byte	-22
 708 02a7 80       		.byte	-128
 709 02a8 EC       		.byte	-20
 710 02a9 40       		.byte	64
 711 02aa ED       		.byte	-19
 712 02ab 20       		.byte	32
 713 02ac EE       		.byte	-18
 714 02ad 80       		.byte	-128
 715 02ae 00       		.byte	0
 716 02af 10       		.byte	16
 717 02b0 05       		.byte	5
 718 02b1 11       		.byte	17
 719 02b2 07       		.byte	7
 720 02b3 20       		.byte	32
 721 02b4 0E       		.byte	14
 722 02b5 22       		.byte	34
 723 02b6 0F       		.byte	15
 724 02b7 40       		.byte	64
 725 02b8 10       		.byte	16
 726 02b9 80       		.byte	-128
 727 02ba 15       		.byte	21
 728 02bb 02       		.byte	2
 729 02bc 17       		.byte	23
 730 02bd 18       		.byte	24
 731 02be 18       		.byte	24
 732 02bf 10       		.byte	16
 733 02c0 1A       		.byte	26
 734 02c1 80       		.byte	-128
 735 02c2 1C       		.byte	28
 736 02c3 08       		.byte	8
 737 02c4 1D       		.byte	29
 738 02c5 11       		.byte	17
 739 02c6 1E       		.byte	30
 740 02c7 40       		.byte	64
 741 02c8 1F       		.byte	31
ARM GAS  C:\Users\Joon\AppData\Local\Temp\ccVSkm7T.s 			page 14


 742 02c9 09       		.byte	9
 743 02ca 20       		.byte	32
 744 02cb 22       		.byte	34
 745 02cc 21       		.byte	33
 746 02cd 80       		.byte	-128
 747 02ce 22       		.byte	34
 748 02cf 04       		.byte	4
 749 02d0 23       		.byte	35
 750 02d1 60       		.byte	96
 751 02d2 25       		.byte	37
 752 02d3 01       		.byte	1
 753 02d4 26       		.byte	38
 754 02d5 90       		.byte	-112
 755 02d6 27       		.byte	39
 756 02d7 15       		.byte	21
 757 02d8 28       		.byte	40
 758 02d9 20       		.byte	32
 759 02da 29       		.byte	41
 760 02db 01       		.byte	1
 761 02dc 2D       		.byte	45
 762 02dd 80       		.byte	-128
 763 02de 2F       		.byte	47
 764 02df 08       		.byte	8
 765 02e0 31       		.byte	49
 766 02e1 10       		.byte	16
 767 02e2 32       		.byte	50
 768 02e3 86       		.byte	-122
 769 02e4 37       		.byte	55
 770 02e5 05       		.byte	5
 771 02e6 38       		.byte	56
 772 02e7 0A       		.byte	10
 773 02e8 3B       		.byte	59
 774 02e9 80       		.byte	-128
 775 02ea 3D       		.byte	61
 776 02eb 02       		.byte	2
 777 02ec 3F       		.byte	63
 778 02ed 40       		.byte	64
 779 02ee 41       		.byte	65
 780 02ef 28       		.byte	40
 781 02f0 45       		.byte	69
 782 02f1 A8       		.byte	-88
 783 02f2 48       		.byte	72
 784 02f3 81       		.byte	-127
 785 02f4 49       		.byte	73
 786 02f5 04       		.byte	4
 787 02f6 50       		.byte	80
 788 02f7 0D       		.byte	13
 789 02f8 52       		.byte	82
 790 02f9 21       		.byte	33
 791 02fa 80       		.byte	-128
 792 02fb 01       		.byte	1
 793 02fc 82       		.byte	-126
 794 02fd 10       		.byte	16
 795 02fe 91       		.byte	-111
 796 02ff 02       		.byte	2
 797 0300 93       		.byte	-109
 798 0301 80       		.byte	-128
ARM GAS  C:\Users\Joon\AppData\Local\Temp\ccVSkm7T.s 			page 15


 799 0302 96       		.byte	-106
 800 0303 48       		.byte	72
 801 0304 97       		.byte	-105
 802 0305 02       		.byte	2
 803 0306 9B       		.byte	-101
 804 0307 08       		.byte	8
 805 0308 9D       		.byte	-99
 806 0309 10       		.byte	16
 807 030a 9F       		.byte	-97
 808 030b 31       		.byte	49
 809 030c A0       		.byte	-96
 810 030d 40       		.byte	64
 811 030e A1       		.byte	-95
 812 030f 20       		.byte	32
 813 0310 A2       		.byte	-94
 814 0311 03       		.byte	3
 815 0312 A4       		.byte	-92
 816 0313 14       		.byte	20
 817 0314 C0       		.byte	-64
 818 0315 72       		.byte	114
 819 0316 C2       		.byte	-62
 820 0317 B0       		.byte	-80
 821 0318 C4       		.byte	-60
 822 0319 78       		.byte	120
 823 031a CA       		.byte	-54
 824 031b 33       		.byte	51
 825 031c CC       		.byte	-52
 826 031d CF       		.byte	-49
 827 031e CE       		.byte	-50
 828 031f 9B       		.byte	-101
 829 0320 D0       		.byte	-48
 830 0321 76       		.byte	118
 831 0322 D2       		.byte	-46
 832 0323 08       		.byte	8
 833 0324 05       		.byte	5
 834 0325 01       		.byte	1
 835 0326 07       		.byte	7
 836 0327 02       		.byte	2
 837 0328 08       		.byte	8
 838 0329 0C       		.byte	12
 839 032a 0E       		.byte	14
 840 032b 02       		.byte	2
 841 032c 10       		.byte	16
 842 032d 02       		.byte	2
 843 032e 14       		.byte	20
 844 032f 04       		.byte	4
 845 0330 16       		.byte	22
 846 0331 08       		.byte	8
 847 0332 1E       		.byte	30
 848 0333 0C       		.byte	12
 849 0334 21       		.byte	33
 850 0335 01       		.byte	1
 851 0336 23       		.byte	35
 852 0337 04       		.byte	4
 853 0338 25       		.byte	37
 854 0339 02       		.byte	2
 855 033a 2A       		.byte	42
ARM GAS  C:\Users\Joon\AppData\Local\Temp\ccVSkm7T.s 			page 16


 856 033b 01       		.byte	1
 857 033c 30       		.byte	48
 858 033d 02       		.byte	2
 859 033e 31       		.byte	49
 860 033f 04       		.byte	4
 861 0340 32       		.byte	50
 862 0341 01       		.byte	1
 863 0342 33       		.byte	51
 864 0343 02       		.byte	2
 865 0344 34       		.byte	52
 866 0345 04       		.byte	4
 867 0346 36       		.byte	54
 868 0347 08       		.byte	8
 869 0348 37       		.byte	55
 870 0349 01       		.byte	1
 871 034a 39       		.byte	57
 872 034b 80       		.byte	-128
 873 034c 3E       		.byte	62
 874 034d 51       		.byte	81
 875 034e 3F       		.byte	63
 876 034f 04       		.byte	4
 877 0350 54       		.byte	84
 878 0351 0F       		.byte	15
 879 0352 58       		.byte	88
 880 0353 04       		.byte	4
 881 0354 59       		.byte	89
 882 0355 04       		.byte	4
 883 0356 5B       		.byte	91
 884 0357 04       		.byte	4
 885 0358 5C       		.byte	92
 886 0359 11       		.byte	17
 887 035a 5D       		.byte	93
 888 035b 10       		.byte	16
 889 035c 5F       		.byte	95
 890 035d 05       		.byte	5
 891 035e 82       		.byte	-126
 892 035f 04       		.byte	4
 893 0360 84       		.byte	-124
 894 0361 07       		.byte	7
 895 0362 85       		.byte	-123
 896 0363 73       		.byte	115
 897 0364 88       		.byte	-120
 898 0365 07       		.byte	7
 899 0366 8C       		.byte	-116
 900 0367 04       		.byte	4
 901 0368 8D       		.byte	-115
 902 0369 CF       		.byte	-49
 903 036a 8F       		.byte	-113
 904 036b 30       		.byte	48
 905 036c 91       		.byte	-111
 906 036d 30       		.byte	48
 907 036e 93       		.byte	-109
 908 036f C9       		.byte	-55
 909 0370 96       		.byte	-106
 910 0371 07       		.byte	7
 911 0372 99       		.byte	-103
 912 0373 FD       		.byte	-3
ARM GAS  C:\Users\Joon\AppData\Local\Temp\ccVSkm7T.s 			page 17


 913 0374 9B       		.byte	-101
 914 0375 02       		.byte	2
 915 0376 9C       		.byte	-100
 916 0377 01       		.byte	1
 917 0378 9E       		.byte	-98
 918 0379 02       		.byte	2
 919 037a A1       		.byte	-95
 920 037b 9E       		.byte	-98
 921 037c A3       		.byte	-93
 922 037d 60       		.byte	96
 923 037e A6       		.byte	-90
 924 037f 08       		.byte	8
 925 0380 AB       		.byte	-85
 926 0381 0F       		.byte	15
 927 0382 AC       		.byte	-84
 928 0383 01       		.byte	1
 929 0384 AD       		.byte	-83
 930 0385 94       		.byte	-108
 931 0386 AE       		.byte	-82
 932 0387 02       		.byte	2
 933 0388 AF       		.byte	-81
 934 0389 60       		.byte	96
 935 038a B2       		.byte	-78
 936 038b 0F       		.byte	15
 937 038c B5       		.byte	-75
 938 038d FF       		.byte	-1
 939 038e BF       		.byte	-65
 940 038f 10       		.byte	16
 941 0390 D4       		.byte	-44
 942 0391 0F       		.byte	15
 943 0392 D6       		.byte	-42
 944 0393 04       		.byte	4
 945 0394 D8       		.byte	-40
 946 0395 04       		.byte	4
 947 0396 D9       		.byte	-39
 948 0397 04       		.byte	4
 949 0398 DB       		.byte	-37
 950 0399 04       		.byte	4
 951 039a DC       		.byte	-36
 952 039b 01       		.byte	1
 953 039c DD       		.byte	-35
 954 039d 10       		.byte	16
 955 039e DF       		.byte	-33
 956 039f 01       		.byte	1
 957 03a0 00       		.byte	0
 958 03a1 10       		.byte	16
 959 03a2 02       		.byte	2
 960 03a3 01       		.byte	1
 961 03a4 05       		.byte	5
 962 03a5 10       		.byte	16
 963 03a6 06       		.byte	6
 964 03a7 80       		.byte	-128
 965 03a8 07       		.byte	7
 966 03a9 21       		.byte	33
 967 03aa 09       		.byte	9
 968 03ab 8A       		.byte	-118
 969 03ac 0D       		.byte	13
ARM GAS  C:\Users\Joon\AppData\Local\Temp\ccVSkm7T.s 			page 18


 970 03ad 08       		.byte	8
 971 03ae 0E       		.byte	14
 972 03af 01       		.byte	1
 973 03b0 10       		.byte	16
 974 03b1 08       		.byte	8
 975 03b2 15       		.byte	21
 976 03b3 40       		.byte	64
 977 03b4 17       		.byte	23
 978 03b5 08       		.byte	8
 979 03b6 19       		.byte	25
 980 03b7 A9       		.byte	-87
 981 03b8 1D       		.byte	29
 982 03b9 08       		.byte	8
 983 03ba 1F       		.byte	31
 984 03bb 08       		.byte	8
 985 03bc 21       		.byte	33
 986 03bd 82       		.byte	-126
 987 03be 22       		.byte	34
 988 03bf 04       		.byte	4
 989 03c0 27       		.byte	39
 990 03c1 08       		.byte	8
 991 03c2 29       		.byte	41
 992 03c3 08       		.byte	8
 993 03c4 2A       		.byte	42
 994 03c5 01       		.byte	1
 995 03c6 2D       		.byte	45
 996 03c7 40       		.byte	64
 997 03c8 2E       		.byte	46
 998 03c9 01       		.byte	1
 999 03ca 2F       		.byte	47
 1000 03cb 49       		.byte	73
 1001 03cc 37       		.byte	55
 1002 03cd 21       		.byte	33
 1003 03ce 38       		.byte	56
 1004 03cf 08       		.byte	8
 1005 03d0 3C       		.byte	60
 1006 03d1 88       		.byte	-120
 1007 03d2 3D       		.byte	61
 1008 03d3 04       		.byte	4
 1009 03d4 3E       		.byte	62
 1010 03d5 80       		.byte	-128
 1011 03d6 3F       		.byte	63
 1012 03d7 04       		.byte	4
 1013 03d8 59       		.byte	89
 1014 03d9 01       		.byte	1
 1015 03da 5A       		.byte	90
 1016 03db A8       		.byte	-88
 1017 03dc 5D       		.byte	93
 1018 03dd A0       		.byte	-96
 1019 03de 5F       		.byte	95
 1020 03df 05       		.byte	5
 1021 03e0 61       		.byte	97
 1022 03e1 04       		.byte	4
 1023 03e2 62       		.byte	98
 1024 03e3 20       		.byte	32
 1025 03e4 67       		.byte	103
 1026 03e5 40       		.byte	64
ARM GAS  C:\Users\Joon\AppData\Local\Temp\ccVSkm7T.s 			page 19


 1027 03e6 79       		.byte	121
 1028 03e7 04       		.byte	4
 1029 03e8 87       		.byte	-121
 1030 03e9 40       		.byte	64
 1031 03ea 8F       		.byte	-113
 1032 03eb 21       		.byte	33
 1033 03ec 90       		.byte	-112
 1034 03ed 18       		.byte	24
 1035 03ee 92       		.byte	-110
 1036 03ef A0       		.byte	-96
 1037 03f0 93       		.byte	-109
 1038 03f1 82       		.byte	-126
 1039 03f2 99       		.byte	-103
 1040 03f3 14       		.byte	20
 1041 03f4 9A       		.byte	-102
 1042 03f5 01       		.byte	1
 1043 03f6 9B       		.byte	-101
 1044 03f7 21       		.byte	33
 1045 03f8 A0       		.byte	-96
 1046 03f9 4C       		.byte	76
 1047 03fa A2       		.byte	-94
 1048 03fb 20       		.byte	32
 1049 03fc A5       		.byte	-91
 1050 03fd 08       		.byte	8
 1051 03fe B1       		.byte	-79
 1052 03ff 80       		.byte	-128
 1053 0400 B4       		.byte	-76
 1054 0401 20       		.byte	32
 1055 0402 C0       		.byte	-64
 1056 0403 F3       		.byte	-13
 1057 0404 C2       		.byte	-62
 1058 0405 AD       		.byte	-83
 1059 0406 C4       		.byte	-60
 1060 0407 A2       		.byte	-94
 1061 0408 CA       		.byte	-54
 1062 0409 B3       		.byte	-77
 1063 040a CC       		.byte	-52
 1064 040b A0       		.byte	-96
 1065 040c CE       		.byte	-50
 1066 040d 52       		.byte	82
 1067 040e D6       		.byte	-42
 1068 040f FF       		.byte	-1
 1069 0410 D8       		.byte	-40
 1070 0411 86       		.byte	-122
 1071 0412 DE       		.byte	-34
 1072 0413 02       		.byte	2
 1073 0414 32       		.byte	50
 1074 0415 20       		.byte	32
 1075 0416 CC       		.byte	-52
 1076 0417 10       		.byte	16
 1077 0418 5F       		.byte	95
 1078 0419 02       		.byte	2
 1079 041a A6       		.byte	-90
 1080 041b 20       		.byte	32
 1081 041c D6       		.byte	-42
 1082 041d 80       		.byte	-128
 1083 041e 9F       		.byte	-97
ARM GAS  C:\Users\Joon\AppData\Local\Temp\ccVSkm7T.s 			page 20


 1084 041f 02       		.byte	2
 1085 0420 A6       		.byte	-90
 1086 0421 20       		.byte	32
 1087 0422 9F       		.byte	-97
 1088 0423 02       		.byte	2
 1089 0424 A6       		.byte	-90
 1090 0425 20       		.byte	32
 1091 0426 8F       		.byte	-113
 1092 0427 40       		.byte	64
 1093 0428 E0       		.byte	-32
 1094 0429 08       		.byte	8
 1095 042a A6       		.byte	-90
 1096 042b 20       		.byte	32
 1097 042c AB       		.byte	-85
 1098 042d 02       		.byte	2
 1099 042e EE       		.byte	-18
 1100 042f 80       		.byte	-128
 1101 0430 86       		.byte	-122
 1102 0431 20       		.byte	32
 1103 0432 A6       		.byte	-90
 1104 0433 20       		.byte	32
 1105 0434 E6       		.byte	-26
 1106 0435 40       		.byte	64
 1107 0436 0B       		.byte	11
 1108 0437 02       		.byte	2
 1109 0438 0C       		.byte	12
 1110 0439 04       		.byte	4
 1111 043a 5B       		.byte	91
 1112 043b 40       		.byte	64
 1113 043c 9B       		.byte	-101
 1114 043d 40       		.byte	64
 1115 043e C2       		.byte	-62
 1116 043f 06       		.byte	6
 1117 0440 D4       		.byte	-44
 1118 0441 01       		.byte	1
 1119 0442 B0       		.byte	-80
 1120 0443 04       		.byte	4
 1121 0444 B7       		.byte	-73
 1122 0445 01       		.byte	1
 1123 0446 EA       		.byte	-22
 1124 0447 02       		.byte	2
 1125 0448 EE       		.byte	-18
 1126 0449 01       		.byte	1
 1127 044a 00       		.byte	0
 1128 044b 03       		.byte	3
 1129 044c 0A       		.byte	10
 1130 044d 01       		.byte	1
 1131 044e 0C       		.byte	12
 1132 044f 02       		.byte	2
 1133 0450 10       		.byte	16
 1134 0451 02       		.byte	2
 1135 0452 1C       		.byte	28
 1136 0453 02       		.byte	2
 1137 0454 00       		.byte	0
 1138 0455 03       		.byte	3
 1139 0456 00       		.byte	0
 1140 0457 00       		.byte	0
ARM GAS  C:\Users\Joon\AppData\Local\Temp\ccVSkm7T.s 			page 21


 1141 0458 00       		.byte	0
 1142 0459 80       		.byte	-128
 1143 045a 80       		.byte	-128
 1144 045b 00       		.byte	0
 1145 045c 80       		.byte	-128
 1146 045d 00       		.byte	0
 1147 045e 00       		.byte	0
 1148 045f 00       		.byte	0
 1149 0460 60       		.byte	96
 1150 0461 0F       		.byte	15
 1151 0462 0F       		.byte	15
 1152 0463 00       		.byte	0
 1153 0464 04       		.byte	4
 1154 0465 00       		.byte	0
 1155 0466 00       		.byte	0
 1156 0467 00       		.byte	0
 1157 0468 00       		.byte	0
 1158 0469 7F       		.byte	127
 1159 046a 7F       		.byte	127
 1160 046b 00       		.byte	0
 1161 046c 00       		.byte	0
 1162 046d 00       		.byte	0
 1163 046e 00       		.byte	0
 1164 046f 00       		.byte	0
 1165              		.section	.cywolatch,"a",%progbits
 1166              		.align	2
 1167              		.type	cy_meta_wonvl, %object
 1168              		.size	cy_meta_wonvl, 4
 1169              	cy_meta_wonvl:
 1170 0000 BC       		.byte	-68
 1171 0001 90       		.byte	-112
 1172 0002 AC       		.byte	-84
 1173 0003 AF       		.byte	-81
 1174              		.section	.cycustnvl,"a",%progbits
 1175              		.align	2
 1176              		.type	cy_meta_custnvl, %object
 1177              		.size	cy_meta_custnvl, 4
 1178              	cy_meta_custnvl:
 1179 0000 00       		.byte	0
 1180 0001 00       		.byte	0
 1181 0002 40       		.byte	64
 1182 0003 05       		.byte	5
 1183              		.section	.cymeta,"a",%progbits
 1184              		.align	2
 1185              		.type	cy_metadata, %object
 1186              		.size	cy_metadata, 12
 1187              	cy_metadata:
 1188 0000 00       		.byte	0
 1189 0001 01       		.byte	1
 1190 0002 2E       		.byte	46
 1191 0003 16       		.byte	22
 1192 0004 10       		.byte	16
 1193 0005 69       		.byte	105
 1194 0006 00       		.byte	0
 1195 0007 01       		.byte	1
 1196 0008 00       		.byte	0
 1197 0009 00       		.byte	0
ARM GAS  C:\Users\Joon\AppData\Local\Temp\ccVSkm7T.s 			page 22


 1198 000a 00       		.byte	0
 1199 000b 00       		.byte	0
 1200              		.section	.cyflashprotect,"a",%progbits
 1201              		.align	2
 1202              		.type	cy_meta_flashprotect, %object
 1203              		.size	cy_meta_flashprotect, 256
 1204              	cy_meta_flashprotect:
 1205 0000 00000000 		.space	256
 1205      00000000 
 1205      00000000 
 1205      00000000 
 1205      00000000 
 1206              		.text
 1207              	.Letext0:
 1208              		.file 1 "c:\\program files (x86)\\cypress\\psoc creator\\4.4\\psoc creator\\import\\gnu\\arm\\5.4.
 1209              		.file 2 "c:\\program files (x86)\\cypress\\psoc creator\\4.4\\psoc creator\\import\\gnu\\arm\\5.4.
 1210              		.file 3 "Generated_Source\\PSoC5\\cymetadata.c"
 1211              		.section	.debug_info,"",%progbits
 1212              	.Ldebug_info0:
 1213 0000 32010000 		.4byte	0x132
 1214 0004 0400     		.2byte	0x4
 1215 0006 00000000 		.4byte	.Ldebug_abbrev0
 1216 000a 04       		.byte	0x4
 1217 000b 01       		.uleb128 0x1
 1218 000c 66000000 		.4byte	.LASF17
 1219 0010 0C       		.byte	0xc
 1220 0011 C0010000 		.4byte	.LASF18
 1221 0015 0A000000 		.4byte	.LASF19
 1222 0019 00000000 		.4byte	.Ldebug_line0
 1223 001d 02       		.uleb128 0x2
 1224 001e 01       		.byte	0x1
 1225 001f 06       		.byte	0x6
 1226 0020 B4010000 		.4byte	.LASF0
 1227 0024 03       		.uleb128 0x3
 1228 0025 00000000 		.4byte	.LASF9
 1229 0029 01       		.byte	0x1
 1230 002a 1D       		.byte	0x1d
 1231 002b 2F000000 		.4byte	0x2f
 1232 002f 02       		.uleb128 0x2
 1233 0030 01       		.byte	0x1
 1234 0031 08       		.byte	0x8
 1235 0032 58000000 		.4byte	.LASF1
 1236 0036 02       		.uleb128 0x2
 1237 0037 02       		.byte	0x2
 1238 0038 05       		.byte	0x5
 1239 0039 A1010000 		.4byte	.LASF2
 1240 003d 02       		.uleb128 0x2
 1241 003e 02       		.byte	0x2
 1242 003f 07       		.byte	0x7
 1243 0040 06010000 		.4byte	.LASF3
 1244 0044 02       		.uleb128 0x2
 1245 0045 04       		.byte	0x4
 1246 0046 05       		.byte	0x5
 1247 0047 AB010000 		.4byte	.LASF4
 1248 004b 02       		.uleb128 0x2
 1249 004c 04       		.byte	0x4
 1250 004d 07       		.byte	0x7
ARM GAS  C:\Users\Joon\AppData\Local\Temp\ccVSkm7T.s 			page 23


 1251 004e F4000000 		.4byte	.LASF5
 1252 0052 02       		.uleb128 0x2
 1253 0053 08       		.byte	0x8
 1254 0054 05       		.byte	0x5
 1255 0055 93010000 		.4byte	.LASF6
 1256 0059 02       		.uleb128 0x2
 1257 005a 08       		.byte	0x8
 1258 005b 07       		.byte	0x7
 1259 005c 48010000 		.4byte	.LASF7
 1260 0060 04       		.uleb128 0x4
 1261 0061 04       		.byte	0x4
 1262 0062 05       		.byte	0x5
 1263 0063 696E7400 		.ascii	"int\000"
 1264 0067 02       		.uleb128 0x2
 1265 0068 04       		.byte	0x4
 1266 0069 07       		.byte	0x7
 1267 006a 3B010000 		.4byte	.LASF8
 1268 006e 03       		.uleb128 0x3
 1269 006f 5F010000 		.4byte	.LASF10
 1270 0073 02       		.byte	0x2
 1271 0074 18       		.byte	0x18
 1272 0075 24000000 		.4byte	0x24
 1273 0079 05       		.uleb128 0x5
 1274 007a 91000000 		.4byte	0x91
 1275 007e 8A000000 		.4byte	0x8a
 1276 0082 06       		.uleb128 0x6
 1277 0083 8A000000 		.4byte	0x8a
 1278 0087 6F04     		.2byte	0x46f
 1279 0089 00       		.byte	0
 1280 008a 02       		.uleb128 0x2
 1281 008b 04       		.byte	0x4
 1282 008c 07       		.byte	0x7
 1283 008d 8A010000 		.4byte	.LASF11
 1284 0091 07       		.uleb128 0x7
 1285 0092 6E000000 		.4byte	0x6e
 1286 0096 08       		.uleb128 0x8
 1287 0097 29010000 		.4byte	.LASF12
 1288 009b 03       		.byte	0x3
 1289 009c 1F       		.byte	0x1f
 1290 009d A7000000 		.4byte	0xa7
 1291 00a1 05       		.uleb128 0x5
 1292 00a2 03       		.byte	0x3
 1293 00a3 00000000 		.4byte	cy_meta_configecc
 1294 00a7 07       		.uleb128 0x7
 1295 00a8 79000000 		.4byte	0x79
 1296 00ac 05       		.uleb128 0x5
 1297 00ad 91000000 		.4byte	0x91
 1298 00b1 BC000000 		.4byte	0xbc
 1299 00b5 09       		.uleb128 0x9
 1300 00b6 8A000000 		.4byte	0x8a
 1301 00ba 03       		.byte	0x3
 1302 00bb 00       		.byte	0
 1303 00bc 08       		.uleb128 0x8
 1304 00bd 19010000 		.4byte	.LASF13
 1305 00c1 03       		.byte	0x3
 1306 00c2 BA       		.byte	0xba
 1307 00c3 CD000000 		.4byte	0xcd
ARM GAS  C:\Users\Joon\AppData\Local\Temp\ccVSkm7T.s 			page 24


 1308 00c7 05       		.uleb128 0x5
 1309 00c8 03       		.byte	0x3
 1310 00c9 00000000 		.4byte	cy_meta_custnvl
 1311 00cd 07       		.uleb128 0x7
 1312 00ce AC000000 		.4byte	0xac
 1313 00d2 08       		.uleb128 0x8
 1314 00d3 7C010000 		.4byte	.LASF14
 1315 00d7 03       		.byte	0x3
 1316 00d8 C8       		.byte	0xc8
 1317 00d9 E3000000 		.4byte	0xe3
 1318 00dd 05       		.uleb128 0x5
 1319 00de 03       		.byte	0x3
 1320 00df 00000000 		.4byte	cy_meta_wonvl
 1321 00e3 07       		.uleb128 0x7
 1322 00e4 AC000000 		.4byte	0xac
 1323 00e8 05       		.uleb128 0x5
 1324 00e9 91000000 		.4byte	0x91
 1325 00ed F8000000 		.4byte	0xf8
 1326 00f1 09       		.uleb128 0x9
 1327 00f2 8A000000 		.4byte	0x8a
 1328 00f6 FF       		.byte	0xff
 1329 00f7 00       		.byte	0
 1330 00f8 08       		.uleb128 0x8
 1331 00f9 67010000 		.4byte	.LASF15
 1332 00fd 03       		.byte	0x3
 1333 00fe D6       		.byte	0xd6
 1334 00ff 09010000 		.4byte	0x109
 1335 0103 05       		.uleb128 0x5
 1336 0104 03       		.byte	0x3
 1337 0105 00000000 		.4byte	cy_meta_flashprotect
 1338 0109 07       		.uleb128 0x7
 1339 010a E8000000 		.4byte	0xe8
 1340 010e 05       		.uleb128 0x5
 1341 010f 91000000 		.4byte	0x91
 1342 0113 1E010000 		.4byte	0x11e
 1343 0117 09       		.uleb128 0x9
 1344 0118 8A000000 		.4byte	0x8a
 1345 011c 0B       		.byte	0xb
 1346 011d 00       		.byte	0
 1347 011e 0A       		.uleb128 0xa
 1348 011f 4C000000 		.4byte	.LASF16
 1349 0123 03       		.byte	0x3
 1350 0124 0301     		.2byte	0x103
 1351 0126 30010000 		.4byte	0x130
 1352 012a 05       		.uleb128 0x5
 1353 012b 03       		.byte	0x3
 1354 012c 00000000 		.4byte	cy_metadata
 1355 0130 07       		.uleb128 0x7
 1356 0131 0E010000 		.4byte	0x10e
 1357 0135 00       		.byte	0
 1358              		.section	.debug_abbrev,"",%progbits
 1359              	.Ldebug_abbrev0:
 1360 0000 01       		.uleb128 0x1
 1361 0001 11       		.uleb128 0x11
 1362 0002 01       		.byte	0x1
 1363 0003 25       		.uleb128 0x25
 1364 0004 0E       		.uleb128 0xe
ARM GAS  C:\Users\Joon\AppData\Local\Temp\ccVSkm7T.s 			page 25


 1365 0005 13       		.uleb128 0x13
 1366 0006 0B       		.uleb128 0xb
 1367 0007 03       		.uleb128 0x3
 1368 0008 0E       		.uleb128 0xe
 1369 0009 1B       		.uleb128 0x1b
 1370 000a 0E       		.uleb128 0xe
 1371 000b 10       		.uleb128 0x10
 1372 000c 17       		.uleb128 0x17
 1373 000d 00       		.byte	0
 1374 000e 00       		.byte	0
 1375 000f 02       		.uleb128 0x2
 1376 0010 24       		.uleb128 0x24
 1377 0011 00       		.byte	0
 1378 0012 0B       		.uleb128 0xb
 1379 0013 0B       		.uleb128 0xb
 1380 0014 3E       		.uleb128 0x3e
 1381 0015 0B       		.uleb128 0xb
 1382 0016 03       		.uleb128 0x3
 1383 0017 0E       		.uleb128 0xe
 1384 0018 00       		.byte	0
 1385 0019 00       		.byte	0
 1386 001a 03       		.uleb128 0x3
 1387 001b 16       		.uleb128 0x16
 1388 001c 00       		.byte	0
 1389 001d 03       		.uleb128 0x3
 1390 001e 0E       		.uleb128 0xe
 1391 001f 3A       		.uleb128 0x3a
 1392 0020 0B       		.uleb128 0xb
 1393 0021 3B       		.uleb128 0x3b
 1394 0022 0B       		.uleb128 0xb
 1395 0023 49       		.uleb128 0x49
 1396 0024 13       		.uleb128 0x13
 1397 0025 00       		.byte	0
 1398 0026 00       		.byte	0
 1399 0027 04       		.uleb128 0x4
 1400 0028 24       		.uleb128 0x24
 1401 0029 00       		.byte	0
 1402 002a 0B       		.uleb128 0xb
 1403 002b 0B       		.uleb128 0xb
 1404 002c 3E       		.uleb128 0x3e
 1405 002d 0B       		.uleb128 0xb
 1406 002e 03       		.uleb128 0x3
 1407 002f 08       		.uleb128 0x8
 1408 0030 00       		.byte	0
 1409 0031 00       		.byte	0
 1410 0032 05       		.uleb128 0x5
 1411 0033 01       		.uleb128 0x1
 1412 0034 01       		.byte	0x1
 1413 0035 49       		.uleb128 0x49
 1414 0036 13       		.uleb128 0x13
 1415 0037 01       		.uleb128 0x1
 1416 0038 13       		.uleb128 0x13
 1417 0039 00       		.byte	0
 1418 003a 00       		.byte	0
 1419 003b 06       		.uleb128 0x6
 1420 003c 21       		.uleb128 0x21
 1421 003d 00       		.byte	0
ARM GAS  C:\Users\Joon\AppData\Local\Temp\ccVSkm7T.s 			page 26


 1422 003e 49       		.uleb128 0x49
 1423 003f 13       		.uleb128 0x13
 1424 0040 2F       		.uleb128 0x2f
 1425 0041 05       		.uleb128 0x5
 1426 0042 00       		.byte	0
 1427 0043 00       		.byte	0
 1428 0044 07       		.uleb128 0x7
 1429 0045 26       		.uleb128 0x26
 1430 0046 00       		.byte	0
 1431 0047 49       		.uleb128 0x49
 1432 0048 13       		.uleb128 0x13
 1433 0049 00       		.byte	0
 1434 004a 00       		.byte	0
 1435 004b 08       		.uleb128 0x8
 1436 004c 34       		.uleb128 0x34
 1437 004d 00       		.byte	0
 1438 004e 03       		.uleb128 0x3
 1439 004f 0E       		.uleb128 0xe
 1440 0050 3A       		.uleb128 0x3a
 1441 0051 0B       		.uleb128 0xb
 1442 0052 3B       		.uleb128 0x3b
 1443 0053 0B       		.uleb128 0xb
 1444 0054 49       		.uleb128 0x49
 1445 0055 13       		.uleb128 0x13
 1446 0056 3F       		.uleb128 0x3f
 1447 0057 19       		.uleb128 0x19
 1448 0058 02       		.uleb128 0x2
 1449 0059 18       		.uleb128 0x18
 1450 005a 00       		.byte	0
 1451 005b 00       		.byte	0
 1452 005c 09       		.uleb128 0x9
 1453 005d 21       		.uleb128 0x21
 1454 005e 00       		.byte	0
 1455 005f 49       		.uleb128 0x49
 1456 0060 13       		.uleb128 0x13
 1457 0061 2F       		.uleb128 0x2f
 1458 0062 0B       		.uleb128 0xb
 1459 0063 00       		.byte	0
 1460 0064 00       		.byte	0
 1461 0065 0A       		.uleb128 0xa
 1462 0066 34       		.uleb128 0x34
 1463 0067 00       		.byte	0
 1464 0068 03       		.uleb128 0x3
 1465 0069 0E       		.uleb128 0xe
 1466 006a 3A       		.uleb128 0x3a
 1467 006b 0B       		.uleb128 0xb
 1468 006c 3B       		.uleb128 0x3b
 1469 006d 05       		.uleb128 0x5
 1470 006e 49       		.uleb128 0x49
 1471 006f 13       		.uleb128 0x13
 1472 0070 3F       		.uleb128 0x3f
 1473 0071 19       		.uleb128 0x19
 1474 0072 02       		.uleb128 0x2
 1475 0073 18       		.uleb128 0x18
 1476 0074 00       		.byte	0
 1477 0075 00       		.byte	0
 1478 0076 00       		.byte	0
ARM GAS  C:\Users\Joon\AppData\Local\Temp\ccVSkm7T.s 			page 27


 1479              		.section	.debug_aranges,"",%progbits
 1480 0000 14000000 		.4byte	0x14
 1481 0004 0200     		.2byte	0x2
 1482 0006 00000000 		.4byte	.Ldebug_info0
 1483 000a 04       		.byte	0x4
 1484 000b 00       		.byte	0
 1485 000c 0000     		.2byte	0
 1486 000e 0000     		.2byte	0
 1487 0010 00000000 		.4byte	0
 1488 0014 00000000 		.4byte	0
 1489              		.section	.debug_line,"",%progbits
 1490              	.Ldebug_line0:
 1491 0000 3D010000 		.section	.debug_str,"MS",%progbits,1
 1491      02003701 
 1491      00000201 
 1491      FB0E0D00 
 1491      01010101 
 1492              	.LASF9:
 1493 0000 5F5F7569 		.ascii	"__uint8_t\000"
 1493      6E74385F 
 1493      7400
 1494              	.LASF19:
 1495 000a 433A5C72 		.ascii	"C:\\robogrok\\robogrok_psoc_creator\\robotics_1\\mo"
 1495      6F626F67 
 1495      726F6B5C 
 1495      726F626F 
 1495      67726F6B 
 1496 0039 74696F6E 		.ascii	"tion_control.cydsn\000"
 1496      5F636F6E 
 1496      74726F6C 
 1496      2E637964 
 1496      736E00
 1497              	.LASF16:
 1498 004c 63795F6D 		.ascii	"cy_metadata\000"
 1498      65746164 
 1498      61746100 
 1499              	.LASF1:
 1500 0058 756E7369 		.ascii	"unsigned char\000"
 1500      676E6564 
 1500      20636861 
 1500      7200
 1501              	.LASF17:
 1502 0066 474E5520 		.ascii	"GNU C11 5.4.1 20160609 (release) [ARM/embedded-5-br"
 1502      43313120 
 1502      352E342E 
 1502      31203230 
 1502      31363036 
 1503 0099 616E6368 		.ascii	"anch revision 237715] -mcpu=cortex-m3 -mthumb -g -O"
 1503      20726576 
 1503      6973696F 
 1503      6E203233 
 1503      37373135 
 1504 00cc 67202D66 		.ascii	"g -ffunction-sections -ffat-lto-objects\000"
 1504      66756E63 
 1504      74696F6E 
 1504      2D736563 
 1504      74696F6E 
ARM GAS  C:\Users\Joon\AppData\Local\Temp\ccVSkm7T.s 			page 28


 1505              	.LASF5:
 1506 00f4 6C6F6E67 		.ascii	"long unsigned int\000"
 1506      20756E73 
 1506      69676E65 
 1506      6420696E 
 1506      7400
 1507              	.LASF3:
 1508 0106 73686F72 		.ascii	"short unsigned int\000"
 1508      7420756E 
 1508      7369676E 
 1508      65642069 
 1508      6E7400
 1509              	.LASF13:
 1510 0119 63795F6D 		.ascii	"cy_meta_custnvl\000"
 1510      6574615F 
 1510      63757374 
 1510      6E766C00 
 1511              	.LASF12:
 1512 0129 63795F6D 		.ascii	"cy_meta_configecc\000"
 1512      6574615F 
 1512      636F6E66 
 1512      69676563 
 1512      6300
 1513              	.LASF8:
 1514 013b 756E7369 		.ascii	"unsigned int\000"
 1514      676E6564 
 1514      20696E74 
 1514      00
 1515              	.LASF7:
 1516 0148 6C6F6E67 		.ascii	"long long unsigned int\000"
 1516      206C6F6E 
 1516      6720756E 
 1516      7369676E 
 1516      65642069 
 1517              	.LASF10:
 1518 015f 75696E74 		.ascii	"uint8_t\000"
 1518      385F7400 
 1519              	.LASF15:
 1520 0167 63795F6D 		.ascii	"cy_meta_flashprotect\000"
 1520      6574615F 
 1520      666C6173 
 1520      6870726F 
 1520      74656374 
 1521              	.LASF14:
 1522 017c 63795F6D 		.ascii	"cy_meta_wonvl\000"
 1522      6574615F 
 1522      776F6E76 
 1522      6C00
 1523              	.LASF11:
 1524 018a 73697A65 		.ascii	"sizetype\000"
 1524      74797065 
 1524      00
 1525              	.LASF6:
 1526 0193 6C6F6E67 		.ascii	"long long int\000"
 1526      206C6F6E 
 1526      6720696E 
 1526      7400
ARM GAS  C:\Users\Joon\AppData\Local\Temp\ccVSkm7T.s 			page 29


 1527              	.LASF2:
 1528 01a1 73686F72 		.ascii	"short int\000"
 1528      7420696E 
 1528      7400
 1529              	.LASF4:
 1530 01ab 6C6F6E67 		.ascii	"long int\000"
 1530      20696E74 
 1530      00
 1531              	.LASF0:
 1532 01b4 7369676E 		.ascii	"signed char\000"
 1532      65642063 
 1532      68617200 
 1533              	.LASF18:
 1534 01c0 47656E65 		.ascii	"Generated_Source\\PSoC5\\cymetadata.c\000"
 1534      72617465 
 1534      645F536F 
 1534      75726365 
 1534      5C50536F 
 1535              		.ident	"GCC: (GNU Tools for ARM Embedded Processors) 5.4.1 20160609 (release) [ARM/embedded-5-bran
